2025-12-25 10:06:38,481 - __main__ - INFO - ==================================================
2025-12-25 10:06:38,481 - __main__ - INFO - Starting Telegram Attendance Bot...
2025-12-25 10:06:38,481 - __main__ - INFO - Database: sqlite:///./attendance.db
2025-12-25 10:06:38,481 - __main__ - INFO - Timezone: Asia/Ho_Chi_Minh
2025-12-25 10:06:38,481 - __main__ - INFO - Work start: 17:45
2025-12-25 10:06:38,481 - __main__ - INFO - Late threshold: 1440 minutes
2025-12-25 10:06:38,481 - __main__ - INFO - Geofence radius: 50.0m
2025-12-25 10:06:38,481 - __main__ - INFO - Super admins: [5934905697]
2025-12-25 10:06:38,481 - __main__ - INFO - ==================================================
2025-12-25 10:06:38,481 - __main__ - INFO - Creating bot application...
2025-12-25 10:06:38,626 - __main__ - INFO - Bot is running. Press Ctrl+C to stop.
2025-12-25 10:06:39,833 - telegram.ext.Application - INFO - Application started
2025-12-25 10:07:03,835 - src.bot.middlewares - INFO - Action 'today_report' started by user 5934905697 (Nguyen Quang Khai)
2025-12-25 10:07:04,256 - src.bot.middlewares - INFO - Action 'today_report' completed successfully for user 5934905697
ai)
2025-12-25 10:07:04,256 - src.bot.middlewares - INFO - Action 'today_report' completed successfully for user 5934905697
2025-12-25 13:26:41,489 - __main__ - INFO - ==================================================
2025-12-25 13:26:41,489 - __main__ - INFO - ==================================================
2025-12-25 13:26:41,490 - __main__ - INFO - Starting Telegram Attendance Bot...
2025-12-25 13:26:41,490 - __main__ - INFO - Starting Telegram Attendance Bot...
2025-12-25 13:26:41,490 - __main__ - INFO - Database: sqlite:///./attendance.db
2025-12-25 13:26:41,490 - __main__ - INFO - Database: sqlite:///./attendance.db
2025-12-25 13:26:41,490 - __main__ - INFO - Timezone: Asia/Ho_Chi_Minh
2025-12-25 13:26:41,490 - __main__ - INFO - Timezone: Asia/Ho_Chi_Minh
2025-12-25 13:26:41,490 - __main__ - INFO - Work start: 17:45
2025-12-25 13:26:41,490 - __main__ - INFO - Work start: 17:45
2025-12-25 13:26:41,490 - __main__ - INFO - Late threshold: 1440 minutes
2025-12-25 13:26:41,490 - __main__ - INFO - Late threshold: 1440 minutes
2025-12-25 13:26:41,490 - __main__ - INFO - Geofence radius: 50.0m
2025-12-25 13:26:41,490 - __main__ - INFO - Geofence radius: 50.0m
2025-12-25 13:26:41,490 - __main__ - INFO - Super admins: [5934905697]
2025-12-25 13:26:41,490 - __main__ - INFO - Super admins: [5934905697]
2025-12-25 13:26:41,490 - __main__ - INFO - ==================================================
2025-12-25 13:26:41,490 - __main__ - INFO - ==================================================
2025-12-25 13:26:41,490 - __main__ - INFO - Creating bot application...
2025-12-25 13:26:41,490 - __main__ - INFO - Creating bot application...
2025-12-25 13:26:41,859 - __main__ - INFO - Bot is running. Press Ctrl+C to stop.
2025-12-25 13:26:41,859 - __main__ - INFO - Bot is running. Press Ctrl+C to stop.
2025-12-25 13:26:42,737 - telegram.ext.Application - INFO - Application started
2025-12-25 13:26:42,737 - telegram.ext.Application - INFO - Application started
2025-12-25 13:28:10,810 - src.bot.handlers.error - ERROR - Exception while handling an update:
Traceback (most recent call last):
  File "/root/Bot-checkin-Telegram/venv/lib/python3.12/site-packages/sqlalchemy/engine/base.py", line 1967, in _exec_single_context
    self.dialect.do_execute(
  File "/root/Bot-checkin-Telegram/venv/lib/python3.12/site-packages/sqlalchemy/engine/default.py", line 952, in do_execute
    cursor.execute(statement, parameters)
sqlite3.OperationalError: no such column: meetings.latitude

The above exception was the direct cause of the following exception:

Traceback (most recent call last):
  File "/root/Bot-checkin-Telegram/venv/lib/python3.12/site-packages/telegram/ext/_application.py", line 1315, in process_update
    await coroutine
  File "/root/Bot-checkin-Telegram/venv/lib/python3.12/site-packages/telegram/ext/_handlers/conversationhandler.py", line 843, in handle_update
    new_state: object = await handler.handle_update(
                        ^^^^^^^^^^^^^^^^^^^^^^^^^^^^
  File "/root/Bot-checkin-Telegram/venv/lib/python3.12/site-packages/telegram/ext/_handlers/basehandler.py", line 159, in handle_update
    return await self.callback(update, context)
           ^^^^^^^^^^^^^^^^^^^^^^^^^^^^^^^^^^^^
  File "/root/Bot-checkin-Telegram/src/bot/handlers/checkin.py", line 84, in checkin_start
    meeting = MeetingService.get_active_meeting()
              ^^^^^^^^^^^^^^^^^^^^^^^^^^^^^^^^^^^
  File "/root/Bot-checkin-Telegram/src/services/meeting_service.py", line 186, in get_active_meeting
    ).order_by(Meeting.meeting_time.asc()).first()
                                           ^^^^^^^
  File "/root/Bot-checkin-Telegram/venv/lib/python3.12/site-packages/sqlalchemy/orm/query.py", line 2759, in first
    return self.limit(1)._iter().first()  # type: ignore
           ^^^^^^^^^^^^^^^^^^^^^
  File "/root/Bot-checkin-Telegram/venv/lib/python3.12/site-packages/sqlalchemy/orm/query.py", line 2857, in _iter
    result: Union[ScalarResult[_T], Result[_T]] = self.session.execute(
                                                  ^^^^^^^^^^^^^^^^^^^^^
  File "/root/Bot-checkin-Telegram/venv/lib/python3.12/site-packages/sqlalchemy/orm/session.py", line 2351, in execute
    return self._execute_internal(
           ^^^^^^^^^^^^^^^^^^^^^^^
  File "/root/Bot-checkin-Telegram/venv/lib/python3.12/site-packages/sqlalchemy/orm/session.py", line 2249, in _execute_internal
    result: Result[Any] = compile_state_cls.orm_execute_statement(
                          ^^^^^^^^^^^^^^^^^^^^^^^^^^^^^^^^^^^^^^^^
  File "/root/Bot-checkin-Telegram/venv/lib/python3.12/site-packages/sqlalchemy/orm/context.py", line 306, in orm_execute_statement
    result = conn.execute(
             ^^^^^^^^^^^^^
  File "/root/Bot-checkin-Telegram/venv/lib/python3.12/site-packages/sqlalchemy/engine/base.py", line 1419, in execute
    return meth(
           ^^^^^
  File "/root/Bot-checkin-Telegram/venv/lib/python3.12/site-packages/sqlalchemy/sql/elements.py", line 527, in _execute_on_connection
    return connection._execute_clauseelement(
           ^^^^^^^^^^^^^^^^^^^^^^^^^^^^^^^^^^
  File "/root/Bot-checkin-Telegram/venv/lib/python3.12/site-packages/sqlalchemy/engine/base.py", line 1641, in _execute_clauseelement
    ret = self._execute_context(
          ^^^^^^^^^^^^^^^^^^^^^^
  File "/root/Bot-checkin-Telegram/venv/lib/python3.12/site-packages/sqlalchemy/engine/base.py", line 1846, in _execute_context
    return self._exec_single_context(
           ^^^^^^^^^^^^^^^^^^^^^^^^^^
  File "/root/Bot-checkin-Telegram/venv/lib/python3.12/site-packages/sqlalchemy/engine/base.py", line 1986, in _exec_single_context
    self._handle_dbapi_exception(
  File "/root/Bot-checkin-Telegram/venv/lib/python3.12/site-packages/sqlalchemy/engine/base.py", line 2363, in _handle_dbapi_exception
    raise sqlalchemy_exception.with_traceback(exc_info[2]) from e
  File "/root/Bot-checkin-Telegram/venv/lib/python3.12/site-packages/sqlalchemy/engine/base.py", line 1967, in _exec_single_context
    self.dialect.do_execute(
  File "/root/Bot-checkin-Telegram/venv/lib/python3.12/site-packages/sqlalchemy/engine/default.py", line 952, in do_execute
    cursor.execute(statement, parameters)
sqlalchemy.exc.OperationalError: (sqlite3.OperationalError) no such column: meetings.latitude
[SQL: SELECT meetings.id AS meetings_id, meetings.title AS meetings_title, meetings.location AS meetings_location, meetings.latitude AS meetings_latitude, meetings.longitude AS meetings_longitude, meetings.radius AS meetings_radius, meetings.location_id AS meetings_location_id, meetings.meeting_type AS meetings_meeting_type, meetings.points AS meetings_points, meetings.meeting_time AS meetings_meeting_time, meetings.is_active AS meetings_is_active, meetings.created_at AS meetings_created_at, meetings.created_by AS meetings_created_by, meetings.notified AS meetings_notified 
FROM meetings 
WHERE meetings.is_active = 1 AND meetings.meeting_time >= ? AND meetings.meeting_time <= ? ORDER BY meetings.meeting_time ASC
 LIMIT ? OFFSET ?]
[parameters: ('2025-12-25 00:00:00.000000', '2025-12-25 23:59:59.999999', 1, 0)]
(Background on this error at: https://sqlalche.me/e/20/e3q8)
2025-12-25 13:28:10,810 - src.bot.handlers.error - ERROR - Exception while handling an update:
Traceback (most recent call last):
  File "/root/Bot-checkin-Telegram/venv/lib/python3.12/site-packages/sqlalchemy/engine/base.py", line 1967, in _exec_single_context
    self.dialect.do_execute(
  File "/root/Bot-checkin-Telegram/venv/lib/python3.12/site-packages/sqlalchemy/engine/default.py", line 952, in do_execute
    cursor.execute(statement, parameters)
sqlite3.OperationalError: no such column: meetings.latitude

The above exception was the direct cause of the following exception:

Traceback (most recent call last):
  File "/root/Bot-checkin-Telegram/venv/lib/python3.12/site-packages/telegram/ext/_application.py", line 1315, in process_update
    await coroutine
  File "/root/Bot-checkin-Telegram/venv/lib/python3.12/site-packages/telegram/ext/_handlers/conversationhandler.py", line 843, in handle_update
    new_state: object = await handler.handle_update(
                        ^^^^^^^^^^^^^^^^^^^^^^^^^^^^
  File "/root/Bot-checkin-Telegram/venv/lib/python3.12/site-packages/telegram/ext/_handlers/basehandler.py", line 159, in handle_update
    return await self.callback(update, context)
           ^^^^^^^^^^^^^^^^^^^^^^^^^^^^^^^^^^^^
  File "/root/Bot-checkin-Telegram/src/bot/handlers/checkin.py", line 84, in checkin_start
    meeting = MeetingService.get_active_meeting()
              ^^^^^^^^^^^^^^^^^^^^^^^^^^^^^^^^^^^
  File "/root/Bot-checkin-Telegram/src/services/meeting_service.py", line 186, in get_active_meeting
    ).order_by(Meeting.meeting_time.asc()).first()
                                           ^^^^^^^
  File "/root/Bot-checkin-Telegram/venv/lib/python3.12/site-packages/sqlalchemy/orm/query.py", line 2759, in first
    return self.limit(1)._iter().first()  # type: ignore
           ^^^^^^^^^^^^^^^^^^^^^
  File "/root/Bot-checkin-Telegram/venv/lib/python3.12/site-packages/sqlalchemy/orm/query.py", line 2857, in _iter
    result: Union[ScalarResult[_T], Result[_T]] = self.session.execute(
                                                  ^^^^^^^^^^^^^^^^^^^^^
  File "/root/Bot-checkin-Telegram/venv/lib/python3.12/site-packages/sqlalchemy/orm/session.py", line 2351, in execute
    return self._execute_internal(
           ^^^^^^^^^^^^^^^^^^^^^^^
  File "/root/Bot-checkin-Telegram/venv/lib/python3.12/site-packages/sqlalchemy/orm/session.py", line 2249, in _execute_internal
    result: Result[Any] = compile_state_cls.orm_execute_statement(
                          ^^^^^^^^^^^^^^^^^^^^^^^^^^^^^^^^^^^^^^^^
  File "/root/Bot-checkin-Telegram/venv/lib/python3.12/site-packages/sqlalchemy/orm/context.py", line 306, in orm_execute_statement
    result = conn.execute(
             ^^^^^^^^^^^^^
  File "/root/Bot-checkin-Telegram/venv/lib/python3.12/site-packages/sqlalchemy/engine/base.py", line 1419, in execute
    return meth(
           ^^^^^
  File "/root/Bot-checkin-Telegram/venv/lib/python3.12/site-packages/sqlalchemy/sql/elements.py", line 527, in _execute_on_connection
    return connection._execute_clauseelement(
           ^^^^^^^^^^^^^^^^^^^^^^^^^^^^^^^^^^
  File "/root/Bot-checkin-Telegram/venv/lib/python3.12/site-packages/sqlalchemy/engine/base.py", line 1641, in _execute_clauseelement
    ret = self._execute_context(
          ^^^^^^^^^^^^^^^^^^^^^^
  File "/root/Bot-checkin-Telegram/venv/lib/python3.12/site-packages/sqlalchemy/engine/base.py", line 1846, in _execute_context
    return self._exec_single_context(
           ^^^^^^^^^^^^^^^^^^^^^^^^^^
  File "/root/Bot-checkin-Telegram/venv/lib/python3.12/site-packages/sqlalchemy/engine/base.py", line 1986, in _exec_single_context
    self._handle_dbapi_exception(
  File "/root/Bot-checkin-Telegram/venv/lib/python3.12/site-packages/sqlalchemy/engine/base.py", line 2363, in _handle_dbapi_exception
    raise sqlalchemy_exception.with_traceback(exc_info[2]) from e
  File "/root/Bot-checkin-Telegram/venv/lib/python3.12/site-packages/sqlalchemy/engine/base.py", line 1967, in _exec_single_context
    self.dialect.do_execute(
  File "/root/Bot-checkin-Telegram/venv/lib/python3.12/site-packages/sqlalchemy/engine/default.py", line 952, in do_execute
    cursor.execute(statement, parameters)
sqlalchemy.exc.OperationalError: (sqlite3.OperationalError) no such column: meetings.latitude
[SQL: SELECT meetings.id AS meetings_id, meetings.title AS meetings_title, meetings.location AS meetings_location, meetings.latitude AS meetings_latitude, meetings.longitude AS meetings_longitude, meetings.radius AS meetings_radius, meetings.location_id AS meetings_location_id, meetings.meeting_type AS meetings_meeting_type, meetings.points AS meetings_points, meetings.meeting_time AS meetings_meeting_time, meetings.is_active AS meetings_is_active, meetings.created_at AS meetings_created_at, meetings.created_by AS meetings_created_by, meetings.notified AS meetings_notified 
FROM meetings 
WHERE meetings.is_active = 1 AND meetings.meeting_time >= ? AND meetings.meeting_time <= ? ORDER BY meetings.meeting_time ASC
 LIMIT ? OFFSET ?]
[parameters: ('2025-12-25 00:00:00.000000', '2025-12-25 23:59:59.999999', 1, 0)]
(Background on this error at: https://sqlalche.me/e/20/e3q8)
2025-12-25 13:28:11,400 - src.bot.handlers.error - ERROR - Failed to notify admin 5934905697: Message is too long
2025-12-25 13:28:11,400 - src.bot.handlers.error - ERROR - Failed to notify admin 5934905697: Message is too long
2025-12-25 13:28:36,193 - src.bot.middlewares - INFO - Action 'checkout' started by user 5934905697 (Nguyen Quang Khai)
2025-12-25 13:28:36,193 - src.bot.middlewares - INFO - Action 'checkout' started by user 5934905697 (Nguyen Quang Khai)
2025-12-25 13:28:36,193 - src.bot.middlewares - ERROR - Action 'checkout' failed for user 5934905697: (sqlite3.OperationalError) no such column: meetings.latitude
[SQL: SELECT meetings.id AS meetings_id, meetings.title AS meetings_title, meetings.location AS meetings_location, meetings.latitude AS meetings_latitude, meetings.longitude AS meetings_longitude, meetings.radius AS meetings_radius, meetings.location_id AS meetings_location_id, meetings.meeting_type AS meetings_meeting_type, meetings.points AS meetings_points, meetings.meeting_time AS meetings_meeting_time, meetings.is_active AS meetings_is_active, meetings.created_at AS meetings_created_at, meetings.created_by AS meetings_created_by, meetings.notified AS meetings_notified 
FROM meetings 
WHERE meetings.is_active = 1 AND meetings.meeting_time >= ? AND meetings.meeting_time <= ? ORDER BY meetings.meeting_time ASC
 LIMIT ? OFFSET ?]
[parameters: ('2025-12-25 00:00:00.000000', '2025-12-25 23:59:59.999999', 1, 0)]
(Background on this error at: https://sqlalche.me/e/20/e3q8)
Traceback (most recent call last):
  File "/root/Bot-checkin-Telegram/venv/lib/python3.12/site-packages/sqlalchemy/engine/base.py", line 1967, in _exec_single_context
    self.dialect.do_execute(
  File "/root/Bot-checkin-Telegram/venv/lib/python3.12/site-packages/sqlalchemy/engine/default.py", line 952, in do_execute
    cursor.execute(statement, parameters)
sqlite3.OperationalError: no such column: meetings.latitude

The above exception was the direct cause of the following exception:

Traceback (most recent call last):
  File "/root/Bot-checkin-Telegram/src/bot/middlewares.py", line 236, in wrapper
    result = await handler(update, context, *args, **kwargs)
             ^^^^^^^^^^^^^^^^^^^^^^^^^^^^^^^^^^^^^^^^^^^^^^^
  File "/root/Bot-checkin-Telegram/src/bot/handlers/checkin.py", line 277, in checkout_command
    meeting = MeetingService.get_active_meeting()
              ^^^^^^^^^^^^^^^^^^^^^^^^^^^^^^^^^^^
  File "/root/Bot-checkin-Telegram/src/services/meeting_service.py", line 186, in get_active_meeting
    ).order_by(Meeting.meeting_time.asc()).first()
                                           ^^^^^^^
  File "/root/Bot-checkin-Telegram/venv/lib/python3.12/site-packages/sqlalchemy/orm/query.py", line 2759, in first
    return self.limit(1)._iter().first()  # type: ignore
           ^^^^^^^^^^^^^^^^^^^^^
  File "/root/Bot-checkin-Telegram/venv/lib/python3.12/site-packages/sqlalchemy/orm/query.py", line 2857, in _iter
    result: Union[ScalarResult[_T], Result[_T]] = self.session.execute(
                                                  ^^^^^^^^^^^^^^^^^^^^^
  File "/root/Bot-checkin-Telegram/venv/lib/python3.12/site-packages/sqlalchemy/orm/session.py", line 2351, in execute
    return self._execute_internal(
           ^^^^^^^^^^^^^^^^^^^^^^^
  File "/root/Bot-checkin-Telegram/venv/lib/python3.12/site-packages/sqlalchemy/orm/session.py", line 2249, in _execute_internal
    result: Result[Any] = compile_state_cls.orm_execute_statement(
                          ^^^^^^^^^^^^^^^^^^^^^^^^^^^^^^^^^^^^^^^^
  File "/root/Bot-checkin-Telegram/venv/lib/python3.12/site-packages/sqlalchemy/orm/context.py", line 306, in orm_execute_statement
    result = conn.execute(
             ^^^^^^^^^^^^^
  File "/root/Bot-checkin-Telegram/venv/lib/python3.12/site-packages/sqlalchemy/engine/base.py", line 1419, in execute
    return meth(
           ^^^^^
  File "/root/Bot-checkin-Telegram/venv/lib/python3.12/site-packages/sqlalchemy/sql/elements.py", line 527, in _execute_on_connection
    return connection._execute_clauseelement(
           ^^^^^^^^^^^^^^^^^^^^^^^^^^^^^^^^^^
  File "/root/Bot-checkin-Telegram/venv/lib/python3.12/site-packages/sqlalchemy/engine/base.py", line 1641, in _execute_clauseelement
    ret = self._execute_context(
          ^^^^^^^^^^^^^^^^^^^^^^
  File "/root/Bot-checkin-Telegram/venv/lib/python3.12/site-packages/sqlalchemy/engine/base.py", line 1846, in _execute_context
    return self._exec_single_context(
           ^^^^^^^^^^^^^^^^^^^^^^^^^^
  File "/root/Bot-checkin-Telegram/venv/lib/python3.12/site-packages/sqlalchemy/engine/base.py", line 1986, in _exec_single_context
    self._handle_dbapi_exception(
  File "/root/Bot-checkin-Telegram/venv/lib/python3.12/site-packages/sqlalchemy/engine/base.py", line 2363, in _handle_dbapi_exception
    raise sqlalchemy_exception.with_traceback(exc_info[2]) from e
  File "/root/Bot-checkin-Telegram/venv/lib/python3.12/site-packages/sqlalchemy/engine/base.py", line 1967, in _exec_single_context
    self.dialect.do_execute(
  File "/root/Bot-checkin-Telegram/venv/lib/python3.12/site-packages/sqlalchemy/engine/default.py", line 952, in do_execute
    cursor.execute(statement, parameters)
sqlalchemy.exc.OperationalError: (sqlite3.OperationalError) no such column: meetings.latitude
[SQL: SELECT meetings.id AS meetings_id, meetings.title AS meetings_title, meetings.location AS meetings_location, meetings.latitude AS meetings_latitude, meetings.longitude AS meetings_longitude, meetings.radius AS meetings_radius, meetings.location_id AS meetings_location_id, meetings.meeting_type AS meetings_meeting_type, meetings.points AS meetings_points, meetings.meeting_time AS meetings_meeting_time, meetings.is_active AS meetings_is_active, meetings.created_at AS meetings_created_at, meetings.created_by AS meetings_created_by, meetings.notified AS meetings_notified 
FROM meetings 
WHERE meetings.is_active = 1 AND meetings.meeting_time >= ? AND meetings.meeting_time <= ? ORDER BY meetings.meeting_time ASC
 LIMIT ? OFFSET ?]
[parameters: ('2025-12-25 00:00:00.000000', '2025-12-25 23:59:59.999999', 1, 0)]
(Background on this error at: https://sqlalche.me/e/20/e3q8)
2025-12-25 13:28:36,193 - src.bot.middlewares - ERROR - Action 'checkout' failed for user 5934905697: (sqlite3.OperationalError) no such column: meetings.latitude
[SQL: SELECT meetings.id AS meetings_id, meetings.title AS meetings_title, meetings.location AS meetings_location, meetings.latitude AS meetings_latitude, meetings.longitude AS meetings_longitude, meetings.radius AS meetings_radius, meetings.location_id AS meetings_location_id, meetings.meeting_type AS meetings_meeting_type, meetings.points AS meetings_points, meetings.meeting_time AS meetings_meeting_time, meetings.is_active AS meetings_is_active, meetings.created_at AS meetings_created_at, meetings.created_by AS meetings_created_by, meetings.notified AS meetings_notified 
FROM meetings 
WHERE meetings.is_active = 1 AND meetings.meeting_time >= ? AND meetings.meeting_time <= ? ORDER BY meetings.meeting_time ASC
 LIMIT ? OFFSET ?]
[parameters: ('2025-12-25 00:00:00.000000', '2025-12-25 23:59:59.999999', 1, 0)]
(Background on this error at: https://sqlalche.me/e/20/e3q8)
Traceback (most recent call last):
  File "/root/Bot-checkin-Telegram/venv/lib/python3.12/site-packages/sqlalchemy/engine/base.py", line 1967, in _exec_single_context
    self.dialect.do_execute(
  File "/root/Bot-checkin-Telegram/venv/lib/python3.12/site-packages/sqlalchemy/engine/default.py", line 952, in do_execute
    cursor.execute(statement, parameters)
sqlite3.OperationalError: no such column: meetings.latitude

The above exception was the direct cause of the following exception:

Traceback (most recent call last):
  File "/root/Bot-checkin-Telegram/src/bot/middlewares.py", line 236, in wrapper
    result = await handler(update, context, *args, **kwargs)
             ^^^^^^^^^^^^^^^^^^^^^^^^^^^^^^^^^^^^^^^^^^^^^^^
  File "/root/Bot-checkin-Telegram/src/bot/handlers/checkin.py", line 277, in checkout_command
    meeting = MeetingService.get_active_meeting()
              ^^^^^^^^^^^^^^^^^^^^^^^^^^^^^^^^^^^
  File "/root/Bot-checkin-Telegram/src/services/meeting_service.py", line 186, in get_active_meeting
    ).order_by(Meeting.meeting_time.asc()).first()
                                           ^^^^^^^
  File "/root/Bot-checkin-Telegram/venv/lib/python3.12/site-packages/sqlalchemy/orm/query.py", line 2759, in first
    return self.limit(1)._iter().first()  # type: ignore
           ^^^^^^^^^^^^^^^^^^^^^
  File "/root/Bot-checkin-Telegram/venv/lib/python3.12/site-packages/sqlalchemy/orm/query.py", line 2857, in _iter
    result: Union[ScalarResult[_T], Result[_T]] = self.session.execute(
                                                  ^^^^^^^^^^^^^^^^^^^^^
  File "/root/Bot-checkin-Telegram/venv/lib/python3.12/site-packages/sqlalchemy/orm/session.py", line 2351, in execute
    return self._execute_internal(
           ^^^^^^^^^^^^^^^^^^^^^^^
  File "/root/Bot-checkin-Telegram/venv/lib/python3.12/site-packages/sqlalchemy/orm/session.py", line 2249, in _execute_internal
    result: Result[Any] = compile_state_cls.orm_execute_statement(
                          ^^^^^^^^^^^^^^^^^^^^^^^^^^^^^^^^^^^^^^^^
  File "/root/Bot-checkin-Telegram/venv/lib/python3.12/site-packages/sqlalchemy/orm/context.py", line 306, in orm_execute_statement
    result = conn.execute(
             ^^^^^^^^^^^^^
  File "/root/Bot-checkin-Telegram/venv/lib/python3.12/site-packages/sqlalchemy/engine/base.py", line 1419, in execute
    return meth(
           ^^^^^
  File "/root/Bot-checkin-Telegram/venv/lib/python3.12/site-packages/sqlalchemy/sql/elements.py", line 527, in _execute_on_connection
    return connection._execute_clauseelement(
           ^^^^^^^^^^^^^^^^^^^^^^^^^^^^^^^^^^
  File "/root/Bot-checkin-Telegram/venv/lib/python3.12/site-packages/sqlalchemy/engine/base.py", line 1641, in _execute_clauseelement
    ret = self._execute_context(
          ^^^^^^^^^^^^^^^^^^^^^^
  File "/root/Bot-checkin-Telegram/venv/lib/python3.12/site-packages/sqlalchemy/engine/base.py", line 1846, in _execute_context
    return self._exec_single_context(
           ^^^^^^^^^^^^^^^^^^^^^^^^^^
  File "/root/Bot-checkin-Telegram/venv/lib/python3.12/site-packages/sqlalchemy/engine/base.py", line 1986, in _exec_single_context
    self._handle_dbapi_exception(
  File "/root/Bot-checkin-Telegram/venv/lib/python3.12/site-packages/sqlalchemy/engine/base.py", line 2363, in _handle_dbapi_exception
    raise sqlalchemy_exception.with_traceback(exc_info[2]) from e
  File "/root/Bot-checkin-Telegram/venv/lib/python3.12/site-packages/sqlalchemy/engine/base.py", line 1967, in _exec_single_context
    self.dialect.do_execute(
  File "/root/Bot-checkin-Telegram/venv/lib/python3.12/site-packages/sqlalchemy/engine/default.py", line 952, in do_execute
    cursor.execute(statement, parameters)
sqlalchemy.exc.OperationalError: (sqlite3.OperationalError) no such column: meetings.latitude
[SQL: SELECT meetings.id AS meetings_id, meetings.title AS meetings_title, meetings.location AS meetings_location, meetings.latitude AS meetings_latitude, meetings.longitude AS meetings_longitude, meetings.radius AS meetings_radius, meetings.location_id AS meetings_location_id, meetings.meeting_type AS meetings_meeting_type, meetings.points AS meetings_points, meetings.meeting_time AS meetings_meeting_time, meetings.is_active AS meetings_is_active, meetings.created_at AS meetings_created_at, meetings.created_by AS meetings_created_by, meetings.notified AS meetings_notified 
FROM meetings 
WHERE meetings.is_active = 1 AND meetings.meeting_time >= ? AND meetings.meeting_time <= ? ORDER BY meetings.meeting_time ASC
 LIMIT ? OFFSET ?]
[parameters: ('2025-12-25 00:00:00.000000', '2025-12-25 23:59:59.999999', 1, 0)]
(Background on this error at: https://sqlalche.me/e/20/e3q8)
2025-12-25 13:28:36,195 - src.bot.handlers.error - ERROR - Exception while handling an update:
Traceback (most recent call last):
  File "/root/Bot-checkin-Telegram/venv/lib/python3.12/site-packages/sqlalchemy/engine/base.py", line 1967, in _exec_single_context
    self.dialect.do_execute(
  File "/root/Bot-checkin-Telegram/venv/lib/python3.12/site-packages/sqlalchemy/engine/default.py", line 952, in do_execute
    cursor.execute(statement, parameters)
sqlite3.OperationalError: no such column: meetings.latitude

The above exception was the direct cause of the following exception:

Traceback (most recent call last):
  File "/root/Bot-checkin-Telegram/venv/lib/python3.12/site-packages/telegram/ext/_application.py", line 1315, in process_update
    await coroutine
  File "/root/Bot-checkin-Telegram/venv/lib/python3.12/site-packages/telegram/ext/_handlers/basehandler.py", line 159, in handle_update
    return await self.callback(update, context)
           ^^^^^^^^^^^^^^^^^^^^^^^^^^^^^^^^^^^^
  File "/root/Bot-checkin-Telegram/src/bot/handlers/menu.py", line 45, in text_message_handler
    await handler(update, context)
  File "/root/Bot-checkin-Telegram/src/bot/middlewares.py", line 77, in wrapper
    return await handler(update, context, *args, **kwargs)
           ^^^^^^^^^^^^^^^^^^^^^^^^^^^^^^^^^^^^^^^^^^^^^^^
  File "/root/Bot-checkin-Telegram/src/bot/middlewares.py", line 138, in wrapper
    return await handler(update, context, *args, **kwargs)
           ^^^^^^^^^^^^^^^^^^^^^^^^^^^^^^^^^^^^^^^^^^^^^^^
  File "/root/Bot-checkin-Telegram/src/bot/middlewares.py", line 236, in wrapper
    result = await handler(update, context, *args, **kwargs)
             ^^^^^^^^^^^^^^^^^^^^^^^^^^^^^^^^^^^^^^^^^^^^^^^
  File "/root/Bot-checkin-Telegram/src/bot/handlers/checkin.py", line 277, in checkout_command
    meeting = MeetingService.get_active_meeting()
              ^^^^^^^^^^^^^^^^^^^^^^^^^^^^^^^^^^^
  File "/root/Bot-checkin-Telegram/src/services/meeting_service.py", line 186, in get_active_meeting
    ).order_by(Meeting.meeting_time.asc()).first()
                                           ^^^^^^^
  File "/root/Bot-checkin-Telegram/venv/lib/python3.12/site-packages/sqlalchemy/orm/query.py", line 2759, in first
    return self.limit(1)._iter().first()  # type: ignore
           ^^^^^^^^^^^^^^^^^^^^^
  File "/root/Bot-checkin-Telegram/venv/lib/python3.12/site-packages/sqlalchemy/orm/query.py", line 2857, in _iter
    result: Union[ScalarResult[_T], Result[_T]] = self.session.execute(
                                                  ^^^^^^^^^^^^^^^^^^^^^
  File "/root/Bot-checkin-Telegram/venv/lib/python3.12/site-packages/sqlalchemy/orm/session.py", line 2351, in execute
    return self._execute_internal(
           ^^^^^^^^^^^^^^^^^^^^^^^
  File "/root/Bot-checkin-Telegram/venv/lib/python3.12/site-packages/sqlalchemy/orm/session.py", line 2249, in _execute_internal
    result: Result[Any] = compile_state_cls.orm_execute_statement(
                          ^^^^^^^^^^^^^^^^^^^^^^^^^^^^^^^^^^^^^^^^
  File "/root/Bot-checkin-Telegram/venv/lib/python3.12/site-packages/sqlalchemy/orm/context.py", line 306, in orm_execute_statement
    result = conn.execute(
             ^^^^^^^^^^^^^
  File "/root/Bot-checkin-Telegram/venv/lib/python3.12/site-packages/sqlalchemy/engine/base.py", line 1419, in execute
    return meth(
           ^^^^^
  File "/root/Bot-checkin-Telegram/venv/lib/python3.12/site-packages/sqlalchemy/sql/elements.py", line 527, in _execute_on_connection
    return connection._execute_clauseelement(
           ^^^^^^^^^^^^^^^^^^^^^^^^^^^^^^^^^^
  File "/root/Bot-checkin-Telegram/venv/lib/python3.12/site-packages/sqlalchemy/engine/base.py", line 1641, in _execute_clauseelement
    ret = self._execute_context(
          ^^^^^^^^^^^^^^^^^^^^^^
  File "/root/Bot-checkin-Telegram/venv/lib/python3.12/site-packages/sqlalchemy/engine/base.py", line 1846, in _execute_context
    return self._exec_single_context(
           ^^^^^^^^^^^^^^^^^^^^^^^^^^
  File "/root/Bot-checkin-Telegram/venv/lib/python3.12/site-packages/sqlalchemy/engine/base.py", line 1986, in _exec_single_context
    self._handle_dbapi_exception(
  File "/root/Bot-checkin-Telegram/venv/lib/python3.12/site-packages/sqlalchemy/engine/base.py", line 2363, in _handle_dbapi_exception
    raise sqlalchemy_exception.with_traceback(exc_info[2]) from e
  File "/root/Bot-checkin-Telegram/venv/lib/python3.12/site-packages/sqlalchemy/engine/base.py", line 1967, in _exec_single_context
    self.dialect.do_execute(
  File "/root/Bot-checkin-Telegram/venv/lib/python3.12/site-packages/sqlalchemy/engine/default.py", line 952, in do_execute
    cursor.execute(statement, parameters)
sqlalchemy.exc.OperationalError: (sqlite3.OperationalError) no such column: meetings.latitude
[SQL: SELECT meetings.id AS meetings_id, meetings.title AS meetings_title, meetings.location AS meetings_location, meetings.latitude AS meetings_latitude, meetings.longitude AS meetings_longitude, meetings.radius AS meetings_radius, meetings.location_id AS meetings_location_id, meetings.meeting_type AS meetings_meeting_type, meetings.points AS meetings_points, meetings.meeting_time AS meetings_meeting_time, meetings.is_active AS meetings_is_active, meetings.created_at AS meetings_created_at, meetings.created_by AS meetings_created_by, meetings.notified AS meetings_notified 
FROM meetings 
WHERE meetings.is_active = 1 AND meetings.meeting_time >= ? AND meetings.meeting_time <= ? ORDER BY meetings.meeting_time ASC
 LIMIT ? OFFSET ?]
[parameters: ('2025-12-25 00:00:00.000000', '2025-12-25 23:59:59.999999', 1, 0)]
(Background on this error at: https://sqlalche.me/e/20/e3q8)
2025-12-25 13:28:36,195 - src.bot.handlers.error - ERROR - Exception while handling an update:
Traceback (most recent call last):
  File "/root/Bot-checkin-Telegram/venv/lib/python3.12/site-packages/sqlalchemy/engine/base.py", line 1967, in _exec_single_context
    self.dialect.do_execute(
  File "/root/Bot-checkin-Telegram/venv/lib/python3.12/site-packages/sqlalchemy/engine/default.py", line 952, in do_execute
    cursor.execute(statement, parameters)
sqlite3.OperationalError: no such column: meetings.latitude

The above exception was the direct cause of the following exception:

Traceback (most recent call last):
  File "/root/Bot-checkin-Telegram/venv/lib/python3.12/site-packages/telegram/ext/_application.py", line 1315, in process_update
    await coroutine
  File "/root/Bot-checkin-Telegram/venv/lib/python3.12/site-packages/telegram/ext/_handlers/basehandler.py", line 159, in handle_update
    return await self.callback(update, context)
           ^^^^^^^^^^^^^^^^^^^^^^^^^^^^^^^^^^^^
  File "/root/Bot-checkin-Telegram/src/bot/handlers/menu.py", line 45, in text_message_handler
    await handler(update, context)
  File "/root/Bot-checkin-Telegram/src/bot/middlewares.py", line 77, in wrapper
    return await handler(update, context, *args, **kwargs)
           ^^^^^^^^^^^^^^^^^^^^^^^^^^^^^^^^^^^^^^^^^^^^^^^
  File "/root/Bot-checkin-Telegram/src/bot/middlewares.py", line 138, in wrapper
    return await handler(update, context, *args, **kwargs)
           ^^^^^^^^^^^^^^^^^^^^^^^^^^^^^^^^^^^^^^^^^^^^^^^
  File "/root/Bot-checkin-Telegram/src/bot/middlewares.py", line 236, in wrapper
    result = await handler(update, context, *args, **kwargs)
             ^^^^^^^^^^^^^^^^^^^^^^^^^^^^^^^^^^^^^^^^^^^^^^^
  File "/root/Bot-checkin-Telegram/src/bot/handlers/checkin.py", line 277, in checkout_command
    meeting = MeetingService.get_active_meeting()
              ^^^^^^^^^^^^^^^^^^^^^^^^^^^^^^^^^^^
  File "/root/Bot-checkin-Telegram/src/services/meeting_service.py", line 186, in get_active_meeting
    ).order_by(Meeting.meeting_time.asc()).first()
                                           ^^^^^^^
  File "/root/Bot-checkin-Telegram/venv/lib/python3.12/site-packages/sqlalchemy/orm/query.py", line 2759, in first
    return self.limit(1)._iter().first()  # type: ignore
           ^^^^^^^^^^^^^^^^^^^^^
  File "/root/Bot-checkin-Telegram/venv/lib/python3.12/site-packages/sqlalchemy/orm/query.py", line 2857, in _iter
    result: Union[ScalarResult[_T], Result[_T]] = self.session.execute(
                                                  ^^^^^^^^^^^^^^^^^^^^^
  File "/root/Bot-checkin-Telegram/venv/lib/python3.12/site-packages/sqlalchemy/orm/session.py", line 2351, in execute
    return self._execute_internal(
           ^^^^^^^^^^^^^^^^^^^^^^^
  File "/root/Bot-checkin-Telegram/venv/lib/python3.12/site-packages/sqlalchemy/orm/session.py", line 2249, in _execute_internal
    result: Result[Any] = compile_state_cls.orm_execute_statement(
                          ^^^^^^^^^^^^^^^^^^^^^^^^^^^^^^^^^^^^^^^^
  File "/root/Bot-checkin-Telegram/venv/lib/python3.12/site-packages/sqlalchemy/orm/context.py", line 306, in orm_execute_statement
    result = conn.execute(
             ^^^^^^^^^^^^^
  File "/root/Bot-checkin-Telegram/venv/lib/python3.12/site-packages/sqlalchemy/engine/base.py", line 1419, in execute
    return meth(
           ^^^^^
  File "/root/Bot-checkin-Telegram/venv/lib/python3.12/site-packages/sqlalchemy/sql/elements.py", line 527, in _execute_on_connection
    return connection._execute_clauseelement(
           ^^^^^^^^^^^^^^^^^^^^^^^^^^^^^^^^^^
  File "/root/Bot-checkin-Telegram/venv/lib/python3.12/site-packages/sqlalchemy/engine/base.py", line 1641, in _execute_clauseelement
    ret = self._execute_context(
          ^^^^^^^^^^^^^^^^^^^^^^
  File "/root/Bot-checkin-Telegram/venv/lib/python3.12/site-packages/sqlalchemy/engine/base.py", line 1846, in _execute_context
    return self._exec_single_context(
           ^^^^^^^^^^^^^^^^^^^^^^^^^^
  File "/root/Bot-checkin-Telegram/venv/lib/python3.12/site-packages/sqlalchemy/engine/base.py", line 1986, in _exec_single_context
    self._handle_dbapi_exception(
  File "/root/Bot-checkin-Telegram/venv/lib/python3.12/site-packages/sqlalchemy/engine/base.py", line 2363, in _handle_dbapi_exception
    raise sqlalchemy_exception.with_traceback(exc_info[2]) from e
  File "/root/Bot-checkin-Telegram/venv/lib/python3.12/site-packages/sqlalchemy/engine/base.py", line 1967, in _exec_single_context
    self.dialect.do_execute(
  File "/root/Bot-checkin-Telegram/venv/lib/python3.12/site-packages/sqlalchemy/engine/default.py", line 952, in do_execute
    cursor.execute(statement, parameters)
sqlalchemy.exc.OperationalError: (sqlite3.OperationalError) no such column: meetings.latitude
[SQL: SELECT meetings.id AS meetings_id, meetings.title AS meetings_title, meetings.location AS meetings_location, meetings.latitude AS meetings_latitude, meetings.longitude AS meetings_longitude, meetings.radius AS meetings_radius, meetings.location_id AS meetings_location_id, meetings.meeting_type AS meetings_meeting_type, meetings.points AS meetings_points, meetings.meeting_time AS meetings_meeting_time, meetings.is_active AS meetings_is_active, meetings.created_at AS meetings_created_at, meetings.created_by AS meetings_created_by, meetings.notified AS meetings_notified 
FROM meetings 
WHERE meetings.is_active = 1 AND meetings.meeting_time >= ? AND meetings.meeting_time <= ? ORDER BY meetings.meeting_time ASC
 LIMIT ? OFFSET ?]
[parameters: ('2025-12-25 00:00:00.000000', '2025-12-25 23:59:59.999999', 1, 0)]
(Background on this error at: https://sqlalche.me/e/20/e3q8)
2025-12-25 13:28:36,833 - src.bot.handlers.error - ERROR - Failed to notify admin 5934905697: Message is too long
2025-12-25 13:28:36,833 - src.bot.handlers.error - ERROR - Failed to notify admin 5934905697: Message is too long
2025-12-25 13:28:39,440 - src.bot.handlers.error - ERROR - Exception while handling an update:
Traceback (most recent call last):
  File "/root/Bot-checkin-Telegram/venv/lib/python3.12/site-packages/sqlalchemy/engine/base.py", line 1967, in _exec_single_context
    self.dialect.do_execute(
  File "/root/Bot-checkin-Telegram/venv/lib/python3.12/site-packages/sqlalchemy/engine/default.py", line 952, in do_execute
    cursor.execute(statement, parameters)
sqlite3.OperationalError: no such column: meetings.latitude

The above exception was the direct cause of the following exception:

Traceback (most recent call last):
  File "/root/Bot-checkin-Telegram/venv/lib/python3.12/site-packages/telegram/ext/_application.py", line 1315, in process_update
    await coroutine
  File "/root/Bot-checkin-Telegram/venv/lib/python3.12/site-packages/telegram/ext/_handlers/conversationhandler.py", line 843, in handle_update
    new_state: object = await handler.handle_update(
                        ^^^^^^^^^^^^^^^^^^^^^^^^^^^^
  File "/root/Bot-checkin-Telegram/venv/lib/python3.12/site-packages/telegram/ext/_handlers/basehandler.py", line 159, in handle_update
    return await self.callback(update, context)
           ^^^^^^^^^^^^^^^^^^^^^^^^^^^^^^^^^^^^
  File "/root/Bot-checkin-Telegram/src/bot/handlers/checkin.py", line 84, in checkin_start
    meeting = MeetingService.get_active_meeting()
              ^^^^^^^^^^^^^^^^^^^^^^^^^^^^^^^^^^^
  File "/root/Bot-checkin-Telegram/src/services/meeting_service.py", line 186, in get_active_meeting
    ).order_by(Meeting.meeting_time.asc()).first()
                                           ^^^^^^^
  File "/root/Bot-checkin-Telegram/venv/lib/python3.12/site-packages/sqlalchemy/orm/query.py", line 2759, in first
    return self.limit(1)._iter().first()  # type: ignore
           ^^^^^^^^^^^^^^^^^^^^^
  File "/root/Bot-checkin-Telegram/venv/lib/python3.12/site-packages/sqlalchemy/orm/query.py", line 2857, in _iter
    result: Union[ScalarResult[_T], Result[_T]] = self.session.execute(
                                                  ^^^^^^^^^^^^^^^^^^^^^
  File "/root/Bot-checkin-Telegram/venv/lib/python3.12/site-packages/sqlalchemy/orm/session.py", line 2351, in execute
    return self._execute_internal(
           ^^^^^^^^^^^^^^^^^^^^^^^
  File "/root/Bot-checkin-Telegram/venv/lib/python3.12/site-packages/sqlalchemy/orm/session.py", line 2249, in _execute_internal
    result: Result[Any] = compile_state_cls.orm_execute_statement(
                          ^^^^^^^^^^^^^^^^^^^^^^^^^^^^^^^^^^^^^^^^
  File "/root/Bot-checkin-Telegram/venv/lib/python3.12/site-packages/sqlalchemy/orm/context.py", line 306, in orm_execute_statement
    result = conn.execute(
             ^^^^^^^^^^^^^
  File "/root/Bot-checkin-Telegram/venv/lib/python3.12/site-packages/sqlalchemy/engine/base.py", line 1419, in execute
    return meth(
           ^^^^^
  File "/root/Bot-checkin-Telegram/venv/lib/python3.12/site-packages/sqlalchemy/sql/elements.py", line 527, in _execute_on_connection
    return connection._execute_clauseelement(
           ^^^^^^^^^^^^^^^^^^^^^^^^^^^^^^^^^^
  File "/root/Bot-checkin-Telegram/venv/lib/python3.12/site-packages/sqlalchemy/engine/base.py", line 1641, in _execute_clauseelement
    ret = self._execute_context(
          ^^^^^^^^^^^^^^^^^^^^^^
  File "/root/Bot-checkin-Telegram/venv/lib/python3.12/site-packages/sqlalchemy/engine/base.py", line 1846, in _execute_context
    return self._exec_single_context(
           ^^^^^^^^^^^^^^^^^^^^^^^^^^
  File "/root/Bot-checkin-Telegram/venv/lib/python3.12/site-packages/sqlalchemy/engine/base.py", line 1986, in _exec_single_context
    self._handle_dbapi_exception(
  File "/root/Bot-checkin-Telegram/venv/lib/python3.12/site-packages/sqlalchemy/engine/base.py", line 2363, in _handle_dbapi_exception
    raise sqlalchemy_exception.with_traceback(exc_info[2]) from e
  File "/root/Bot-checkin-Telegram/venv/lib/python3.12/site-packages/sqlalchemy/engine/base.py", line 1967, in _exec_single_context
    self.dialect.do_execute(
  File "/root/Bot-checkin-Telegram/venv/lib/python3.12/site-packages/sqlalchemy/engine/default.py", line 952, in do_execute
    cursor.execute(statement, parameters)
sqlalchemy.exc.OperationalError: (sqlite3.OperationalError) no such column: meetings.latitude
[SQL: SELECT meetings.id AS meetings_id, meetings.title AS meetings_title, meetings.location AS meetings_location, meetings.latitude AS meetings_latitude, meetings.longitude AS meetings_longitude, meetings.radius AS meetings_radius, meetings.location_id AS meetings_location_id, meetings.meeting_type AS meetings_meeting_type, meetings.points AS meetings_points, meetings.meeting_time AS meetings_meeting_time, meetings.is_active AS meetings_is_active, meetings.created_at AS meetings_created_at, meetings.created_by AS meetings_created_by, meetings.notified AS meetings_notified 
FROM meetings 
WHERE meetings.is_active = 1 AND meetings.meeting_time >= ? AND meetings.meeting_time <= ? ORDER BY meetings.meeting_time ASC
 LIMIT ? OFFSET ?]
[parameters: ('2025-12-25 00:00:00.000000', '2025-12-25 23:59:59.999999', 1, 0)]
(Background on this error at: https://sqlalche.me/e/20/e3q8)
2025-12-25 13:28:39,440 - src.bot.handlers.error - ERROR - Exception while handling an update:
Traceback (most recent call last):
  File "/root/Bot-checkin-Telegram/venv/lib/python3.12/site-packages/sqlalchemy/engine/base.py", line 1967, in _exec_single_context
    self.dialect.do_execute(
  File "/root/Bot-checkin-Telegram/venv/lib/python3.12/site-packages/sqlalchemy/engine/default.py", line 952, in do_execute
    cursor.execute(statement, parameters)
sqlite3.OperationalError: no such column: meetings.latitude

The above exception was the direct cause of the following exception:

Traceback (most recent call last):
  File "/root/Bot-checkin-Telegram/venv/lib/python3.12/site-packages/telegram/ext/_application.py", line 1315, in process_update
    await coroutine
  File "/root/Bot-checkin-Telegram/venv/lib/python3.12/site-packages/telegram/ext/_handlers/conversationhandler.py", line 843, in handle_update
    new_state: object = await handler.handle_update(
                        ^^^^^^^^^^^^^^^^^^^^^^^^^^^^
  File "/root/Bot-checkin-Telegram/venv/lib/python3.12/site-packages/telegram/ext/_handlers/basehandler.py", line 159, in handle_update
    return await self.callback(update, context)
           ^^^^^^^^^^^^^^^^^^^^^^^^^^^^^^^^^^^^
  File "/root/Bot-checkin-Telegram/src/bot/handlers/checkin.py", line 84, in checkin_start
    meeting = MeetingService.get_active_meeting()
              ^^^^^^^^^^^^^^^^^^^^^^^^^^^^^^^^^^^
  File "/root/Bot-checkin-Telegram/src/services/meeting_service.py", line 186, in get_active_meeting
    ).order_by(Meeting.meeting_time.asc()).first()
                                           ^^^^^^^
  File "/root/Bot-checkin-Telegram/venv/lib/python3.12/site-packages/sqlalchemy/orm/query.py", line 2759, in first
    return self.limit(1)._iter().first()  # type: ignore
           ^^^^^^^^^^^^^^^^^^^^^
  File "/root/Bot-checkin-Telegram/venv/lib/python3.12/site-packages/sqlalchemy/orm/query.py", line 2857, in _iter
    result: Union[ScalarResult[_T], Result[_T]] = self.session.execute(
                                                  ^^^^^^^^^^^^^^^^^^^^^
  File "/root/Bot-checkin-Telegram/venv/lib/python3.12/site-packages/sqlalchemy/orm/session.py", line 2351, in execute
    return self._execute_internal(
           ^^^^^^^^^^^^^^^^^^^^^^^
  File "/root/Bot-checkin-Telegram/venv/lib/python3.12/site-packages/sqlalchemy/orm/session.py", line 2249, in _execute_internal
    result: Result[Any] = compile_state_cls.orm_execute_statement(
                          ^^^^^^^^^^^^^^^^^^^^^^^^^^^^^^^^^^^^^^^^
  File "/root/Bot-checkin-Telegram/venv/lib/python3.12/site-packages/sqlalchemy/orm/context.py", line 306, in orm_execute_statement
    result = conn.execute(
             ^^^^^^^^^^^^^
  File "/root/Bot-checkin-Telegram/venv/lib/python3.12/site-packages/sqlalchemy/engine/base.py", line 1419, in execute
    return meth(
           ^^^^^
  File "/root/Bot-checkin-Telegram/venv/lib/python3.12/site-packages/sqlalchemy/sql/elements.py", line 527, in _execute_on_connection
    return connection._execute_clauseelement(
           ^^^^^^^^^^^^^^^^^^^^^^^^^^^^^^^^^^
  File "/root/Bot-checkin-Telegram/venv/lib/python3.12/site-packages/sqlalchemy/engine/base.py", line 1641, in _execute_clauseelement
    ret = self._execute_context(
          ^^^^^^^^^^^^^^^^^^^^^^
  File "/root/Bot-checkin-Telegram/venv/lib/python3.12/site-packages/sqlalchemy/engine/base.py", line 1846, in _execute_context
    return self._exec_single_context(
           ^^^^^^^^^^^^^^^^^^^^^^^^^^
  File "/root/Bot-checkin-Telegram/venv/lib/python3.12/site-packages/sqlalchemy/engine/base.py", line 1986, in _exec_single_context
    self._handle_dbapi_exception(
  File "/root/Bot-checkin-Telegram/venv/lib/python3.12/site-packages/sqlalchemy/engine/base.py", line 2363, in _handle_dbapi_exception
    raise sqlalchemy_exception.with_traceback(exc_info[2]) from e
  File "/root/Bot-checkin-Telegram/venv/lib/python3.12/site-packages/sqlalchemy/engine/base.py", line 1967, in _exec_single_context
    self.dialect.do_execute(
  File "/root/Bot-checkin-Telegram/venv/lib/python3.12/site-packages/sqlalchemy/engine/default.py", line 952, in do_execute
    cursor.execute(statement, parameters)
sqlalchemy.exc.OperationalError: (sqlite3.OperationalError) no such column: meetings.latitude
[SQL: SELECT meetings.id AS meetings_id, meetings.title AS meetings_title, meetings.location AS meetings_location, meetings.latitude AS meetings_latitude, meetings.longitude AS meetings_longitude, meetings.radius AS meetings_radius, meetings.location_id AS meetings_location_id, meetings.meeting_type AS meetings_meeting_type, meetings.points AS meetings_points, meetings.meeting_time AS meetings_meeting_time, meetings.is_active AS meetings_is_active, meetings.created_at AS meetings_created_at, meetings.created_by AS meetings_created_by, meetings.notified AS meetings_notified 
FROM meetings 
WHERE meetings.is_active = 1 AND meetings.meeting_time >= ? AND meetings.meeting_time <= ? ORDER BY meetings.meeting_time ASC
 LIMIT ? OFFSET ?]
[parameters: ('2025-12-25 00:00:00.000000', '2025-12-25 23:59:59.999999', 1, 0)]
(Background on this error at: https://sqlalche.me/e/20/e3q8)
2025-12-25 13:28:39,641 - src.bot.handlers.error - ERROR - Failed to notify admin 5934905697: Message is too long
2025-12-25 13:28:39,641 - src.bot.handlers.error - ERROR - Failed to notify admin 5934905697: Message is too long
2025-12-25 13:28:44,246 - src.bot.handlers.error - ERROR - Exception while handling an update:
Traceback (most recent call last):
  File "/root/Bot-checkin-Telegram/venv/lib/python3.12/site-packages/sqlalchemy/engine/base.py", line 1967, in _exec_single_context
    self.dialect.do_execute(
  File "/root/Bot-checkin-Telegram/venv/lib/python3.12/site-packages/sqlalchemy/engine/default.py", line 952, in do_execute
    cursor.execute(statement, parameters)
sqlite3.OperationalError: no such column: meetings.latitude

The above exception was the direct cause of the following exception:

Traceback (most recent call last):
  File "/root/Bot-checkin-Telegram/venv/lib/python3.12/site-packages/telegram/ext/_application.py", line 1315, in process_update
    await coroutine
  File "/root/Bot-checkin-Telegram/venv/lib/python3.12/site-packages/telegram/ext/_handlers/conversationhandler.py", line 843, in handle_update
    new_state: object = await handler.handle_update(
                        ^^^^^^^^^^^^^^^^^^^^^^^^^^^^
  File "/root/Bot-checkin-Telegram/venv/lib/python3.12/site-packages/telegram/ext/_handlers/basehandler.py", line 159, in handle_update
    return await self.callback(update, context)
           ^^^^^^^^^^^^^^^^^^^^^^^^^^^^^^^^^^^^
  File "/root/Bot-checkin-Telegram/src/bot/handlers/checkin.py", line 84, in checkin_start
    meeting = MeetingService.get_active_meeting()
              ^^^^^^^^^^^^^^^^^^^^^^^^^^^^^^^^^^^
  File "/root/Bot-checkin-Telegram/src/services/meeting_service.py", line 186, in get_active_meeting
    ).order_by(Meeting.meeting_time.asc()).first()
                                           ^^^^^^^
  File "/root/Bot-checkin-Telegram/venv/lib/python3.12/site-packages/sqlalchemy/orm/query.py", line 2759, in first
    return self.limit(1)._iter().first()  # type: ignore
           ^^^^^^^^^^^^^^^^^^^^^
  File "/root/Bot-checkin-Telegram/venv/lib/python3.12/site-packages/sqlalchemy/orm/query.py", line 2857, in _iter
    result: Union[ScalarResult[_T], Result[_T]] = self.session.execute(
                                                  ^^^^^^^^^^^^^^^^^^^^^
  File "/root/Bot-checkin-Telegram/venv/lib/python3.12/site-packages/sqlalchemy/orm/session.py", line 2351, in execute
    return self._execute_internal(
           ^^^^^^^^^^^^^^^^^^^^^^^
  File "/root/Bot-checkin-Telegram/venv/lib/python3.12/site-packages/sqlalchemy/orm/session.py", line 2249, in _execute_internal
    result: Result[Any] = compile_state_cls.orm_execute_statement(
                          ^^^^^^^^^^^^^^^^^^^^^^^^^^^^^^^^^^^^^^^^
  File "/root/Bot-checkin-Telegram/venv/lib/python3.12/site-packages/sqlalchemy/orm/context.py", line 306, in orm_execute_statement
    result = conn.execute(
             ^^^^^^^^^^^^^
  File "/root/Bot-checkin-Telegram/venv/lib/python3.12/site-packages/sqlalchemy/engine/base.py", line 1419, in execute
    return meth(
           ^^^^^
  File "/root/Bot-checkin-Telegram/venv/lib/python3.12/site-packages/sqlalchemy/sql/elements.py", line 527, in _execute_on_connection
    return connection._execute_clauseelement(
           ^^^^^^^^^^^^^^^^^^^^^^^^^^^^^^^^^^
  File "/root/Bot-checkin-Telegram/venv/lib/python3.12/site-packages/sqlalchemy/engine/base.py", line 1641, in _execute_clauseelement
    ret = self._execute_context(
          ^^^^^^^^^^^^^^^^^^^^^^
  File "/root/Bot-checkin-Telegram/venv/lib/python3.12/site-packages/sqlalchemy/engine/base.py", line 1846, in _execute_context
    return self._exec_single_context(
           ^^^^^^^^^^^^^^^^^^^^^^^^^^
  File "/root/Bot-checkin-Telegram/venv/lib/python3.12/site-packages/sqlalchemy/engine/base.py", line 1986, in _exec_single_context
    self._handle_dbapi_exception(
  File "/root/Bot-checkin-Telegram/venv/lib/python3.12/site-packages/sqlalchemy/engine/base.py", line 2363, in _handle_dbapi_exception
    raise sqlalchemy_exception.with_traceback(exc_info[2]) from e
  File "/root/Bot-checkin-Telegram/venv/lib/python3.12/site-packages/sqlalchemy/engine/base.py", line 1967, in _exec_single_context
    self.dialect.do_execute(
  File "/root/Bot-checkin-Telegram/venv/lib/python3.12/site-packages/sqlalchemy/engine/default.py", line 952, in do_execute
    cursor.execute(statement, parameters)
sqlalchemy.exc.OperationalError: (sqlite3.OperationalError) no such column: meetings.latitude
[SQL: SELECT meetings.id AS meetings_id, meetings.title AS meetings_title, meetings.location AS meetings_location, meetings.latitude AS meetings_latitude, meetings.longitude AS meetings_longitude, meetings.radius AS meetings_radius, meetings.location_id AS meetings_location_id, meetings.meeting_type AS meetings_meeting_type, meetings.points AS meetings_points, meetings.meeting_time AS meetings_meeting_time, meetings.is_active AS meetings_is_active, meetings.created_at AS meetings_created_at, meetings.created_by AS meetings_created_by, meetings.notified AS meetings_notified 
FROM meetings 
WHERE meetings.is_active = 1 AND meetings.meeting_time >= ? AND meetings.meeting_time <= ? ORDER BY meetings.meeting_time ASC
 LIMIT ? OFFSET ?]
[parameters: ('2025-12-25 00:00:00.000000', '2025-12-25 23:59:59.999999', 1, 0)]
(Background on this error at: https://sqlalche.me/e/20/e3q8)
2025-12-25 13:28:44,246 - src.bot.handlers.error - ERROR - Exception while handling an update:
Traceback (most recent call last):
  File "/root/Bot-checkin-Telegram/venv/lib/python3.12/site-packages/sqlalchemy/engine/base.py", line 1967, in _exec_single_context
    self.dialect.do_execute(
  File "/root/Bot-checkin-Telegram/venv/lib/python3.12/site-packages/sqlalchemy/engine/default.py", line 952, in do_execute
    cursor.execute(statement, parameters)
sqlite3.OperationalError: no such column: meetings.latitude

The above exception was the direct cause of the following exception:

Traceback (most recent call last):
  File "/root/Bot-checkin-Telegram/venv/lib/python3.12/site-packages/telegram/ext/_application.py", line 1315, in process_update
    await coroutine
  File "/root/Bot-checkin-Telegram/venv/lib/python3.12/site-packages/telegram/ext/_handlers/conversationhandler.py", line 843, in handle_update
    new_state: object = await handler.handle_update(
                        ^^^^^^^^^^^^^^^^^^^^^^^^^^^^
  File "/root/Bot-checkin-Telegram/venv/lib/python3.12/site-packages/telegram/ext/_handlers/basehandler.py", line 159, in handle_update
    return await self.callback(update, context)
           ^^^^^^^^^^^^^^^^^^^^^^^^^^^^^^^^^^^^
  File "/root/Bot-checkin-Telegram/src/bot/handlers/checkin.py", line 84, in checkin_start
    meeting = MeetingService.get_active_meeting()
              ^^^^^^^^^^^^^^^^^^^^^^^^^^^^^^^^^^^
  File "/root/Bot-checkin-Telegram/src/services/meeting_service.py", line 186, in get_active_meeting
    ).order_by(Meeting.meeting_time.asc()).first()
                                           ^^^^^^^
  File "/root/Bot-checkin-Telegram/venv/lib/python3.12/site-packages/sqlalchemy/orm/query.py", line 2759, in first
    return self.limit(1)._iter().first()  # type: ignore
           ^^^^^^^^^^^^^^^^^^^^^
  File "/root/Bot-checkin-Telegram/venv/lib/python3.12/site-packages/sqlalchemy/orm/query.py", line 2857, in _iter
    result: Union[ScalarResult[_T], Result[_T]] = self.session.execute(
                                                  ^^^^^^^^^^^^^^^^^^^^^
  File "/root/Bot-checkin-Telegram/venv/lib/python3.12/site-packages/sqlalchemy/orm/session.py", line 2351, in execute
    return self._execute_internal(
           ^^^^^^^^^^^^^^^^^^^^^^^
  File "/root/Bot-checkin-Telegram/venv/lib/python3.12/site-packages/sqlalchemy/orm/session.py", line 2249, in _execute_internal
    result: Result[Any] = compile_state_cls.orm_execute_statement(
                          ^^^^^^^^^^^^^^^^^^^^^^^^^^^^^^^^^^^^^^^^
  File "/root/Bot-checkin-Telegram/venv/lib/python3.12/site-packages/sqlalchemy/orm/context.py", line 306, in orm_execute_statement
    result = conn.execute(
             ^^^^^^^^^^^^^
  File "/root/Bot-checkin-Telegram/venv/lib/python3.12/site-packages/sqlalchemy/engine/base.py", line 1419, in execute
    return meth(
           ^^^^^
  File "/root/Bot-checkin-Telegram/venv/lib/python3.12/site-packages/sqlalchemy/sql/elements.py", line 527, in _execute_on_connection
    return connection._execute_clauseelement(
           ^^^^^^^^^^^^^^^^^^^^^^^^^^^^^^^^^^
  File "/root/Bot-checkin-Telegram/venv/lib/python3.12/site-packages/sqlalchemy/engine/base.py", line 1641, in _execute_clauseelement
    ret = self._execute_context(
          ^^^^^^^^^^^^^^^^^^^^^^
  File "/root/Bot-checkin-Telegram/venv/lib/python3.12/site-packages/sqlalchemy/engine/base.py", line 1846, in _execute_context
    return self._exec_single_context(
           ^^^^^^^^^^^^^^^^^^^^^^^^^^
  File "/root/Bot-checkin-Telegram/venv/lib/python3.12/site-packages/sqlalchemy/engine/base.py", line 1986, in _exec_single_context
    self._handle_dbapi_exception(
  File "/root/Bot-checkin-Telegram/venv/lib/python3.12/site-packages/sqlalchemy/engine/base.py", line 2363, in _handle_dbapi_exception
    raise sqlalchemy_exception.with_traceback(exc_info[2]) from e
  File "/root/Bot-checkin-Telegram/venv/lib/python3.12/site-packages/sqlalchemy/engine/base.py", line 1967, in _exec_single_context
    self.dialect.do_execute(
  File "/root/Bot-checkin-Telegram/venv/lib/python3.12/site-packages/sqlalchemy/engine/default.py", line 952, in do_execute
    cursor.execute(statement, parameters)
sqlalchemy.exc.OperationalError: (sqlite3.OperationalError) no such column: meetings.latitude
[SQL: SELECT meetings.id AS meetings_id, meetings.title AS meetings_title, meetings.location AS meetings_location, meetings.latitude AS meetings_latitude, meetings.longitude AS meetings_longitude, meetings.radius AS meetings_radius, meetings.location_id AS meetings_location_id, meetings.meeting_type AS meetings_meeting_type, meetings.points AS meetings_points, meetings.meeting_time AS meetings_meeting_time, meetings.is_active AS meetings_is_active, meetings.created_at AS meetings_created_at, meetings.created_by AS meetings_created_by, meetings.notified AS meetings_notified 
FROM meetings 
WHERE meetings.is_active = 1 AND meetings.meeting_time >= ? AND meetings.meeting_time <= ? ORDER BY meetings.meeting_time ASC
 LIMIT ? OFFSET ?]
[parameters: ('2025-12-25 00:00:00.000000', '2025-12-25 23:59:59.999999', 1, 0)]
(Background on this error at: https://sqlalche.me/e/20/e3q8)
2025-12-25 13:28:44,444 - src.bot.handlers.error - ERROR - Failed to notify admin 5934905697: Message is too long
2025-12-25 13:28:44,444 - src.bot.handlers.error - ERROR - Failed to notify admin 5934905697: Message is too long
2025-12-25 13:28:52,314 - src.bot.handlers.error - ERROR - Exception while handling an update:
Traceback (most recent call last):
  File "/root/Bot-checkin-Telegram/venv/lib/python3.12/site-packages/sqlalchemy/engine/base.py", line 1967, in _exec_single_context
    self.dialect.do_execute(
  File "/root/Bot-checkin-Telegram/venv/lib/python3.12/site-packages/sqlalchemy/engine/default.py", line 952, in do_execute
    cursor.execute(statement, parameters)
sqlite3.OperationalError: no such column: meetings.latitude

The above exception was the direct cause of the following exception:

Traceback (most recent call last):
  File "/root/Bot-checkin-Telegram/venv/lib/python3.12/site-packages/telegram/ext/_application.py", line 1315, in process_update
    await coroutine
  File "/root/Bot-checkin-Telegram/venv/lib/python3.12/site-packages/telegram/ext/_handlers/conversationhandler.py", line 843, in handle_update
    new_state: object = await handler.handle_update(
                        ^^^^^^^^^^^^^^^^^^^^^^^^^^^^
  File "/root/Bot-checkin-Telegram/venv/lib/python3.12/site-packages/telegram/ext/_handlers/basehandler.py", line 159, in handle_update
    return await self.callback(update, context)
           ^^^^^^^^^^^^^^^^^^^^^^^^^^^^^^^^^^^^
  File "/root/Bot-checkin-Telegram/src/bot/handlers/checkin.py", line 84, in checkin_start
    meeting = MeetingService.get_active_meeting()
              ^^^^^^^^^^^^^^^^^^^^^^^^^^^^^^^^^^^
  File "/root/Bot-checkin-Telegram/src/services/meeting_service.py", line 186, in get_active_meeting
    ).order_by(Meeting.meeting_time.asc()).first()
                                           ^^^^^^^
  File "/root/Bot-checkin-Telegram/venv/lib/python3.12/site-packages/sqlalchemy/orm/query.py", line 2759, in first
    return self.limit(1)._iter().first()  # type: ignore
           ^^^^^^^^^^^^^^^^^^^^^
  File "/root/Bot-checkin-Telegram/venv/lib/python3.12/site-packages/sqlalchemy/orm/query.py", line 2857, in _iter
    result: Union[ScalarResult[_T], Result[_T]] = self.session.execute(
                                                  ^^^^^^^^^^^^^^^^^^^^^
  File "/root/Bot-checkin-Telegram/venv/lib/python3.12/site-packages/sqlalchemy/orm/session.py", line 2351, in execute
    return self._execute_internal(
           ^^^^^^^^^^^^^^^^^^^^^^^
  File "/root/Bot-checkin-Telegram/venv/lib/python3.12/site-packages/sqlalchemy/orm/session.py", line 2249, in _execute_internal
    result: Result[Any] = compile_state_cls.orm_execute_statement(
                          ^^^^^^^^^^^^^^^^^^^^^^^^^^^^^^^^^^^^^^^^
  File "/root/Bot-checkin-Telegram/venv/lib/python3.12/site-packages/sqlalchemy/orm/context.py", line 306, in orm_execute_statement
    result = conn.execute(
             ^^^^^^^^^^^^^
  File "/root/Bot-checkin-Telegram/venv/lib/python3.12/site-packages/sqlalchemy/engine/base.py", line 1419, in execute
    return meth(
           ^^^^^
  File "/root/Bot-checkin-Telegram/venv/lib/python3.12/site-packages/sqlalchemy/sql/elements.py", line 527, in _execute_on_connection
    return connection._execute_clauseelement(
           ^^^^^^^^^^^^^^^^^^^^^^^^^^^^^^^^^^
  File "/root/Bot-checkin-Telegram/venv/lib/python3.12/site-packages/sqlalchemy/engine/base.py", line 1641, in _execute_clauseelement
    ret = self._execute_context(
          ^^^^^^^^^^^^^^^^^^^^^^
  File "/root/Bot-checkin-Telegram/venv/lib/python3.12/site-packages/sqlalchemy/engine/base.py", line 1846, in _execute_context
    return self._exec_single_context(
           ^^^^^^^^^^^^^^^^^^^^^^^^^^
  File "/root/Bot-checkin-Telegram/venv/lib/python3.12/site-packages/sqlalchemy/engine/base.py", line 1986, in _exec_single_context
    self._handle_dbapi_exception(
  File "/root/Bot-checkin-Telegram/venv/lib/python3.12/site-packages/sqlalchemy/engine/base.py", line 2363, in _handle_dbapi_exception
    raise sqlalchemy_exception.with_traceback(exc_info[2]) from e
  File "/root/Bot-checkin-Telegram/venv/lib/python3.12/site-packages/sqlalchemy/engine/base.py", line 1967, in _exec_single_context
    self.dialect.do_execute(
  File "/root/Bot-checkin-Telegram/venv/lib/python3.12/site-packages/sqlalchemy/engine/default.py", line 952, in do_execute
    cursor.execute(statement, parameters)
sqlalchemy.exc.OperationalError: (sqlite3.OperationalError) no such column: meetings.latitude
[SQL: SELECT meetings.id AS meetings_id, meetings.title AS meetings_title, meetings.location AS meetings_location, meetings.latitude AS meetings_latitude, meetings.longitude AS meetings_longitude, meetings.radius AS meetings_radius, meetings.location_id AS meetings_location_id, meetings.meeting_type AS meetings_meeting_type, meetings.points AS meetings_points, meetings.meeting_time AS meetings_meeting_time, meetings.is_active AS meetings_is_active, meetings.created_at AS meetings_created_at, meetings.created_by AS meetings_created_by, meetings.notified AS meetings_notified 
FROM meetings 
WHERE meetings.is_active = 1 AND meetings.meeting_time >= ? AND meetings.meeting_time <= ? ORDER BY meetings.meeting_time ASC
 LIMIT ? OFFSET ?]
[parameters: ('2025-12-25 00:00:00.000000', '2025-12-25 23:59:59.999999', 1, 0)]
(Background on this error at: https://sqlalche.me/e/20/e3q8)
2025-12-25 13:28:52,314 - src.bot.handlers.error - ERROR - Exception while handling an update:
Traceback (most recent call last):
  File "/root/Bot-checkin-Telegram/venv/lib/python3.12/site-packages/sqlalchemy/engine/base.py", line 1967, in _exec_single_context
    self.dialect.do_execute(
  File "/root/Bot-checkin-Telegram/venv/lib/python3.12/site-packages/sqlalchemy/engine/default.py", line 952, in do_execute
    cursor.execute(statement, parameters)
sqlite3.OperationalError: no such column: meetings.latitude

The above exception was the direct cause of the following exception:

Traceback (most recent call last):
  File "/root/Bot-checkin-Telegram/venv/lib/python3.12/site-packages/telegram/ext/_application.py", line 1315, in process_update
    await coroutine
  File "/root/Bot-checkin-Telegram/venv/lib/python3.12/site-packages/telegram/ext/_handlers/conversationhandler.py", line 843, in handle_update
    new_state: object = await handler.handle_update(
                        ^^^^^^^^^^^^^^^^^^^^^^^^^^^^
  File "/root/Bot-checkin-Telegram/venv/lib/python3.12/site-packages/telegram/ext/_handlers/basehandler.py", line 159, in handle_update
    return await self.callback(update, context)
           ^^^^^^^^^^^^^^^^^^^^^^^^^^^^^^^^^^^^
  File "/root/Bot-checkin-Telegram/src/bot/handlers/checkin.py", line 84, in checkin_start
    meeting = MeetingService.get_active_meeting()
              ^^^^^^^^^^^^^^^^^^^^^^^^^^^^^^^^^^^
  File "/root/Bot-checkin-Telegram/src/services/meeting_service.py", line 186, in get_active_meeting
    ).order_by(Meeting.meeting_time.asc()).first()
                                           ^^^^^^^
  File "/root/Bot-checkin-Telegram/venv/lib/python3.12/site-packages/sqlalchemy/orm/query.py", line 2759, in first
    return self.limit(1)._iter().first()  # type: ignore
           ^^^^^^^^^^^^^^^^^^^^^
  File "/root/Bot-checkin-Telegram/venv/lib/python3.12/site-packages/sqlalchemy/orm/query.py", line 2857, in _iter
    result: Union[ScalarResult[_T], Result[_T]] = self.session.execute(
                                                  ^^^^^^^^^^^^^^^^^^^^^
  File "/root/Bot-checkin-Telegram/venv/lib/python3.12/site-packages/sqlalchemy/orm/session.py", line 2351, in execute
    return self._execute_internal(
           ^^^^^^^^^^^^^^^^^^^^^^^
  File "/root/Bot-checkin-Telegram/venv/lib/python3.12/site-packages/sqlalchemy/orm/session.py", line 2249, in _execute_internal
    result: Result[Any] = compile_state_cls.orm_execute_statement(
                          ^^^^^^^^^^^^^^^^^^^^^^^^^^^^^^^^^^^^^^^^
  File "/root/Bot-checkin-Telegram/venv/lib/python3.12/site-packages/sqlalchemy/orm/context.py", line 306, in orm_execute_statement
    result = conn.execute(
             ^^^^^^^^^^^^^
  File "/root/Bot-checkin-Telegram/venv/lib/python3.12/site-packages/sqlalchemy/engine/base.py", line 1419, in execute
    return meth(
           ^^^^^
  File "/root/Bot-checkin-Telegram/venv/lib/python3.12/site-packages/sqlalchemy/sql/elements.py", line 527, in _execute_on_connection
    return connection._execute_clauseelement(
           ^^^^^^^^^^^^^^^^^^^^^^^^^^^^^^^^^^
  File "/root/Bot-checkin-Telegram/venv/lib/python3.12/site-packages/sqlalchemy/engine/base.py", line 1641, in _execute_clauseelement
    ret = self._execute_context(
          ^^^^^^^^^^^^^^^^^^^^^^
  File "/root/Bot-checkin-Telegram/venv/lib/python3.12/site-packages/sqlalchemy/engine/base.py", line 1846, in _execute_context
    return self._exec_single_context(
           ^^^^^^^^^^^^^^^^^^^^^^^^^^
  File "/root/Bot-checkin-Telegram/venv/lib/python3.12/site-packages/sqlalchemy/engine/base.py", line 1986, in _exec_single_context
    self._handle_dbapi_exception(
  File "/root/Bot-checkin-Telegram/venv/lib/python3.12/site-packages/sqlalchemy/engine/base.py", line 2363, in _handle_dbapi_exception
    raise sqlalchemy_exception.with_traceback(exc_info[2]) from e
  File "/root/Bot-checkin-Telegram/venv/lib/python3.12/site-packages/sqlalchemy/engine/base.py", line 1967, in _exec_single_context
    self.dialect.do_execute(
  File "/root/Bot-checkin-Telegram/venv/lib/python3.12/site-packages/sqlalchemy/engine/default.py", line 952, in do_execute
    cursor.execute(statement, parameters)
sqlalchemy.exc.OperationalError: (sqlite3.OperationalError) no such column: meetings.latitude
[SQL: SELECT meetings.id AS meetings_id, meetings.title AS meetings_title, meetings.location AS meetings_location, meetings.latitude AS meetings_latitude, meetings.longitude AS meetings_longitude, meetings.radius AS meetings_radius, meetings.location_id AS meetings_location_id, meetings.meeting_type AS meetings_meeting_type, meetings.points AS meetings_points, meetings.meeting_time AS meetings_meeting_time, meetings.is_active AS meetings_is_active, meetings.created_at AS meetings_created_at, meetings.created_by AS meetings_created_by, meetings.notified AS meetings_notified 
FROM meetings 
WHERE meetings.is_active = 1 AND meetings.meeting_time >= ? AND meetings.meeting_time <= ? ORDER BY meetings.meeting_time ASC
 LIMIT ? OFFSET ?]
[parameters: ('2025-12-25 00:00:00.000000', '2025-12-25 23:59:59.999999', 1, 0)]
(Background on this error at: https://sqlalche.me/e/20/e3q8)
2025-12-25 13:28:52,511 - src.bot.handlers.error - ERROR - Failed to notify admin 5934905697: Message is too long
2025-12-25 13:28:52,511 - src.bot.handlers.error - ERROR - Failed to notify admin 5934905697: Message is too long
2025-12-25 13:28:53,545 - src.bot.middlewares - INFO - Action 'checkout' started by user 5934905697 (Nguyen Quang Khai)
2025-12-25 13:28:53,545 - src.bot.middlewares - INFO - Action 'checkout' started by user 5934905697 (Nguyen Quang Khai)
2025-12-25 13:28:53,546 - src.bot.middlewares - ERROR - Action 'checkout' failed for user 5934905697: (sqlite3.OperationalError) no such column: meetings.latitude
[SQL: SELECT meetings.id AS meetings_id, meetings.title AS meetings_title, meetings.location AS meetings_location, meetings.latitude AS meetings_latitude, meetings.longitude AS meetings_longitude, meetings.radius AS meetings_radius, meetings.location_id AS meetings_location_id, meetings.meeting_type AS meetings_meeting_type, meetings.points AS meetings_points, meetings.meeting_time AS meetings_meeting_time, meetings.is_active AS meetings_is_active, meetings.created_at AS meetings_created_at, meetings.created_by AS meetings_created_by, meetings.notified AS meetings_notified 
FROM meetings 
WHERE meetings.is_active = 1 AND meetings.meeting_time >= ? AND meetings.meeting_time <= ? ORDER BY meetings.meeting_time ASC
 LIMIT ? OFFSET ?]
[parameters: ('2025-12-25 00:00:00.000000', '2025-12-25 23:59:59.999999', 1, 0)]
(Background on this error at: https://sqlalche.me/e/20/e3q8)
Traceback (most recent call last):
  File "/root/Bot-checkin-Telegram/venv/lib/python3.12/site-packages/sqlalchemy/engine/base.py", line 1967, in _exec_single_context
    self.dialect.do_execute(
  File "/root/Bot-checkin-Telegram/venv/lib/python3.12/site-packages/sqlalchemy/engine/default.py", line 952, in do_execute
    cursor.execute(statement, parameters)
sqlite3.OperationalError: no such column: meetings.latitude

The above exception was the direct cause of the following exception:

Traceback (most recent call last):
  File "/root/Bot-checkin-Telegram/src/bot/middlewares.py", line 236, in wrapper
    result = await handler(update, context, *args, **kwargs)
             ^^^^^^^^^^^^^^^^^^^^^^^^^^^^^^^^^^^^^^^^^^^^^^^
  File "/root/Bot-checkin-Telegram/src/bot/handlers/checkin.py", line 277, in checkout_command
    meeting = MeetingService.get_active_meeting()
              ^^^^^^^^^^^^^^^^^^^^^^^^^^^^^^^^^^^
  File "/root/Bot-checkin-Telegram/src/services/meeting_service.py", line 186, in get_active_meeting
    ).order_by(Meeting.meeting_time.asc()).first()
                                           ^^^^^^^
  File "/root/Bot-checkin-Telegram/venv/lib/python3.12/site-packages/sqlalchemy/orm/query.py", line 2759, in first
    return self.limit(1)._iter().first()  # type: ignore
           ^^^^^^^^^^^^^^^^^^^^^
  File "/root/Bot-checkin-Telegram/venv/lib/python3.12/site-packages/sqlalchemy/orm/query.py", line 2857, in _iter
    result: Union[ScalarResult[_T], Result[_T]] = self.session.execute(
                                                  ^^^^^^^^^^^^^^^^^^^^^
  File "/root/Bot-checkin-Telegram/venv/lib/python3.12/site-packages/sqlalchemy/orm/session.py", line 2351, in execute
    return self._execute_internal(
           ^^^^^^^^^^^^^^^^^^^^^^^
  File "/root/Bot-checkin-Telegram/venv/lib/python3.12/site-packages/sqlalchemy/orm/session.py", line 2249, in _execute_internal
    result: Result[Any] = compile_state_cls.orm_execute_statement(
                          ^^^^^^^^^^^^^^^^^^^^^^^^^^^^^^^^^^^^^^^^
  File "/root/Bot-checkin-Telegram/venv/lib/python3.12/site-packages/sqlalchemy/orm/context.py", line 306, in orm_execute_statement
    result = conn.execute(
             ^^^^^^^^^^^^^
  File "/root/Bot-checkin-Telegram/venv/lib/python3.12/site-packages/sqlalchemy/engine/base.py", line 1419, in execute
    return meth(
           ^^^^^
  File "/root/Bot-checkin-Telegram/venv/lib/python3.12/site-packages/sqlalchemy/sql/elements.py", line 527, in _execute_on_connection
    return connection._execute_clauseelement(
           ^^^^^^^^^^^^^^^^^^^^^^^^^^^^^^^^^^
  File "/root/Bot-checkin-Telegram/venv/lib/python3.12/site-packages/sqlalchemy/engine/base.py", line 1641, in _execute_clauseelement
    ret = self._execute_context(
          ^^^^^^^^^^^^^^^^^^^^^^
  File "/root/Bot-checkin-Telegram/venv/lib/python3.12/site-packages/sqlalchemy/engine/base.py", line 1846, in _execute_context
    return self._exec_single_context(
           ^^^^^^^^^^^^^^^^^^^^^^^^^^
  File "/root/Bot-checkin-Telegram/venv/lib/python3.12/site-packages/sqlalchemy/engine/base.py", line 1986, in _exec_single_context
    self._handle_dbapi_exception(
  File "/root/Bot-checkin-Telegram/venv/lib/python3.12/site-packages/sqlalchemy/engine/base.py", line 2363, in _handle_dbapi_exception
    raise sqlalchemy_exception.with_traceback(exc_info[2]) from e
  File "/root/Bot-checkin-Telegram/venv/lib/python3.12/site-packages/sqlalchemy/engine/base.py", line 1967, in _exec_single_context
    self.dialect.do_execute(
  File "/root/Bot-checkin-Telegram/venv/lib/python3.12/site-packages/sqlalchemy/engine/default.py", line 952, in do_execute
    cursor.execute(statement, parameters)
sqlalchemy.exc.OperationalError: (sqlite3.OperationalError) no such column: meetings.latitude
[SQL: SELECT meetings.id AS meetings_id, meetings.title AS meetings_title, meetings.location AS meetings_location, meetings.latitude AS meetings_latitude, meetings.longitude AS meetings_longitude, meetings.radius AS meetings_radius, meetings.location_id AS meetings_location_id, meetings.meeting_type AS meetings_meeting_type, meetings.points AS meetings_points, meetings.meeting_time AS meetings_meeting_time, meetings.is_active AS meetings_is_active, meetings.created_at AS meetings_created_at, meetings.created_by AS meetings_created_by, meetings.notified AS meetings_notified 
FROM meetings 
WHERE meetings.is_active = 1 AND meetings.meeting_time >= ? AND meetings.meeting_time <= ? ORDER BY meetings.meeting_time ASC
 LIMIT ? OFFSET ?]
[parameters: ('2025-12-25 00:00:00.000000', '2025-12-25 23:59:59.999999', 1, 0)]
(Background on this error at: https://sqlalche.me/e/20/e3q8)
2025-12-25 13:28:53,546 - src.bot.middlewares - ERROR - Action 'checkout' failed for user 5934905697: (sqlite3.OperationalError) no such column: meetings.latitude
[SQL: SELECT meetings.id AS meetings_id, meetings.title AS meetings_title, meetings.location AS meetings_location, meetings.latitude AS meetings_latitude, meetings.longitude AS meetings_longitude, meetings.radius AS meetings_radius, meetings.location_id AS meetings_location_id, meetings.meeting_type AS meetings_meeting_type, meetings.points AS meetings_points, meetings.meeting_time AS meetings_meeting_time, meetings.is_active AS meetings_is_active, meetings.created_at AS meetings_created_at, meetings.created_by AS meetings_created_by, meetings.notified AS meetings_notified 
FROM meetings 
WHERE meetings.is_active = 1 AND meetings.meeting_time >= ? AND meetings.meeting_time <= ? ORDER BY meetings.meeting_time ASC
 LIMIT ? OFFSET ?]
[parameters: ('2025-12-25 00:00:00.000000', '2025-12-25 23:59:59.999999', 1, 0)]
(Background on this error at: https://sqlalche.me/e/20/e3q8)
Traceback (most recent call last):
  File "/root/Bot-checkin-Telegram/venv/lib/python3.12/site-packages/sqlalchemy/engine/base.py", line 1967, in _exec_single_context
    self.dialect.do_execute(
  File "/root/Bot-checkin-Telegram/venv/lib/python3.12/site-packages/sqlalchemy/engine/default.py", line 952, in do_execute
    cursor.execute(statement, parameters)
sqlite3.OperationalError: no such column: meetings.latitude

The above exception was the direct cause of the following exception:

Traceback (most recent call last):
  File "/root/Bot-checkin-Telegram/src/bot/middlewares.py", line 236, in wrapper
    result = await handler(update, context, *args, **kwargs)
             ^^^^^^^^^^^^^^^^^^^^^^^^^^^^^^^^^^^^^^^^^^^^^^^
  File "/root/Bot-checkin-Telegram/src/bot/handlers/checkin.py", line 277, in checkout_command
    meeting = MeetingService.get_active_meeting()
              ^^^^^^^^^^^^^^^^^^^^^^^^^^^^^^^^^^^
  File "/root/Bot-checkin-Telegram/src/services/meeting_service.py", line 186, in get_active_meeting
    ).order_by(Meeting.meeting_time.asc()).first()
                                           ^^^^^^^
  File "/root/Bot-checkin-Telegram/venv/lib/python3.12/site-packages/sqlalchemy/orm/query.py", line 2759, in first
    return self.limit(1)._iter().first()  # type: ignore
           ^^^^^^^^^^^^^^^^^^^^^
  File "/root/Bot-checkin-Telegram/venv/lib/python3.12/site-packages/sqlalchemy/orm/query.py", line 2857, in _iter
    result: Union[ScalarResult[_T], Result[_T]] = self.session.execute(
                                                  ^^^^^^^^^^^^^^^^^^^^^
  File "/root/Bot-checkin-Telegram/venv/lib/python3.12/site-packages/sqlalchemy/orm/session.py", line 2351, in execute
    return self._execute_internal(
           ^^^^^^^^^^^^^^^^^^^^^^^
  File "/root/Bot-checkin-Telegram/venv/lib/python3.12/site-packages/sqlalchemy/orm/session.py", line 2249, in _execute_internal
    result: Result[Any] = compile_state_cls.orm_execute_statement(
                          ^^^^^^^^^^^^^^^^^^^^^^^^^^^^^^^^^^^^^^^^
  File "/root/Bot-checkin-Telegram/venv/lib/python3.12/site-packages/sqlalchemy/orm/context.py", line 306, in orm_execute_statement
    result = conn.execute(
             ^^^^^^^^^^^^^
  File "/root/Bot-checkin-Telegram/venv/lib/python3.12/site-packages/sqlalchemy/engine/base.py", line 1419, in execute
    return meth(
           ^^^^^
  File "/root/Bot-checkin-Telegram/venv/lib/python3.12/site-packages/sqlalchemy/sql/elements.py", line 527, in _execute_on_connection
    return connection._execute_clauseelement(
           ^^^^^^^^^^^^^^^^^^^^^^^^^^^^^^^^^^
  File "/root/Bot-checkin-Telegram/venv/lib/python3.12/site-packages/sqlalchemy/engine/base.py", line 1641, in _execute_clauseelement
    ret = self._execute_context(
          ^^^^^^^^^^^^^^^^^^^^^^
  File "/root/Bot-checkin-Telegram/venv/lib/python3.12/site-packages/sqlalchemy/engine/base.py", line 1846, in _execute_context
    return self._exec_single_context(
           ^^^^^^^^^^^^^^^^^^^^^^^^^^
  File "/root/Bot-checkin-Telegram/venv/lib/python3.12/site-packages/sqlalchemy/engine/base.py", line 1986, in _exec_single_context
    self._handle_dbapi_exception(
  File "/root/Bot-checkin-Telegram/venv/lib/python3.12/site-packages/sqlalchemy/engine/base.py", line 2363, in _handle_dbapi_exception
    raise sqlalchemy_exception.with_traceback(exc_info[2]) from e
  File "/root/Bot-checkin-Telegram/venv/lib/python3.12/site-packages/sqlalchemy/engine/base.py", line 1967, in _exec_single_context
    self.dialect.do_execute(
  File "/root/Bot-checkin-Telegram/venv/lib/python3.12/site-packages/sqlalchemy/engine/default.py", line 952, in do_execute
    cursor.execute(statement, parameters)
sqlalchemy.exc.OperationalError: (sqlite3.OperationalError) no such column: meetings.latitude
[SQL: SELECT meetings.id AS meetings_id, meetings.title AS meetings_title, meetings.location AS meetings_location, meetings.latitude AS meetings_latitude, meetings.longitude AS meetings_longitude, meetings.radius AS meetings_radius, meetings.location_id AS meetings_location_id, meetings.meeting_type AS meetings_meeting_type, meetings.points AS meetings_points, meetings.meeting_time AS meetings_meeting_time, meetings.is_active AS meetings_is_active, meetings.created_at AS meetings_created_at, meetings.created_by AS meetings_created_by, meetings.notified AS meetings_notified 
FROM meetings 
WHERE meetings.is_active = 1 AND meetings.meeting_time >= ? AND meetings.meeting_time <= ? ORDER BY meetings.meeting_time ASC
 LIMIT ? OFFSET ?]
[parameters: ('2025-12-25 00:00:00.000000', '2025-12-25 23:59:59.999999', 1, 0)]
(Background on this error at: https://sqlalche.me/e/20/e3q8)
2025-12-25 13:28:53,547 - src.bot.handlers.error - ERROR - Exception while handling an update:
Traceback (most recent call last):
  File "/root/Bot-checkin-Telegram/venv/lib/python3.12/site-packages/sqlalchemy/engine/base.py", line 1967, in _exec_single_context
    self.dialect.do_execute(
  File "/root/Bot-checkin-Telegram/venv/lib/python3.12/site-packages/sqlalchemy/engine/default.py", line 952, in do_execute
    cursor.execute(statement, parameters)
sqlite3.OperationalError: no such column: meetings.latitude

The above exception was the direct cause of the following exception:

Traceback (most recent call last):
  File "/root/Bot-checkin-Telegram/venv/lib/python3.12/site-packages/telegram/ext/_application.py", line 1315, in process_update
    await coroutine
  File "/root/Bot-checkin-Telegram/venv/lib/python3.12/site-packages/telegram/ext/_handlers/basehandler.py", line 159, in handle_update
    return await self.callback(update, context)
           ^^^^^^^^^^^^^^^^^^^^^^^^^^^^^^^^^^^^
  File "/root/Bot-checkin-Telegram/src/bot/middlewares.py", line 77, in wrapper
    return await handler(update, context, *args, **kwargs)
           ^^^^^^^^^^^^^^^^^^^^^^^^^^^^^^^^^^^^^^^^^^^^^^^
  File "/root/Bot-checkin-Telegram/src/bot/middlewares.py", line 138, in wrapper
    return await handler(update, context, *args, **kwargs)
           ^^^^^^^^^^^^^^^^^^^^^^^^^^^^^^^^^^^^^^^^^^^^^^^
  File "/root/Bot-checkin-Telegram/src/bot/middlewares.py", line 236, in wrapper
    result = await handler(update, context, *args, **kwargs)
             ^^^^^^^^^^^^^^^^^^^^^^^^^^^^^^^^^^^^^^^^^^^^^^^
  File "/root/Bot-checkin-Telegram/src/bot/handlers/checkin.py", line 277, in checkout_command
    meeting = MeetingService.get_active_meeting()
              ^^^^^^^^^^^^^^^^^^^^^^^^^^^^^^^^^^^
  File "/root/Bot-checkin-Telegram/src/services/meeting_service.py", line 186, in get_active_meeting
    ).order_by(Meeting.meeting_time.asc()).first()
                                           ^^^^^^^
  File "/root/Bot-checkin-Telegram/venv/lib/python3.12/site-packages/sqlalchemy/orm/query.py", line 2759, in first
    return self.limit(1)._iter().first()  # type: ignore
           ^^^^^^^^^^^^^^^^^^^^^
  File "/root/Bot-checkin-Telegram/venv/lib/python3.12/site-packages/sqlalchemy/orm/query.py", line 2857, in _iter
    result: Union[ScalarResult[_T], Result[_T]] = self.session.execute(
                                                  ^^^^^^^^^^^^^^^^^^^^^
  File "/root/Bot-checkin-Telegram/venv/lib/python3.12/site-packages/sqlalchemy/orm/session.py", line 2351, in execute
    return self._execute_internal(
           ^^^^^^^^^^^^^^^^^^^^^^^
  File "/root/Bot-checkin-Telegram/venv/lib/python3.12/site-packages/sqlalchemy/orm/session.py", line 2249, in _execute_internal
    result: Result[Any] = compile_state_cls.orm_execute_statement(
                          ^^^^^^^^^^^^^^^^^^^^^^^^^^^^^^^^^^^^^^^^
  File "/root/Bot-checkin-Telegram/venv/lib/python3.12/site-packages/sqlalchemy/orm/context.py", line 306, in orm_execute_statement
    result = conn.execute(
             ^^^^^^^^^^^^^
  File "/root/Bot-checkin-Telegram/venv/lib/python3.12/site-packages/sqlalchemy/engine/base.py", line 1419, in execute
    return meth(
           ^^^^^
  File "/root/Bot-checkin-Telegram/venv/lib/python3.12/site-packages/sqlalchemy/sql/elements.py", line 527, in _execute_on_connection
    return connection._execute_clauseelement(
           ^^^^^^^^^^^^^^^^^^^^^^^^^^^^^^^^^^
  File "/root/Bot-checkin-Telegram/venv/lib/python3.12/site-packages/sqlalchemy/engine/base.py", line 1641, in _execute_clauseelement
    ret = self._execute_context(
          ^^^^^^^^^^^^^^^^^^^^^^
  File "/root/Bot-checkin-Telegram/venv/lib/python3.12/site-packages/sqlalchemy/engine/base.py", line 1846, in _execute_context
    return self._exec_single_context(
           ^^^^^^^^^^^^^^^^^^^^^^^^^^
  File "/root/Bot-checkin-Telegram/venv/lib/python3.12/site-packages/sqlalchemy/engine/base.py", line 1986, in _exec_single_context
    self._handle_dbapi_exception(
  File "/root/Bot-checkin-Telegram/venv/lib/python3.12/site-packages/sqlalchemy/engine/base.py", line 2363, in _handle_dbapi_exception
    raise sqlalchemy_exception.with_traceback(exc_info[2]) from e
  File "/root/Bot-checkin-Telegram/venv/lib/python3.12/site-packages/sqlalchemy/engine/base.py", line 1967, in _exec_single_context
    self.dialect.do_execute(
  File "/root/Bot-checkin-Telegram/venv/lib/python3.12/site-packages/sqlalchemy/engine/default.py", line 952, in do_execute
    cursor.execute(statement, parameters)
sqlalchemy.exc.OperationalError: (sqlite3.OperationalError) no such column: meetings.latitude
[SQL: SELECT meetings.id AS meetings_id, meetings.title AS meetings_title, meetings.location AS meetings_location, meetings.latitude AS meetings_latitude, meetings.longitude AS meetings_longitude, meetings.radius AS meetings_radius, meetings.location_id AS meetings_location_id, meetings.meeting_type AS meetings_meeting_type, meetings.points AS meetings_points, meetings.meeting_time AS meetings_meeting_time, meetings.is_active AS meetings_is_active, meetings.created_at AS meetings_created_at, meetings.created_by AS meetings_created_by, meetings.notified AS meetings_notified 
FROM meetings 
WHERE meetings.is_active = 1 AND meetings.meeting_time >= ? AND meetings.meeting_time <= ? ORDER BY meetings.meeting_time ASC
 LIMIT ? OFFSET ?]
[parameters: ('2025-12-25 00:00:00.000000', '2025-12-25 23:59:59.999999', 1, 0)]
(Background on this error at: https://sqlalche.me/e/20/e3q8)
2025-12-25 13:28:53,547 - src.bot.handlers.error - ERROR - Exception while handling an update:
Traceback (most recent call last):
  File "/root/Bot-checkin-Telegram/venv/lib/python3.12/site-packages/sqlalchemy/engine/base.py", line 1967, in _exec_single_context
    self.dialect.do_execute(
  File "/root/Bot-checkin-Telegram/venv/lib/python3.12/site-packages/sqlalchemy/engine/default.py", line 952, in do_execute
    cursor.execute(statement, parameters)
sqlite3.OperationalError: no such column: meetings.latitude

The above exception was the direct cause of the following exception:

Traceback (most recent call last):
  File "/root/Bot-checkin-Telegram/venv/lib/python3.12/site-packages/telegram/ext/_application.py", line 1315, in process_update
    await coroutine
  File "/root/Bot-checkin-Telegram/venv/lib/python3.12/site-packages/telegram/ext/_handlers/basehandler.py", line 159, in handle_update
    return await self.callback(update, context)
           ^^^^^^^^^^^^^^^^^^^^^^^^^^^^^^^^^^^^
  File "/root/Bot-checkin-Telegram/src/bot/middlewares.py", line 77, in wrapper
    return await handler(update, context, *args, **kwargs)
           ^^^^^^^^^^^^^^^^^^^^^^^^^^^^^^^^^^^^^^^^^^^^^^^
  File "/root/Bot-checkin-Telegram/src/bot/middlewares.py", line 138, in wrapper
    return await handler(update, context, *args, **kwargs)
           ^^^^^^^^^^^^^^^^^^^^^^^^^^^^^^^^^^^^^^^^^^^^^^^
  File "/root/Bot-checkin-Telegram/src/bot/middlewares.py", line 236, in wrapper
    result = await handler(update, context, *args, **kwargs)
             ^^^^^^^^^^^^^^^^^^^^^^^^^^^^^^^^^^^^^^^^^^^^^^^
  File "/root/Bot-checkin-Telegram/src/bot/handlers/checkin.py", line 277, in checkout_command
    meeting = MeetingService.get_active_meeting()
              ^^^^^^^^^^^^^^^^^^^^^^^^^^^^^^^^^^^
  File "/root/Bot-checkin-Telegram/src/services/meeting_service.py", line 186, in get_active_meeting
    ).order_by(Meeting.meeting_time.asc()).first()
                                           ^^^^^^^
  File "/root/Bot-checkin-Telegram/venv/lib/python3.12/site-packages/sqlalchemy/orm/query.py", line 2759, in first
    return self.limit(1)._iter().first()  # type: ignore
           ^^^^^^^^^^^^^^^^^^^^^
  File "/root/Bot-checkin-Telegram/venv/lib/python3.12/site-packages/sqlalchemy/orm/query.py", line 2857, in _iter
    result: Union[ScalarResult[_T], Result[_T]] = self.session.execute(
                                                  ^^^^^^^^^^^^^^^^^^^^^
  File "/root/Bot-checkin-Telegram/venv/lib/python3.12/site-packages/sqlalchemy/orm/session.py", line 2351, in execute
    return self._execute_internal(
           ^^^^^^^^^^^^^^^^^^^^^^^
  File "/root/Bot-checkin-Telegram/venv/lib/python3.12/site-packages/sqlalchemy/orm/session.py", line 2249, in _execute_internal
    result: Result[Any] = compile_state_cls.orm_execute_statement(
                          ^^^^^^^^^^^^^^^^^^^^^^^^^^^^^^^^^^^^^^^^
  File "/root/Bot-checkin-Telegram/venv/lib/python3.12/site-packages/sqlalchemy/orm/context.py", line 306, in orm_execute_statement
    result = conn.execute(
             ^^^^^^^^^^^^^
  File "/root/Bot-checkin-Telegram/venv/lib/python3.12/site-packages/sqlalchemy/engine/base.py", line 1419, in execute
    return meth(
           ^^^^^
  File "/root/Bot-checkin-Telegram/venv/lib/python3.12/site-packages/sqlalchemy/sql/elements.py", line 527, in _execute_on_connection
    return connection._execute_clauseelement(
           ^^^^^^^^^^^^^^^^^^^^^^^^^^^^^^^^^^
  File "/root/Bot-checkin-Telegram/venv/lib/python3.12/site-packages/sqlalchemy/engine/base.py", line 1641, in _execute_clauseelement
    ret = self._execute_context(
          ^^^^^^^^^^^^^^^^^^^^^^
  File "/root/Bot-checkin-Telegram/venv/lib/python3.12/site-packages/sqlalchemy/engine/base.py", line 1846, in _execute_context
    return self._exec_single_context(
           ^^^^^^^^^^^^^^^^^^^^^^^^^^
  File "/root/Bot-checkin-Telegram/venv/lib/python3.12/site-packages/sqlalchemy/engine/base.py", line 1986, in _exec_single_context
    self._handle_dbapi_exception(
  File "/root/Bot-checkin-Telegram/venv/lib/python3.12/site-packages/sqlalchemy/engine/base.py", line 2363, in _handle_dbapi_exception
    raise sqlalchemy_exception.with_traceback(exc_info[2]) from e
  File "/root/Bot-checkin-Telegram/venv/lib/python3.12/site-packages/sqlalchemy/engine/base.py", line 1967, in _exec_single_context
    self.dialect.do_execute(
  File "/root/Bot-checkin-Telegram/venv/lib/python3.12/site-packages/sqlalchemy/engine/default.py", line 952, in do_execute
    cursor.execute(statement, parameters)
sqlalchemy.exc.OperationalError: (sqlite3.OperationalError) no such column: meetings.latitude
[SQL: SELECT meetings.id AS meetings_id, meetings.title AS meetings_title, meetings.location AS meetings_location, meetings.latitude AS meetings_latitude, meetings.longitude AS meetings_longitude, meetings.radius AS meetings_radius, meetings.location_id AS meetings_location_id, meetings.meeting_type AS meetings_meeting_type, meetings.points AS meetings_points, meetings.meeting_time AS meetings_meeting_time, meetings.is_active AS meetings_is_active, meetings.created_at AS meetings_created_at, meetings.created_by AS meetings_created_by, meetings.notified AS meetings_notified 
FROM meetings 
WHERE meetings.is_active = 1 AND meetings.meeting_time >= ? AND meetings.meeting_time <= ? ORDER BY meetings.meeting_time ASC
 LIMIT ? OFFSET ?]
[parameters: ('2025-12-25 00:00:00.000000', '2025-12-25 23:59:59.999999', 1, 0)]
(Background on this error at: https://sqlalche.me/e/20/e3q8)
2025-12-25 13:28:53,743 - src.bot.handlers.error - ERROR - Failed to notify admin 5934905697: Message is too long
2025-12-25 13:28:53,743 - src.bot.handlers.error - ERROR - Failed to notify admin 5934905697: Message is too long
2025-12-25 13:29:52,092 - src.bot.handlers.start - INFO - Start command from user 7837391183 (Minh Ngoc)
2025-12-25 13:29:52,092 - src.bot.handlers.start - INFO - Start command from user 7837391183 (Minh Ngoc)
2025-12-25 13:29:58,776 - src.services.user_service - INFO - Created pending user: 7837391183 (Nhomp)
2025-12-25 13:29:58,776 - src.services.user_service - INFO - Created pending user: 7837391183 (Nhomp)
2025-12-25 13:29:59,759 - src.bot.handlers.error - ERROR - Exception while handling an update:
Traceback (most recent call last):
  File "/root/Bot-checkin-Telegram/venv/lib/python3.12/site-packages/telegram/ext/_application.py", line 1315, in process_update
    await coroutine
  File "/root/Bot-checkin-Telegram/venv/lib/python3.12/site-packages/telegram/ext/_handlers/conversationhandler.py", line 843, in handle_update
    new_state: object = await handler.handle_update(
                        ^^^^^^^^^^^^^^^^^^^^^^^^^^^^
  File "/root/Bot-checkin-Telegram/venv/lib/python3.12/site-packages/telegram/ext/_handlers/basehandler.py", line 159, in handle_update
    return await self.callback(update, context)
           ^^^^^^^^^^^^^^^^^^^^^^^^^^^^^^^^^^^^
  File "/root/Bot-checkin-Telegram/src/bot/handlers/start.py", line 138, in receive_name
    await notify_admins_new_user(context, user_id, full_name)
  File "/root/Bot-checkin-Telegram/src/bot/handlers/start.py", line 173, in notify_admins_new_user
    message = Messages.NEW_USER_REQUEST.format(
              ^^^^^^^^^^^^^^^^^^^^^^^^^
AttributeError: type object 'Messages' has no attribute 'NEW_USER_REQUEST'
2025-12-25 13:29:59,759 - src.bot.handlers.error - ERROR - Exception while handling an update:
Traceback (most recent call last):
  File "/root/Bot-checkin-Telegram/venv/lib/python3.12/site-packages/telegram/ext/_application.py", line 1315, in process_update
    await coroutine
  File "/root/Bot-checkin-Telegram/venv/lib/python3.12/site-packages/telegram/ext/_handlers/conversationhandler.py", line 843, in handle_update
    new_state: object = await handler.handle_update(
                        ^^^^^^^^^^^^^^^^^^^^^^^^^^^^
  File "/root/Bot-checkin-Telegram/venv/lib/python3.12/site-packages/telegram/ext/_handlers/basehandler.py", line 159, in handle_update
    return await self.callback(update, context)
           ^^^^^^^^^^^^^^^^^^^^^^^^^^^^^^^^^^^^
  File "/root/Bot-checkin-Telegram/src/bot/handlers/start.py", line 138, in receive_name
    await notify_admins_new_user(context, user_id, full_name)
  File "/root/Bot-checkin-Telegram/src/bot/handlers/start.py", line 173, in notify_admins_new_user
    message = Messages.NEW_USER_REQUEST.format(
              ^^^^^^^^^^^^^^^^^^^^^^^^^
AttributeError: type object 'Messages' has no attribute 'NEW_USER_REQUEST'
2025-12-25 13:32:17,856 - src.bot.handlers.start - INFO - Start command from user 7837391183 (Minh Ngoc)
2025-12-25 13:32:17,856 - src.bot.handlers.start - INFO - Start command from user 7837391183 (Minh Ngoc)
2025-12-25 13:37:58,695 - telegram.ext.Application - INFO - Application is stopping. This might take a moment.
2025-12-25 13:37:58,695 - telegram.ext.Application - INFO - Application is stopping. This might take a moment.
2025-12-25 13:37:58,695 - telegram.ext.Application - INFO - Application.stop() complete
2025-12-25 13:37:58,695 - telegram.ext.Application - INFO - Application.stop() complete
2025-12-25 13:37:58,698 - __main__ - INFO - Bot shutdown complete.
2025-12-25 13:37:58,698 - __main__ - INFO - Bot shutdown complete.
2025-12-25 13:38:23,927 - __main__ - INFO - ==================================================
2025-12-25 13:38:23,927 - __main__ - INFO - ==================================================
2025-12-25 13:38:23,931 - __main__ - INFO - Starting Telegram Attendance Bot...
2025-12-25 13:38:23,931 - __main__ - INFO - Starting Telegram Attendance Bot...
2025-12-25 13:38:23,931 - __main__ - INFO - Database: sqlite:///./attendance.db
2025-12-25 13:38:23,931 - __main__ - INFO - Database: sqlite:///./attendance.db
2025-12-25 13:38:23,931 - __main__ - INFO - Timezone: Asia/Ho_Chi_Minh
2025-12-25 13:38:23,931 - __main__ - INFO - Timezone: Asia/Ho_Chi_Minh
2025-12-25 13:38:23,931 - __main__ - INFO - Work start: 17:45
2025-12-25 13:38:23,931 - __main__ - INFO - Work start: 17:45
2025-12-25 13:38:23,931 - __main__ - INFO - Late threshold: 1440 minutes
2025-12-25 13:38:23,931 - __main__ - INFO - Late threshold: 1440 minutes
2025-12-25 13:38:23,931 - __main__ - INFO - Geofence radius: 50.0m
2025-12-25 13:38:23,931 - __main__ - INFO - Geofence radius: 50.0m
2025-12-25 13:38:23,931 - __main__ - INFO - Super admins: [5934905697]
2025-12-25 13:38:23,931 - __main__ - INFO - Super admins: [5934905697]
2025-12-25 13:38:23,931 - __main__ - INFO - ==================================================
2025-12-25 13:38:23,931 - __main__ - INFO - ==================================================
2025-12-25 13:38:23,931 - __main__ - INFO - Creating bot application...
2025-12-25 13:38:23,931 - __main__ - INFO - Creating bot application...
2025-12-25 13:38:24,157 - __main__ - INFO - Bot is running. Press Ctrl+C to stop.
2025-12-25 13:38:24,157 - __main__ - INFO - Bot is running. Press Ctrl+C to stop.
2025-12-25 13:38:24,999 - telegram.ext.Application - INFO - Application started
2025-12-25 13:38:24,999 - telegram.ext.Application - INFO - Application started
2025-12-25 13:38:47,392 - src.bot.middlewares - INFO - Action 'checkout' started by user 5934905697 (Nguyen Quang Khai)
2025-12-25 13:38:47,392 - src.bot.middlewares - INFO - Action 'checkout' started by user 5934905697 (Nguyen Quang Khai)
2025-12-25 13:38:47,783 - src.bot.middlewares - INFO - Action 'checkout' completed successfully for user 5934905697
2025-12-25 13:38:47,783 - src.bot.middlewares - INFO - Action 'checkout' completed successfully for user 5934905697
2025-12-25 13:41:21,501 - telegram.ext.Application - INFO - Application is stopping. This might take a moment.
2025-12-25 13:41:21,501 - telegram.ext.Application - INFO - Application is stopping. This might take a moment.
2025-12-25 13:41:21,501 - telegram.ext.Application - INFO - Application.stop() complete
2025-12-25 13:41:21,501 - telegram.ext.Application - INFO - Application.stop() complete
2025-12-25 13:41:21,502 - __main__ - INFO - Bot shutdown complete.
2025-12-25 13:41:21,502 - __main__ - INFO - Bot shutdown complete.
2025-12-25 13:41:26,563 - __main__ - INFO - ==================================================
2025-12-25 13:41:26,563 - __main__ - INFO - ==================================================
2025-12-25 13:41:26,563 - __main__ - INFO - Starting Telegram Attendance Bot...
2025-12-25 13:41:26,563 - __main__ - INFO - Starting Telegram Attendance Bot...
2025-12-25 13:41:26,563 - __main__ - INFO - Database: sqlite:///./attendance.db
2025-12-25 13:41:26,563 - __main__ - INFO - Database: sqlite:///./attendance.db
2025-12-25 13:41:26,563 - __main__ - INFO - Timezone: Asia/Ho_Chi_Minh
2025-12-25 13:41:26,563 - __main__ - INFO - Timezone: Asia/Ho_Chi_Minh
2025-12-25 13:41:26,563 - __main__ - INFO - Work start: 17:45
2025-12-25 13:41:26,563 - __main__ - INFO - Work start: 17:45
2025-12-25 13:41:26,563 - __main__ - INFO - Late threshold: 1440 minutes
2025-12-25 13:41:26,563 - __main__ - INFO - Late threshold: 1440 minutes
2025-12-25 13:41:26,563 - __main__ - INFO - Geofence radius: 50.0m
2025-12-25 13:41:26,563 - __main__ - INFO - Geofence radius: 50.0m
2025-12-25 13:41:26,563 - __main__ - INFO - Super admins: [5934905697]
2025-12-25 13:41:26,563 - __main__ - INFO - Super admins: [5934905697]
2025-12-25 13:41:26,563 - __main__ - INFO - ==================================================
2025-12-25 13:41:26,563 - __main__ - INFO - ==================================================
2025-12-25 13:41:26,563 - __main__ - INFO - Creating bot application...
2025-12-25 13:41:26,563 - __main__ - INFO - Creating bot application...
2025-12-25 13:41:26,709 - __main__ - INFO - Bot is running. Press Ctrl+C to stop.
2025-12-25 13:41:26,709 - __main__ - INFO - Bot is running. Press Ctrl+C to stop.
2025-12-25 13:41:27,497 - telegram.ext.Application - INFO - Application started
2025-12-25 13:41:27,497 - telegram.ext.Application - INFO - Application started
2025-12-25 13:45:25,188 - telegram.ext.Application - INFO - Application is stopping. This might take a moment.
2025-12-25 13:45:25,188 - telegram.ext.Application - INFO - Application is stopping. This might take a moment.
2025-12-25 13:45:25,188 - telegram.ext.Application - INFO - Application.stop() complete
2025-12-25 13:45:25,188 - telegram.ext.Application - INFO - Application.stop() complete
2025-12-25 13:45:25,190 - __main__ - INFO - Bot shutdown complete.
2025-12-25 13:45:25,190 - __main__ - INFO - Bot shutdown complete.
2025-12-25 13:45:31,747 - __main__ - INFO - ==================================================
2025-12-25 13:45:31,747 - __main__ - INFO - ==================================================
2025-12-25 13:45:31,747 - __main__ - INFO - Starting Telegram Attendance Bot...
2025-12-25 13:45:31,747 - __main__ - INFO - Starting Telegram Attendance Bot...
2025-12-25 13:45:31,747 - __main__ - INFO - Database: sqlite:///./attendance.db
2025-12-25 13:45:31,747 - __main__ - INFO - Database: sqlite:///./attendance.db
2025-12-25 13:45:31,747 - __main__ - INFO - Timezone: Asia/Ho_Chi_Minh
2025-12-25 13:45:31,747 - __main__ - INFO - Timezone: Asia/Ho_Chi_Minh
2025-12-25 13:45:31,747 - __main__ - INFO - Work start: 17:45
2025-12-25 13:45:31,747 - __main__ - INFO - Work start: 17:45
2025-12-25 13:45:31,747 - __main__ - INFO - Late threshold: 1440 minutes
2025-12-25 13:45:31,747 - __main__ - INFO - Late threshold: 1440 minutes
2025-12-25 13:45:31,747 - __main__ - INFO - Geofence radius: 50.0m
2025-12-25 13:45:31,747 - __main__ - INFO - Geofence radius: 50.0m
2025-12-25 13:45:31,747 - __main__ - INFO - Super admins: [5934905697]
2025-12-25 13:45:31,747 - __main__ - INFO - Super admins: [5934905697]
2025-12-25 13:45:31,747 - __main__ - INFO - ==================================================
2025-12-25 13:45:31,747 - __main__ - INFO - ==================================================
2025-12-25 13:45:31,747 - __main__ - INFO - Creating bot application...
2025-12-25 13:45:31,747 - __main__ - INFO - Creating bot application...
2025-12-25 13:45:31,882 - __main__ - INFO - Bot is running. Press Ctrl+C to stop.
2025-12-25 13:45:31,882 - __main__ - INFO - Bot is running. Press Ctrl+C to stop.
2025-12-25 13:45:32,821 - telegram.ext.Application - INFO - Application started
2025-12-25 13:45:32,821 - telegram.ext.Application - INFO - Application started
2025-12-25 13:46:07,792 - src.bot.handlers.evidence - INFO - Evidence created: #1 by Nguyen Quang Khai - 202418923 (5934905697) - 10 points
2025-12-25 13:46:07,792 - src.bot.handlers.evidence - INFO - Evidence created: #1 by Nguyen Quang Khai - 202418923 (5934905697) - 10 points
2025-12-25 13:46:12,297 - src.bot.handlers.error - ERROR - Exception while handling an update:
Traceback (most recent call last):
  File "/root/Bot-checkin-Telegram/venv/lib/python3.12/site-packages/telegram/ext/_application.py", line 1315, in process_update
    await coroutine
  File "/root/Bot-checkin-Telegram/venv/lib/python3.12/site-packages/telegram/ext/_handlers/basehandler.py", line 159, in handle_update
    return await self.callback(update, context)
           ^^^^^^^^^^^^^^^^^^^^^^^^^^^^^^^^^^^^
  File "/root/Bot-checkin-Telegram/src/bot/handlers/admin.py", line 1317, in admin_callback_handler
    await query.edit_message_text(
  File "/root/Bot-checkin-Telegram/venv/lib/python3.12/site-packages/telegram/_callbackquery.py", line 268, in edit_message_text
    return await self._get_message().edit_text(
           ^^^^^^^^^^^^^^^^^^^^^^^^^^^^^^^^^^^^
  File "/root/Bot-checkin-Telegram/venv/lib/python3.12/site-packages/telegram/_message.py", line 4142, in edit_text
    return await self.get_bot().edit_message_text(
           ^^^^^^^^^^^^^^^^^^^^^^^^^^^^^^^^^^^^^^^
  File "/root/Bot-checkin-Telegram/venv/lib/python3.12/site-packages/telegram/ext/_extbot.py", line 1735, in edit_message_text
    return await super().edit_message_text(
           ^^^^^^^^^^^^^^^^^^^^^^^^^^^^^^^^
  File "/root/Bot-checkin-Telegram/venv/lib/python3.12/site-packages/telegram/_bot.py", line 4463, in edit_message_text
    return await self._send_message(
           ^^^^^^^^^^^^^^^^^^^^^^^^^
  File "/root/Bot-checkin-Telegram/venv/lib/python3.12/site-packages/telegram/ext/_extbot.py", line 634, in _send_message
    result = await super()._send_message(
             ^^^^^^^^^^^^^^^^^^^^^^^^^^^^
  File "/root/Bot-checkin-Telegram/venv/lib/python3.12/site-packages/telegram/_bot.py", line 819, in _send_message
    result = await self._post(
             ^^^^^^^^^^^^^^^^^
  File "/root/Bot-checkin-Telegram/venv/lib/python3.12/site-packages/telegram/_bot.py", line 703, in _post
    return await self._do_post(
           ^^^^^^^^^^^^^^^^^^^^
  File "/root/Bot-checkin-Telegram/venv/lib/python3.12/site-packages/telegram/ext/_extbot.py", line 372, in _do_post
    return await super()._do_post(
           ^^^^^^^^^^^^^^^^^^^^^^^
  File "/root/Bot-checkin-Telegram/venv/lib/python3.12/site-packages/telegram/_bot.py", line 732, in _do_post
    result = await request.post(
             ^^^^^^^^^^^^^^^^^^^
  File "/root/Bot-checkin-Telegram/venv/lib/python3.12/site-packages/telegram/request/_baserequest.py", line 198, in post
    result = await self._request_wrapper(
             ^^^^^^^^^^^^^^^^^^^^^^^^^^^^
  File "/root/Bot-checkin-Telegram/venv/lib/python3.12/site-packages/telegram/request/_baserequest.py", line 375, in _request_wrapper
    raise exception
telegram.error.BadRequest: There is no text in the message to edit
2025-12-25 13:46:12,297 - src.bot.handlers.error - ERROR - Exception while handling an update:
Traceback (most recent call last):
  File "/root/Bot-checkin-Telegram/venv/lib/python3.12/site-packages/telegram/ext/_application.py", line 1315, in process_update
    await coroutine
  File "/root/Bot-checkin-Telegram/venv/lib/python3.12/site-packages/telegram/ext/_handlers/basehandler.py", line 159, in handle_update
    return await self.callback(update, context)
           ^^^^^^^^^^^^^^^^^^^^^^^^^^^^^^^^^^^^
  File "/root/Bot-checkin-Telegram/src/bot/handlers/admin.py", line 1317, in admin_callback_handler
    await query.edit_message_text(
  File "/root/Bot-checkin-Telegram/venv/lib/python3.12/site-packages/telegram/_callbackquery.py", line 268, in edit_message_text
    return await self._get_message().edit_text(
           ^^^^^^^^^^^^^^^^^^^^^^^^^^^^^^^^^^^^
  File "/root/Bot-checkin-Telegram/venv/lib/python3.12/site-packages/telegram/_message.py", line 4142, in edit_text
    return await self.get_bot().edit_message_text(
           ^^^^^^^^^^^^^^^^^^^^^^^^^^^^^^^^^^^^^^^
  File "/root/Bot-checkin-Telegram/venv/lib/python3.12/site-packages/telegram/ext/_extbot.py", line 1735, in edit_message_text
    return await super().edit_message_text(
           ^^^^^^^^^^^^^^^^^^^^^^^^^^^^^^^^
  File "/root/Bot-checkin-Telegram/venv/lib/python3.12/site-packages/telegram/_bot.py", line 4463, in edit_message_text
    return await self._send_message(
           ^^^^^^^^^^^^^^^^^^^^^^^^^
  File "/root/Bot-checkin-Telegram/venv/lib/python3.12/site-packages/telegram/ext/_extbot.py", line 634, in _send_message
    result = await super()._send_message(
             ^^^^^^^^^^^^^^^^^^^^^^^^^^^^
  File "/root/Bot-checkin-Telegram/venv/lib/python3.12/site-packages/telegram/_bot.py", line 819, in _send_message
    result = await self._post(
             ^^^^^^^^^^^^^^^^^
  File "/root/Bot-checkin-Telegram/venv/lib/python3.12/site-packages/telegram/_bot.py", line 703, in _post
    return await self._do_post(
           ^^^^^^^^^^^^^^^^^^^^
  File "/root/Bot-checkin-Telegram/venv/lib/python3.12/site-packages/telegram/ext/_extbot.py", line 372, in _do_post
    return await super()._do_post(
           ^^^^^^^^^^^^^^^^^^^^^^^
  File "/root/Bot-checkin-Telegram/venv/lib/python3.12/site-packages/telegram/_bot.py", line 732, in _do_post
    result = await request.post(
             ^^^^^^^^^^^^^^^^^^^
  File "/root/Bot-checkin-Telegram/venv/lib/python3.12/site-packages/telegram/request/_baserequest.py", line 198, in post
    result = await self._request_wrapper(
             ^^^^^^^^^^^^^^^^^^^^^^^^^^^^
  File "/root/Bot-checkin-Telegram/venv/lib/python3.12/site-packages/telegram/request/_baserequest.py", line 375, in _request_wrapper
    raise exception
telegram.error.BadRequest: There is no text in the message to edit
2025-12-25 13:47:32,337 - telegram.ext.Application - INFO - Application is stopping. This might take a moment.
2025-12-25 13:47:32,337 - telegram.ext.Application - INFO - Application is stopping. This might take a moment.
2025-12-25 13:47:32,337 - telegram.ext.Application - INFO - Application.stop() complete
2025-12-25 13:47:32,337 - telegram.ext.Application - INFO - Application.stop() complete
2025-12-25 13:47:32,338 - __main__ - INFO - Bot shutdown complete.
2025-12-25 13:47:32,338 - __main__ - INFO - Bot shutdown complete.
2025-12-25 13:47:39,852 - __main__ - INFO - ==================================================
2025-12-25 13:47:39,852 - __main__ - INFO - ==================================================
2025-12-25 13:47:39,852 - __main__ - INFO - Starting Telegram Attendance Bot...
2025-12-25 13:47:39,852 - __main__ - INFO - Starting Telegram Attendance Bot...
2025-12-25 13:47:39,852 - __main__ - INFO - Database: sqlite:///./attendance.db
2025-12-25 13:47:39,852 - __main__ - INFO - Database: sqlite:///./attendance.db
2025-12-25 13:47:39,852 - __main__ - INFO - Timezone: Asia/Ho_Chi_Minh
2025-12-25 13:47:39,852 - __main__ - INFO - Timezone: Asia/Ho_Chi_Minh
2025-12-25 13:47:39,852 - __main__ - INFO - Work start: 17:45
2025-12-25 13:47:39,852 - __main__ - INFO - Work start: 17:45
2025-12-25 13:47:39,852 - __main__ - INFO - Late threshold: 1440 minutes
2025-12-25 13:47:39,852 - __main__ - INFO - Late threshold: 1440 minutes
2025-12-25 13:47:39,852 - __main__ - INFO - Geofence radius: 50.0m
2025-12-25 13:47:39,852 - __main__ - INFO - Geofence radius: 50.0m
2025-12-25 13:47:39,852 - __main__ - INFO - Super admins: [5934905697]
2025-12-25 13:47:39,852 - __main__ - INFO - Super admins: [5934905697]
2025-12-25 13:47:39,852 - __main__ - INFO - ==================================================
2025-12-25 13:47:39,852 - __main__ - INFO - ==================================================
2025-12-25 13:47:39,852 - __main__ - INFO - Creating bot application...
2025-12-25 13:47:39,852 - __main__ - INFO - Creating bot application...
2025-12-25 13:47:40,003 - __main__ - INFO - Bot is running. Press Ctrl+C to stop.
2025-12-25 13:47:40,003 - __main__ - INFO - Bot is running. Press Ctrl+C to stop.
2025-12-25 13:47:41,569 - telegram.ext.Application - INFO - Application started
2025-12-25 13:47:41,569 - telegram.ext.Application - INFO - Application started
2025-12-25 13:48:01,250 - src.bot.handlers.start - INFO - Start command from user 7837391183 (Minh Ngoc)
2025-12-25 13:48:01,250 - src.bot.handlers.start - INFO - Start command from user 7837391183 (Minh Ngoc)
2025-12-25 13:50:54,266 - __main__ - INFO - ==================================================
2025-12-25 13:50:54,266 - __main__ - INFO - ==================================================
2025-12-25 13:50:54,266 - __main__ - INFO - Starting Telegram Attendance Bot...
2025-12-25 13:50:54,266 - __main__ - INFO - Starting Telegram Attendance Bot...
2025-12-25 13:50:54,266 - __main__ - INFO - Database: sqlite:///./attendance.db
2025-12-25 13:50:54,266 - __main__ - INFO - Database: sqlite:///./attendance.db
2025-12-25 13:50:54,266 - __main__ - INFO - Timezone: Asia/Ho_Chi_Minh
2025-12-25 13:50:54,266 - __main__ - INFO - Timezone: Asia/Ho_Chi_Minh
2025-12-25 13:50:54,267 - __main__ - INFO - Work start: 17:45
2025-12-25 13:50:54,267 - __main__ - INFO - Work start: 17:45
2025-12-25 13:50:54,267 - __main__ - INFO - Late threshold: 1440 minutes
2025-12-25 13:50:54,267 - __main__ - INFO - Late threshold: 1440 minutes
2025-12-25 13:50:54,267 - __main__ - INFO - Geofence radius: 50.0m
2025-12-25 13:50:54,267 - __main__ - INFO - Geofence radius: 50.0m
2025-12-25 13:50:54,267 - __main__ - INFO - Super admins: [5934905697]
2025-12-25 13:50:54,267 - __main__ - INFO - Super admins: [5934905697]
2025-12-25 13:50:54,267 - __main__ - INFO - ==================================================
2025-12-25 13:50:54,267 - __main__ - INFO - ==================================================
2025-12-25 13:50:54,267 - __main__ - INFO - Creating bot application...
2025-12-25 13:50:54,267 - __main__ - INFO - Creating bot application...
2025-12-25 13:50:54,425 - __main__ - INFO - Bot is running. Press Ctrl+C to stop.
2025-12-25 13:50:54,425 - __main__ - INFO - Bot is running. Press Ctrl+C to stop.
2025-12-25 13:50:55,405 - telegram.ext.Application - INFO - Application started
2025-12-25 13:50:55,405 - telegram.ext.Application - INFO - Application started
2025-12-25 13:52:25,194 - telegram.ext.Application - INFO - Application is stopping. This might take a moment.
2025-12-25 13:52:25,194 - telegram.ext.Application - INFO - Application is stopping. This might take a moment.
2025-12-25 13:52:25,194 - telegram.ext.Application - INFO - Application.stop() complete
2025-12-25 13:52:25,194 - telegram.ext.Application - INFO - Application.stop() complete
2025-12-25 13:52:25,195 - __main__ - INFO - Bot shutdown complete.
2025-12-25 13:52:25,195 - __main__ - INFO - Bot shutdown complete.
2025-12-25 13:52:42,200 - __main__ - INFO - ==================================================
2025-12-25 13:52:42,200 - __main__ - INFO - ==================================================
2025-12-25 13:52:42,201 - __main__ - INFO - Starting Telegram Attendance Bot...
2025-12-25 13:52:42,201 - __main__ - INFO - Starting Telegram Attendance Bot...
2025-12-25 13:52:42,201 - __main__ - INFO - Database: sqlite:///./attendance.db
2025-12-25 13:52:42,201 - __main__ - INFO - Database: sqlite:///./attendance.db
2025-12-25 13:52:42,201 - __main__ - INFO - Timezone: Asia/Ho_Chi_Minh
2025-12-25 13:52:42,201 - __main__ - INFO - Timezone: Asia/Ho_Chi_Minh
2025-12-25 13:52:42,201 - __main__ - INFO - Work start: 17:45
2025-12-25 13:52:42,201 - __main__ - INFO - Work start: 17:45
2025-12-25 13:52:42,201 - __main__ - INFO - Late threshold: 1440 minutes
2025-12-25 13:52:42,201 - __main__ - INFO - Late threshold: 1440 minutes
2025-12-25 13:52:42,201 - __main__ - INFO - Geofence radius: 50.0m
2025-12-25 13:52:42,201 - __main__ - INFO - Geofence radius: 50.0m
2025-12-25 13:52:42,201 - __main__ - INFO - Super admins: [5934905697]
2025-12-25 13:52:42,201 - __main__ - INFO - Super admins: [5934905697]
2025-12-25 13:52:42,201 - __main__ - INFO - ==================================================
2025-12-25 13:52:42,201 - __main__ - INFO - ==================================================
2025-12-25 13:52:42,201 - __main__ - INFO - Creating bot application...
2025-12-25 13:52:42,201 - __main__ - INFO - Creating bot application...
2025-12-25 13:52:42,370 - __main__ - INFO - Bot is running. Press Ctrl+C to stop.
2025-12-25 13:52:42,370 - __main__ - INFO - Bot is running. Press Ctrl+C to stop.
2025-12-25 13:52:43,111 - telegram.ext.Application - INFO - Application started
2025-12-25 13:52:43,111 - telegram.ext.Application - INFO - Application started
2025-12-25 13:53:49,037 - src.services.geolocation - INFO - Created location: Wow at (21.021218, 105.834725) with radius 50m
2025-12-25 13:53:49,037 - src.services.geolocation - INFO - Created location: Wow at (21.021218, 105.834725) with radius 50m
2025-12-25 13:53:49,458 - src.bot.handlers.admin - INFO - Meeting created: Wow by user 5934905697
2025-12-25 13:53:49,458 - src.bot.handlers.admin - INFO - Meeting created: Wow by user 5934905697
2025-12-25 13:53:54,470 - src.bot.middlewares - INFO - Action 'broadcast' started by user 5934905697 (Nguyen Quang Khai)
2025-12-25 13:53:54,470 - src.bot.middlewares - INFO - Action 'broadcast' started by user 5934905697 (Nguyen Quang Khai)
2025-12-25 13:53:55,236 - src.bot.middlewares - INFO - Action 'broadcast' completed successfully for user 5934905697
2025-12-25 13:53:55,236 - src.bot.middlewares - INFO - Action 'broadcast' completed successfully for user 5934905697
2025-12-25 13:54:12,752 - src.bot.middlewares - INFO - Action 'broadcast' started by user 5934905697 (Nguyen Quang Khai)
2025-12-25 13:54:12,752 - src.bot.middlewares - INFO - Action 'broadcast' started by user 5934905697 (Nguyen Quang Khai)
2025-12-25 13:54:14,285 - src.bot.middlewares - INFO - Action 'broadcast' completed successfully for user 5934905697
2025-12-25 13:54:14,285 - src.bot.middlewares - INFO - Action 'broadcast' completed successfully for user 5934905697
2025-12-25 13:54:30,362 - src.bot.handlers.checkin - INFO - User 5934905697 checked in to meeting 1 at location Wow (21.021218, 105.834725)
2025-12-25 13:54:30,362 - src.bot.handlers.checkin - INFO - User 5934905697 checked in to meeting 1 at location Wow (21.021218, 105.834725)
2025-12-25 13:54:33,552 - src.bot.middlewares - INFO - Action 'checkout' started by user 5934905697 (Nguyen Quang Khai)
2025-12-25 13:54:33,552 - src.bot.middlewares - INFO - Action 'checkout' started by user 5934905697 (Nguyen Quang Khai)
2025-12-25 13:54:34,523 - src.bot.middlewares - INFO - Action 'checkout' completed successfully for user 5934905697
2025-12-25 13:54:34,523 - src.bot.middlewares - INFO - Action 'checkout' completed successfully for user 5934905697
2025-12-25 13:55:33,984 - src.bot.handlers.start - INFO - Start command from user 7837391183 (Minh Ngoc)
2025-12-25 13:55:33,984 - src.bot.handlers.start - INFO - Start command from user 7837391183 (Minh Ngoc)
2025-12-25 13:56:09,890 - src.bot.middlewares - INFO - Action 'approve_user' started by user 5934905697 (Nguyen Quang Khai)
2025-12-25 13:56:09,890 - src.bot.middlewares - INFO - Action 'approve_user' started by user 5934905697 (Nguyen Quang Khai)
2025-12-25 13:56:09,893 - src.services.user_service - INFO - User 7837391183 approved by 5934905697
2025-12-25 13:56:09,893 - src.services.user_service - INFO - User 7837391183 approved by 5934905697
2025-12-25 13:56:11,086 - src.bot.middlewares - INFO - Action 'approve_user' completed successfully for user 5934905697
2025-12-25 13:56:11,086 - src.bot.middlewares - INFO - Action 'approve_user' completed successfully for user 5934905697
2025-12-25 14:01:11,862 - src.bot.middlewares - INFO - Action 'today_report' started by user 5934905697 (Nguyen Quang Khai)
2025-12-25 14:01:11,862 - src.bot.middlewares - INFO - Action 'today_report' started by user 5934905697 (Nguyen Quang Khai)
2025-12-25 14:01:11,864 - src.bot.middlewares - ERROR - Action 'today_report' failed for user 5934905697: 'AttendanceLog' object has no attribute 'is_late'
Traceback (most recent call last):
  File "/root/Bot-checkin-Telegram/src/bot/middlewares.py", line 236, in wrapper
    result = await handler(update, context, *args, **kwargs)
             ^^^^^^^^^^^^^^^^^^^^^^^^^^^^^^^^^^^^^^^^^^^^^^^
  File "/root/Bot-checkin-Telegram/src/bot/handlers/admin.py", line 518, in today_command
    report = ExportService.get_daily_report()
             ^^^^^^^^^^^^^^^^^^^^^^^^^^^^^^^^
  File "/root/Bot-checkin-Telegram/src/services/export.py", line 174, in get_daily_report
    is_late = log.is_late or check_in_time > late_threshold
              ^^^^^^^^^^^
AttributeError: 'AttendanceLog' object has no attribute 'is_late'
2025-12-25 14:01:11,864 - src.bot.middlewares - ERROR - Action 'today_report' failed for user 5934905697: 'AttendanceLog' object has no attribute 'is_late'
Traceback (most recent call last):
  File "/root/Bot-checkin-Telegram/src/bot/middlewares.py", line 236, in wrapper
    result = await handler(update, context, *args, **kwargs)
             ^^^^^^^^^^^^^^^^^^^^^^^^^^^^^^^^^^^^^^^^^^^^^^^
  File "/root/Bot-checkin-Telegram/src/bot/handlers/admin.py", line 518, in today_command
    report = ExportService.get_daily_report()
             ^^^^^^^^^^^^^^^^^^^^^^^^^^^^^^^^
  File "/root/Bot-checkin-Telegram/src/services/export.py", line 174, in get_daily_report
    is_late = log.is_late or check_in_time > late_threshold
              ^^^^^^^^^^^
AttributeError: 'AttendanceLog' object has no attribute 'is_late'
2025-12-25 14:01:11,865 - src.bot.handlers.error - ERROR - Exception while handling an update:
Traceback (most recent call last):
  File "/root/Bot-checkin-Telegram/venv/lib/python3.12/site-packages/telegram/ext/_application.py", line 1315, in process_update
    await coroutine
  File "/root/Bot-checkin-Telegram/venv/lib/python3.12/site-packages/telegram/ext/_handlers/basehandler.py", line 159, in handle_update
    return await self.callback(update, context)
           ^^^^^^^^^^^^^^^^^^^^^^^^^^^^^^^^^^^^
  File "/root/Bot-checkin-Telegram/src/bot/middlewares.py", line 77, in wrapper
    return await handler(update, context, *args, **kwargs)
           ^^^^^^^^^^^^^^^^^^^^^^^^^^^^^^^^^^^^^^^^^^^^^^^
  File "/root/Bot-checkin-Telegram/src/bot/middlewares.py", line 195, in wrapper
    return await handler(update, context, *args, **kwargs)
           ^^^^^^^^^^^^^^^^^^^^^^^^^^^^^^^^^^^^^^^^^^^^^^^
  File "/root/Bot-checkin-Telegram/src/bot/middlewares.py", line 236, in wrapper
    result = await handler(update, context, *args, **kwargs)
             ^^^^^^^^^^^^^^^^^^^^^^^^^^^^^^^^^^^^^^^^^^^^^^^
  File "/root/Bot-checkin-Telegram/src/bot/handlers/admin.py", line 518, in today_command
    report = ExportService.get_daily_report()
             ^^^^^^^^^^^^^^^^^^^^^^^^^^^^^^^^
  File "/root/Bot-checkin-Telegram/src/services/export.py", line 174, in get_daily_report
    is_late = log.is_late or check_in_time > late_threshold
              ^^^^^^^^^^^
AttributeError: 'AttendanceLog' object has no attribute 'is_late'
2025-12-25 14:01:11,865 - src.bot.handlers.error - ERROR - Exception while handling an update:
Traceback (most recent call last):
  File "/root/Bot-checkin-Telegram/venv/lib/python3.12/site-packages/telegram/ext/_application.py", line 1315, in process_update
    await coroutine
  File "/root/Bot-checkin-Telegram/venv/lib/python3.12/site-packages/telegram/ext/_handlers/basehandler.py", line 159, in handle_update
    return await self.callback(update, context)
           ^^^^^^^^^^^^^^^^^^^^^^^^^^^^^^^^^^^^
  File "/root/Bot-checkin-Telegram/src/bot/middlewares.py", line 77, in wrapper
    return await handler(update, context, *args, **kwargs)
           ^^^^^^^^^^^^^^^^^^^^^^^^^^^^^^^^^^^^^^^^^^^^^^^
  File "/root/Bot-checkin-Telegram/src/bot/middlewares.py", line 195, in wrapper
    return await handler(update, context, *args, **kwargs)
           ^^^^^^^^^^^^^^^^^^^^^^^^^^^^^^^^^^^^^^^^^^^^^^^
  File "/root/Bot-checkin-Telegram/src/bot/middlewares.py", line 236, in wrapper
    result = await handler(update, context, *args, **kwargs)
             ^^^^^^^^^^^^^^^^^^^^^^^^^^^^^^^^^^^^^^^^^^^^^^^
  File "/root/Bot-checkin-Telegram/src/bot/handlers/admin.py", line 518, in today_command
    report = ExportService.get_daily_report()
             ^^^^^^^^^^^^^^^^^^^^^^^^^^^^^^^^
  File "/root/Bot-checkin-Telegram/src/services/export.py", line 174, in get_daily_report
    is_late = log.is_late or check_in_time > late_threshold
              ^^^^^^^^^^^
AttributeError: 'AttendanceLog' object has no attribute 'is_late'
2025-12-25 14:01:28,288 - src.bot.handlers.error - ERROR - Exception while handling an update:
Traceback (most recent call last):
  File "/root/Bot-checkin-Telegram/venv/lib/python3.12/site-packages/telegram/ext/_application.py", line 1315, in process_update
    await coroutine
  File "/root/Bot-checkin-Telegram/venv/lib/python3.12/site-packages/telegram/ext/_handlers/basehandler.py", line 159, in handle_update
    return await self.callback(update, context)
           ^^^^^^^^^^^^^^^^^^^^^^^^^^^^^^^^^^^^
  File "/root/Bot-checkin-Telegram/src/bot/middlewares.py", line 77, in wrapper
    return await handler(update, context, *args, **kwargs)
           ^^^^^^^^^^^^^^^^^^^^^^^^^^^^^^^^^^^^^^^^^^^^^^^
  File "/root/Bot-checkin-Telegram/src/bot/middlewares.py", line 195, in wrapper
    return await handler(update, context, *args, **kwargs)
           ^^^^^^^^^^^^^^^^^^^^^^^^^^^^^^^^^^^^^^^^^^^^^^^
  File "/root/Bot-checkin-Telegram/src/bot/handlers/admin.py", line 589, in stats_command
    today_report = ExportService.get_daily_report()
                   ^^^^^^^^^^^^^^^^^^^^^^^^^^^^^^^^
  File "/root/Bot-checkin-Telegram/src/services/export.py", line 174, in get_daily_report
    is_late = log.is_late or check_in_time > late_threshold
              ^^^^^^^^^^^
AttributeError: 'AttendanceLog' object has no attribute 'is_late'
2025-12-25 14:01:28,288 - src.bot.handlers.error - ERROR - Exception while handling an update:
Traceback (most recent call last):
  File "/root/Bot-checkin-Telegram/venv/lib/python3.12/site-packages/telegram/ext/_application.py", line 1315, in process_update
    await coroutine
  File "/root/Bot-checkin-Telegram/venv/lib/python3.12/site-packages/telegram/ext/_handlers/basehandler.py", line 159, in handle_update
    return await self.callback(update, context)
           ^^^^^^^^^^^^^^^^^^^^^^^^^^^^^^^^^^^^
  File "/root/Bot-checkin-Telegram/src/bot/middlewares.py", line 77, in wrapper
    return await handler(update, context, *args, **kwargs)
           ^^^^^^^^^^^^^^^^^^^^^^^^^^^^^^^^^^^^^^^^^^^^^^^
  File "/root/Bot-checkin-Telegram/src/bot/middlewares.py", line 195, in wrapper
    return await handler(update, context, *args, **kwargs)
           ^^^^^^^^^^^^^^^^^^^^^^^^^^^^^^^^^^^^^^^^^^^^^^^
  File "/root/Bot-checkin-Telegram/src/bot/handlers/admin.py", line 589, in stats_command
    today_report = ExportService.get_daily_report()
                   ^^^^^^^^^^^^^^^^^^^^^^^^^^^^^^^^
  File "/root/Bot-checkin-Telegram/src/services/export.py", line 174, in get_daily_report
    is_late = log.is_late or check_in_time > late_threshold
              ^^^^^^^^^^^
AttributeError: 'AttendanceLog' object has no attribute 'is_late'
2025-12-25 14:02:06,285 - src.bot.middlewares - INFO - Action 'checkout' started by user 7837391183 (Minh Ngoc)
2025-12-25 14:02:06,285 - src.bot.middlewares - INFO - Action 'checkout' started by user 7837391183 (Minh Ngoc)
2025-12-25 14:02:06,720 - src.bot.middlewares - INFO - Action 'checkout' completed successfully for user 7837391183
2025-12-25 14:02:06,720 - src.bot.middlewares - INFO - Action 'checkout' completed successfully for user 7837391183
2025-12-25 14:02:08,526 - src.bot.middlewares - INFO - Action 'checkout' started by user 7837391183 (Minh Ngoc)
2025-12-25 14:02:08,526 - src.bot.middlewares - INFO - Action 'checkout' started by user 7837391183 (Minh Ngoc)
2025-12-25 14:02:08,908 - src.bot.middlewares - INFO - Action 'checkout' completed successfully for user 7837391183
2025-12-25 14:02:08,908 - src.bot.middlewares - INFO - Action 'checkout' completed successfully for user 7837391183
2025-12-25 14:02:43,076 - telegram.ext.Application - INFO - Application is stopping. This might take a moment.
2025-12-25 14:02:43,076 - telegram.ext.Application - INFO - Application is stopping. This might take a moment.
2025-12-25 14:02:43,077 - telegram.ext.Application - INFO - Application.stop() complete
2025-12-25 14:02:43,077 - telegram.ext.Application - INFO - Application.stop() complete
2025-12-25 14:02:43,077 - __main__ - INFO - Bot shutdown complete.
2025-12-25 14:02:43,077 - __main__ - INFO - Bot shutdown complete.
2025-12-25 14:02:49,321 - __main__ - INFO - ==================================================
2025-12-25 14:02:49,321 - __main__ - INFO - ==================================================
2025-12-25 14:02:49,322 - __main__ - INFO - Starting Telegram Attendance Bot...
2025-12-25 14:02:49,322 - __main__ - INFO - Starting Telegram Attendance Bot...
2025-12-25 14:02:49,322 - __main__ - INFO - Database: sqlite:///./attendance.db
2025-12-25 14:02:49,322 - __main__ - INFO - Database: sqlite:///./attendance.db
2025-12-25 14:02:49,322 - __main__ - INFO - Timezone: Asia/Ho_Chi_Minh
2025-12-25 14:02:49,322 - __main__ - INFO - Timezone: Asia/Ho_Chi_Minh
2025-12-25 14:02:49,322 - __main__ - INFO - Work start: 17:45
2025-12-25 14:02:49,322 - __main__ - INFO - Work start: 17:45
2025-12-25 14:02:49,322 - __main__ - INFO - Late threshold: 1440 minutes
2025-12-25 14:02:49,322 - __main__ - INFO - Late threshold: 1440 minutes
2025-12-25 14:02:49,322 - __main__ - INFO - Geofence radius: 50.0m
2025-12-25 14:02:49,322 - __main__ - INFO - Geofence radius: 50.0m
2025-12-25 14:02:49,322 - __main__ - INFO - Super admins: [5934905697]
2025-12-25 14:02:49,322 - __main__ - INFO - Super admins: [5934905697]
2025-12-25 14:02:49,322 - __main__ - INFO - ==================================================
2025-12-25 14:02:49,322 - __main__ - INFO - ==================================================
2025-12-25 14:02:49,322 - __main__ - INFO - Creating bot application...
2025-12-25 14:02:49,322 - __main__ - INFO - Creating bot application...
2025-12-25 14:02:49,468 - __main__ - INFO - Bot is running. Press Ctrl+C to stop.
2025-12-25 14:02:49,468 - __main__ - INFO - Bot is running. Press Ctrl+C to stop.
2025-12-25 14:02:50,454 - telegram.ext.Application - INFO - Application started
2025-12-25 14:02:50,454 - telegram.ext.Application - INFO - Application started
2025-12-25 14:04:02,424 - src.bot.handlers.error - ERROR - Exception while handling an update:
Traceback (most recent call last):
  File "/root/Bot-checkin-Telegram/venv/lib/python3.12/site-packages/telegram/ext/_application.py", line 1315, in process_update
    await coroutine
  File "/root/Bot-checkin-Telegram/venv/lib/python3.12/site-packages/telegram/ext/_handlers/basehandler.py", line 159, in handle_update
    return await self.callback(update, context)
           ^^^^^^^^^^^^^^^^^^^^^^^^^^^^^^^^^^^^
  File "/root/Bot-checkin-Telegram/src/bot/middlewares.py", line 77, in wrapper
    return await handler(update, context, *args, **kwargs)
           ^^^^^^^^^^^^^^^^^^^^^^^^^^^^^^^^^^^^^^^^^^^^^^^
  File "/root/Bot-checkin-Telegram/src/bot/middlewares.py", line 195, in wrapper
    return await handler(update, context, *args, **kwargs)
           ^^^^^^^^^^^^^^^^^^^^^^^^^^^^^^^^^^^^^^^^^^^^^^^
  File "/root/Bot-checkin-Telegram/src/bot/handlers/admin.py", line 589, in stats_command
    today_report = ExportService.get_daily_report()
                   ^^^^^^^^^^^^^^^^^^^^^^^^^^^^^^^^
  File "/root/Bot-checkin-Telegram/src/services/export.py", line 179, in get_daily_report
    is_late = _get_is_late(log) or check_in_time > late_threshold
                                   ^^^^^^^^^^^^^^^^^^^^^^^^^^^^^^
TypeError: can't compare offset-naive and offset-aware datetimes
2025-12-25 14:04:02,424 - src.bot.handlers.error - ERROR - Exception while handling an update:
Traceback (most recent call last):
  File "/root/Bot-checkin-Telegram/venv/lib/python3.12/site-packages/telegram/ext/_application.py", line 1315, in process_update
    await coroutine
  File "/root/Bot-checkin-Telegram/venv/lib/python3.12/site-packages/telegram/ext/_handlers/basehandler.py", line 159, in handle_update
    return await self.callback(update, context)
           ^^^^^^^^^^^^^^^^^^^^^^^^^^^^^^^^^^^^
  File "/root/Bot-checkin-Telegram/src/bot/middlewares.py", line 77, in wrapper
    return await handler(update, context, *args, **kwargs)
           ^^^^^^^^^^^^^^^^^^^^^^^^^^^^^^^^^^^^^^^^^^^^^^^
  File "/root/Bot-checkin-Telegram/src/bot/middlewares.py", line 195, in wrapper
    return await handler(update, context, *args, **kwargs)
           ^^^^^^^^^^^^^^^^^^^^^^^^^^^^^^^^^^^^^^^^^^^^^^^
  File "/root/Bot-checkin-Telegram/src/bot/handlers/admin.py", line 589, in stats_command
    today_report = ExportService.get_daily_report()
                   ^^^^^^^^^^^^^^^^^^^^^^^^^^^^^^^^
  File "/root/Bot-checkin-Telegram/src/services/export.py", line 179, in get_daily_report
    is_late = _get_is_late(log) or check_in_time > late_threshold
                                   ^^^^^^^^^^^^^^^^^^^^^^^^^^^^^^
TypeError: can't compare offset-naive and offset-aware datetimes
2025-12-25 14:04:14,262 - src.bot.middlewares - INFO - Action 'today_report' started by user 5934905697 (Nguyen Quang Khai)
2025-12-25 14:04:14,262 - src.bot.middlewares - INFO - Action 'today_report' started by user 5934905697 (Nguyen Quang Khai)
2025-12-25 14:04:14,265 - src.bot.middlewares - ERROR - Action 'today_report' failed for user 5934905697: can't compare offset-naive and offset-aware datetimes
Traceback (most recent call last):
  File "/root/Bot-checkin-Telegram/src/bot/middlewares.py", line 236, in wrapper
    result = await handler(update, context, *args, **kwargs)
             ^^^^^^^^^^^^^^^^^^^^^^^^^^^^^^^^^^^^^^^^^^^^^^^
  File "/root/Bot-checkin-Telegram/src/bot/handlers/admin.py", line 518, in today_command
    report = ExportService.get_daily_report()
             ^^^^^^^^^^^^^^^^^^^^^^^^^^^^^^^^
  File "/root/Bot-checkin-Telegram/src/services/export.py", line 179, in get_daily_report
    is_late = _get_is_late(log) or check_in_time > late_threshold
                                   ^^^^^^^^^^^^^^^^^^^^^^^^^^^^^^
TypeError: can't compare offset-naive and offset-aware datetimes
2025-12-25 14:04:14,265 - src.bot.middlewares - ERROR - Action 'today_report' failed for user 5934905697: can't compare offset-naive and offset-aware datetimes
Traceback (most recent call last):
  File "/root/Bot-checkin-Telegram/src/bot/middlewares.py", line 236, in wrapper
    result = await handler(update, context, *args, **kwargs)
             ^^^^^^^^^^^^^^^^^^^^^^^^^^^^^^^^^^^^^^^^^^^^^^^
  File "/root/Bot-checkin-Telegram/src/bot/handlers/admin.py", line 518, in today_command
    report = ExportService.get_daily_report()
             ^^^^^^^^^^^^^^^^^^^^^^^^^^^^^^^^
  File "/root/Bot-checkin-Telegram/src/services/export.py", line 179, in get_daily_report
    is_late = _get_is_late(log) or check_in_time > late_threshold
                                   ^^^^^^^^^^^^^^^^^^^^^^^^^^^^^^
TypeError: can't compare offset-naive and offset-aware datetimes
2025-12-25 14:04:14,265 - src.bot.handlers.error - ERROR - Exception while handling an update:
Traceback (most recent call last):
  File "/root/Bot-checkin-Telegram/venv/lib/python3.12/site-packages/telegram/ext/_application.py", line 1315, in process_update
    await coroutine
  File "/root/Bot-checkin-Telegram/venv/lib/python3.12/site-packages/telegram/ext/_handlers/basehandler.py", line 159, in handle_update
    return await self.callback(update, context)
           ^^^^^^^^^^^^^^^^^^^^^^^^^^^^^^^^^^^^
  File "/root/Bot-checkin-Telegram/src/bot/middlewares.py", line 77, in wrapper
    return await handler(update, context, *args, **kwargs)
           ^^^^^^^^^^^^^^^^^^^^^^^^^^^^^^^^^^^^^^^^^^^^^^^
  File "/root/Bot-checkin-Telegram/src/bot/middlewares.py", line 195, in wrapper
    return await handler(update, context, *args, **kwargs)
           ^^^^^^^^^^^^^^^^^^^^^^^^^^^^^^^^^^^^^^^^^^^^^^^
  File "/root/Bot-checkin-Telegram/src/bot/middlewares.py", line 236, in wrapper
    result = await handler(update, context, *args, **kwargs)
             ^^^^^^^^^^^^^^^^^^^^^^^^^^^^^^^^^^^^^^^^^^^^^^^
  File "/root/Bot-checkin-Telegram/src/bot/handlers/admin.py", line 518, in today_command
    report = ExportService.get_daily_report()
             ^^^^^^^^^^^^^^^^^^^^^^^^^^^^^^^^
  File "/root/Bot-checkin-Telegram/src/services/export.py", line 179, in get_daily_report
    is_late = _get_is_late(log) or check_in_time > late_threshold
                                   ^^^^^^^^^^^^^^^^^^^^^^^^^^^^^^
TypeError: can't compare offset-naive and offset-aware datetimes
2025-12-25 14:04:14,265 - src.bot.handlers.error - ERROR - Exception while handling an update:
Traceback (most recent call last):
  File "/root/Bot-checkin-Telegram/venv/lib/python3.12/site-packages/telegram/ext/_application.py", line 1315, in process_update
    await coroutine
  File "/root/Bot-checkin-Telegram/venv/lib/python3.12/site-packages/telegram/ext/_handlers/basehandler.py", line 159, in handle_update
    return await self.callback(update, context)
           ^^^^^^^^^^^^^^^^^^^^^^^^^^^^^^^^^^^^
  File "/root/Bot-checkin-Telegram/src/bot/middlewares.py", line 77, in wrapper
    return await handler(update, context, *args, **kwargs)
           ^^^^^^^^^^^^^^^^^^^^^^^^^^^^^^^^^^^^^^^^^^^^^^^
  File "/root/Bot-checkin-Telegram/src/bot/middlewares.py", line 195, in wrapper
    return await handler(update, context, *args, **kwargs)
           ^^^^^^^^^^^^^^^^^^^^^^^^^^^^^^^^^^^^^^^^^^^^^^^
  File "/root/Bot-checkin-Telegram/src/bot/middlewares.py", line 236, in wrapper
    result = await handler(update, context, *args, **kwargs)
             ^^^^^^^^^^^^^^^^^^^^^^^^^^^^^^^^^^^^^^^^^^^^^^^
  File "/root/Bot-checkin-Telegram/src/bot/handlers/admin.py", line 518, in today_command
    report = ExportService.get_daily_report()
             ^^^^^^^^^^^^^^^^^^^^^^^^^^^^^^^^
  File "/root/Bot-checkin-Telegram/src/services/export.py", line 179, in get_daily_report
    is_late = _get_is_late(log) or check_in_time > late_threshold
                                   ^^^^^^^^^^^^^^^^^^^^^^^^^^^^^^
TypeError: can't compare offset-naive and offset-aware datetimes
2025-12-25 14:04:30,594 - telegram.ext.Application - INFO - Application is stopping. This might take a moment.
2025-12-25 14:04:30,594 - telegram.ext.Application - INFO - Application is stopping. This might take a moment.
2025-12-25 14:04:30,594 - telegram.ext.Application - INFO - Application.stop() complete
2025-12-25 14:04:30,594 - telegram.ext.Application - INFO - Application.stop() complete
2025-12-25 14:04:30,596 - __main__ - INFO - Bot shutdown complete.
2025-12-25 14:04:30,596 - __main__ - INFO - Bot shutdown complete.
2025-12-25 14:04:36,704 - __main__ - INFO - ==================================================
2025-12-25 14:04:36,704 - __main__ - INFO - ==================================================
2025-12-25 14:04:36,704 - __main__ - INFO - Starting Telegram Attendance Bot...
2025-12-25 14:04:36,704 - __main__ - INFO - Starting Telegram Attendance Bot...
2025-12-25 14:04:36,704 - __main__ - INFO - Database: sqlite:///./attendance.db
2025-12-25 14:04:36,704 - __main__ - INFO - Database: sqlite:///./attendance.db
2025-12-25 14:04:36,704 - __main__ - INFO - Timezone: Asia/Ho_Chi_Minh
2025-12-25 14:04:36,704 - __main__ - INFO - Timezone: Asia/Ho_Chi_Minh
2025-12-25 14:04:36,704 - __main__ - INFO - Work start: 17:45
2025-12-25 14:04:36,704 - __main__ - INFO - Work start: 17:45
2025-12-25 14:04:36,704 - __main__ - INFO - Late threshold: 1440 minutes
2025-12-25 14:04:36,704 - __main__ - INFO - Late threshold: 1440 minutes
2025-12-25 14:04:36,704 - __main__ - INFO - Geofence radius: 50.0m
2025-12-25 14:04:36,704 - __main__ - INFO - Geofence radius: 50.0m
2025-12-25 14:04:36,704 - __main__ - INFO - Super admins: [5934905697]
2025-12-25 14:04:36,704 - __main__ - INFO - Super admins: [5934905697]
2025-12-25 14:04:36,704 - __main__ - INFO - ==================================================
2025-12-25 14:04:36,704 - __main__ - INFO - ==================================================
2025-12-25 14:04:36,704 - __main__ - INFO - Creating bot application...
2025-12-25 14:04:36,704 - __main__ - INFO - Creating bot application...
2025-12-25 14:04:36,929 - __main__ - INFO - Bot is running. Press Ctrl+C to stop.
2025-12-25 14:04:36,929 - __main__ - INFO - Bot is running. Press Ctrl+C to stop.
2025-12-25 14:04:37,698 - telegram.ext.Application - INFO - Application started
2025-12-25 14:04:37,698 - telegram.ext.Application - INFO - Application started
2025-12-25 14:16:04,891 - src.bot.middlewares - INFO - Action 'today_report' started by user 5934905697 (Nguyen Quang Khai)
2025-12-25 14:16:04,891 - src.bot.middlewares - INFO - Action 'today_report' started by user 5934905697 (Nguyen Quang Khai)
2025-12-25 14:16:05,688 - src.bot.middlewares - INFO - Action 'today_report' completed successfully for user 5934905697
2025-12-25 14:16:05,688 - src.bot.middlewares - INFO - Action 'today_report' completed successfully for user 5934905697
2025-12-25 14:16:33,577 - src.bot.handlers.evidence - INFO - Evidence created: #2 by Nguyen Quang Khai - 202418923 (5934905697) - 10 points
2025-12-25 14:16:33,577 - src.bot.handlers.evidence - INFO - Evidence created: #2 by Nguyen Quang Khai - 202418923 (5934905697) - 10 points
2025-12-25 14:16:56,586 - src.bot.handlers.evidence - INFO - Evidence created: #3 by Nhomp (7837391183) - 15 points
2025-12-25 14:16:56,586 - src.bot.handlers.evidence - INFO - Evidence created: #3 by Nhomp (7837391183) - 15 points
2025-12-25 14:17:35,577 - src.bot.middlewares - INFO - Action 'broadcast' started by user 5934905697 (Nguyen Quang Khai)
2025-12-25 14:17:35,577 - src.bot.middlewares - INFO - Action 'broadcast' started by user 5934905697 (Nguyen Quang Khai)
2025-12-25 14:17:37,535 - src.bot.middlewares - INFO - Action 'broadcast' completed successfully for user 5934905697
2025-12-25 14:17:37,535 - src.bot.middlewares - INFO - Action 'broadcast' completed successfully for user 5934905697
2025-12-25 14:18:05,552 - src.bot.middlewares - INFO - Action 'today_report' started by user 5934905697 (Nguyen Quang Khai)
2025-12-25 14:18:05,552 - src.bot.middlewares - INFO - Action 'today_report' started by user 5934905697 (Nguyen Quang Khai)
2025-12-25 14:18:05,947 - src.bot.middlewares - INFO - Action 'today_report' completed successfully for user 5934905697
2025-12-25 14:18:05,947 - src.bot.middlewares - INFO - Action 'today_report' completed successfully for user 5934905697
2025-12-25 14:18:35,168 - src.bot.middlewares - INFO - Action 'checkout' started by user 7837391183 (Minh Ngoc)
2025-12-25 14:18:35,168 - src.bot.middlewares - INFO - Action 'checkout' started by user 7837391183 (Minh Ngoc)
2025-12-25 14:18:35,548 - src.bot.middlewares - INFO - Action 'checkout' completed successfully for user 7837391183
2025-12-25 14:18:35,548 - src.bot.middlewares - INFO - Action 'checkout' completed successfully for user 7837391183
2025-12-25 14:23:17,901 - src.bot.middlewares - INFO - Action 'checkout' started by user 7837391183 (Minh Ngoc)
2025-12-25 14:23:17,901 - src.bot.middlewares - INFO - Action 'checkout' started by user 7837391183 (Minh Ngoc)
2025-12-25 14:23:18,284 - src.bot.middlewares - INFO - Action 'checkout' completed successfully for user 7837391183
2025-12-25 14:23:18,284 - src.bot.middlewares - INFO - Action 'checkout' completed successfully for user 7837391183
2025-12-25 14:23:22,208 - src.bot.middlewares - INFO - Action 'delete_location' started by user 5934905697 (Nguyen Quang Khai)
2025-12-25 14:23:22,208 - src.bot.middlewares - INFO - Action 'delete_location' started by user 5934905697 (Nguyen Quang Khai)
2025-12-25 14:23:22,581 - src.bot.middlewares - INFO - Action 'delete_location' completed successfully for user 5934905697
2025-12-25 14:23:22,581 - src.bot.middlewares - INFO - Action 'delete_location' completed successfully for user 5934905697
2025-12-25 14:23:26,395 - telegram.ext.Application - INFO - Application is stopping. This might take a moment.
2025-12-25 14:23:26,395 - telegram.ext.Application - INFO - Application is stopping. This might take a moment.
2025-12-25 14:23:26,395 - telegram.ext.Application - INFO - Application.stop() complete
2025-12-25 14:23:26,395 - telegram.ext.Application - INFO - Application.stop() complete
2025-12-25 14:23:26,396 - __main__ - INFO - Bot shutdown complete.
2025-12-25 14:23:26,396 - __main__ - INFO - Bot shutdown complete.
2025-12-25 14:23:32,736 - __main__ - INFO - ==================================================
2025-12-25 14:23:32,736 - __main__ - INFO - ==================================================
2025-12-25 14:23:32,736 - __main__ - INFO - Starting Telegram Attendance Bot...
2025-12-25 14:23:32,736 - __main__ - INFO - Starting Telegram Attendance Bot...
2025-12-25 14:23:32,736 - __main__ - INFO - Database: sqlite:///./attendance.db
2025-12-25 14:23:32,736 - __main__ - INFO - Database: sqlite:///./attendance.db
2025-12-25 14:23:32,736 - __main__ - INFO - Timezone: Asia/Ho_Chi_Minh
2025-12-25 14:23:32,736 - __main__ - INFO - Timezone: Asia/Ho_Chi_Minh
2025-12-25 14:23:32,736 - __main__ - INFO - Work start: 17:45
2025-12-25 14:23:32,736 - __main__ - INFO - Work start: 17:45
2025-12-25 14:23:32,737 - __main__ - INFO - Late threshold: 1440 minutes
2025-12-25 14:23:32,737 - __main__ - INFO - Late threshold: 1440 minutes
2025-12-25 14:23:32,737 - __main__ - INFO - Geofence radius: 50.0m
2025-12-25 14:23:32,737 - __main__ - INFO - Geofence radius: 50.0m
2025-12-25 14:23:32,737 - __main__ - INFO - Super admins: [5934905697]
2025-12-25 14:23:32,737 - __main__ - INFO - Super admins: [5934905697]
2025-12-25 14:23:32,737 - __main__ - INFO - ==================================================
2025-12-25 14:23:32,737 - __main__ - INFO - ==================================================
2025-12-25 14:23:32,737 - __main__ - INFO - Creating bot application...
2025-12-25 14:23:32,737 - __main__ - INFO - Creating bot application...
2025-12-25 14:23:33,023 - __main__ - INFO - Bot is running. Press Ctrl+C to stop.
2025-12-25 14:23:33,023 - __main__ - INFO - Bot is running. Press Ctrl+C to stop.
2025-12-25 14:23:33,828 - telegram.ext.Application - INFO - Application started
2025-12-25 14:23:33,828 - telegram.ext.Application - INFO - Application started
2025-12-25 14:24:37,273 - src.bot.middlewares - INFO - Action 'export_excel' started by user 5934905697 (Nguyen Quang Khai)
2025-12-25 14:24:37,273 - src.bot.middlewares - INFO - Action 'export_excel' started by user 5934905697 (Nguyen Quang Khai)
2025-12-25 14:24:38,812 - src.bot.middlewares - INFO - Action 'export_excel' completed successfully for user 5934905697
2025-12-25 14:24:38,812 - src.bot.middlewares - INFO - Action 'export_excel' completed successfully for user 5934905697
2025-12-25 14:26:23,149 - telegram.ext.Application - INFO - Application is stopping. This might take a moment.
2025-12-25 14:26:23,149 - telegram.ext.Application - INFO - Application is stopping. This might take a moment.
2025-12-25 14:26:23,150 - telegram.ext.Application - INFO - Application.stop() complete
2025-12-25 14:26:23,150 - telegram.ext.Application - INFO - Application.stop() complete
2025-12-25 14:26:23,151 - __main__ - INFO - Bot shutdown complete.
2025-12-25 14:26:23,151 - __main__ - INFO - Bot shutdown complete.
2025-12-25 14:26:28,780 - __main__ - INFO - ==================================================
2025-12-25 14:26:28,780 - __main__ - INFO - ==================================================
2025-12-25 14:26:28,781 - __main__ - INFO - Starting Telegram Attendance Bot...
2025-12-25 14:26:28,781 - __main__ - INFO - Starting Telegram Attendance Bot...
2025-12-25 14:26:28,781 - __main__ - INFO - Database: sqlite:///./attendance.db
2025-12-25 14:26:28,781 - __main__ - INFO - Database: sqlite:///./attendance.db
2025-12-25 14:26:28,781 - __main__ - INFO - Timezone: Asia/Ho_Chi_Minh
2025-12-25 14:26:28,781 - __main__ - INFO - Timezone: Asia/Ho_Chi_Minh
2025-12-25 14:26:28,781 - __main__ - INFO - Work start: 17:45
2025-12-25 14:26:28,781 - __main__ - INFO - Work start: 17:45
2025-12-25 14:26:28,781 - __main__ - INFO - Late threshold: 1440 minutes
2025-12-25 14:26:28,781 - __main__ - INFO - Late threshold: 1440 minutes
2025-12-25 14:26:28,781 - __main__ - INFO - Geofence radius: 50.0m
2025-12-25 14:26:28,781 - __main__ - INFO - Geofence radius: 50.0m
2025-12-25 14:26:28,781 - __main__ - INFO - Super admins: [5934905697]
2025-12-25 14:26:28,781 - __main__ - INFO - Super admins: [5934905697]
2025-12-25 14:26:28,781 - __main__ - INFO - ==================================================
2025-12-25 14:26:28,781 - __main__ - INFO - ==================================================
2025-12-25 14:26:28,781 - __main__ - INFO - Creating bot application...
2025-12-25 14:26:28,781 - __main__ - INFO - Creating bot application...
2025-12-25 14:26:28,940 - __main__ - INFO - Bot is running. Press Ctrl+C to stop.
2025-12-25 14:26:28,940 - __main__ - INFO - Bot is running. Press Ctrl+C to stop.
2025-12-25 14:26:29,715 - telegram.ext.Application - INFO - Application started
2025-12-25 14:26:29,715 - telegram.ext.Application - INFO - Application started
2025-12-25 14:27:08,802 - src.bot.middlewares - INFO - Action 'export_excel' started by user 5934905697 (Nguyen Quang Khai)
2025-12-25 14:27:08,802 - src.bot.middlewares - INFO - Action 'export_excel' started by user 5934905697 (Nguyen Quang Khai)
2025-12-25 14:27:10,571 - src.bot.middlewares - INFO - Action 'export_excel' completed successfully for user 5934905697
2025-12-25 14:27:10,571 - src.bot.middlewares - INFO - Action 'export_excel' completed successfully for user 5934905697
2025-12-25 14:43:43,506 - src.bot.middlewares - INFO - Action 'export_excel' started by user 5934905697 (Nguyen Quang Khai)
2025-12-25 14:43:43,506 - src.bot.middlewares - INFO - Action 'export_excel' started by user 5934905697 (Nguyen Quang Khai)
2025-12-25 14:43:45,637 - src.bot.middlewares - INFO - Action 'export_excel' completed successfully for user 5934905697
2025-12-25 14:43:45,637 - src.bot.middlewares - INFO - Action 'export_excel' completed successfully for user 5934905697
2025-12-28 08:14:24,889 - __main__ - INFO - ==================================================
2025-12-28 08:14:24,889 - __main__ - INFO - ==================================================
2025-12-28 08:14:24,890 - __main__ - INFO - Starting Telegram Attendance Bot...
2025-12-28 08:14:24,890 - __main__ - INFO - Starting Telegram Attendance Bot...
2025-12-28 08:14:24,890 - __main__ - INFO - Database: sqlite:///./attendance.db
2025-12-28 08:14:24,890 - __main__ - INFO - Database: sqlite:///./attendance.db
2025-12-28 08:14:24,890 - __main__ - INFO - Timezone: Asia/Ho_Chi_Minh
2025-12-28 08:14:24,890 - __main__ - INFO - Timezone: Asia/Ho_Chi_Minh
2025-12-28 08:14:24,890 - __main__ - INFO - Work start: 17:45
2025-12-28 08:14:24,890 - __main__ - INFO - Work start: 17:45
2025-12-28 08:14:24,890 - __main__ - INFO - Late threshold: 1440 minutes
2025-12-28 08:14:24,890 - __main__ - INFO - Late threshold: 1440 minutes
2025-12-28 08:14:24,890 - __main__ - INFO - Geofence radius: 50.0m
2025-12-28 08:14:24,890 - __main__ - INFO - Geofence radius: 50.0m
2025-12-28 08:14:24,890 - __main__ - INFO - Super admins: [5934905697]
2025-12-28 08:14:24,890 - __main__ - INFO - Super admins: [5934905697]
2025-12-28 08:14:24,890 - __main__ - INFO - ==================================================
2025-12-28 08:14:24,890 - __main__ - INFO - ==================================================
2025-12-28 08:14:24,890 - __main__ - INFO - Creating bot application...
2025-12-28 08:14:24,890 - __main__ - INFO - Creating bot application...
2025-12-28 08:14:25,119 - __main__ - INFO - Bot is running. Press Ctrl+C to stop.
2025-12-28 08:14:25,119 - __main__ - INFO - Bot is running. Press Ctrl+C to stop.
2025-12-28 08:14:30,131 - telegram.ext - ERROR - Network Retry Loop (Bootstrap Initialize Application): Failed run number 0 of 0. Aborting.
Traceback (most recent call last):
  File "/root/Bot-checkin-Telegram/venv/lib/python3.12/site-packages/httpx/_transports/default.py", line 101, in map_httpcore_exceptions
    yield
  File "/root/Bot-checkin-Telegram/venv/lib/python3.12/site-packages/httpx/_transports/default.py", line 394, in handle_async_request
    resp = await self._pool.handle_async_request(req)
           ^^^^^^^^^^^^^^^^^^^^^^^^^^^^^^^^^^^^^^^^^^
  File "/root/Bot-checkin-Telegram/venv/lib/python3.12/site-packages/httpcore/_async/connection_pool.py", line 256, in handle_async_request
    raise exc from None
  File "/root/Bot-checkin-Telegram/venv/lib/python3.12/site-packages/httpcore/_async/connection_pool.py", line 236, in handle_async_request
    response = await connection.handle_async_request(
               ^^^^^^^^^^^^^^^^^^^^^^^^^^^^^^^^^^^^^^
  File "/root/Bot-checkin-Telegram/venv/lib/python3.12/site-packages/httpcore/_async/connection.py", line 101, in handle_async_request
    raise exc
  File "/root/Bot-checkin-Telegram/venv/lib/python3.12/site-packages/httpcore/_async/connection.py", line 78, in handle_async_request
    stream = await self._connect(request)
             ^^^^^^^^^^^^^^^^^^^^^^^^^^^^
  File "/root/Bot-checkin-Telegram/venv/lib/python3.12/site-packages/httpcore/_async/connection.py", line 124, in _connect
    stream = await self._network_backend.connect_tcp(**kwargs)
             ^^^^^^^^^^^^^^^^^^^^^^^^^^^^^^^^^^^^^^^^^^^^^^^^^
  File "/root/Bot-checkin-Telegram/venv/lib/python3.12/site-packages/httpcore/_backends/auto.py", line 31, in connect_tcp
    return await self._backend.connect_tcp(
           ^^^^^^^^^^^^^^^^^^^^^^^^^^^^^^^^
  File "/root/Bot-checkin-Telegram/venv/lib/python3.12/site-packages/httpcore/_backends/anyio.py", line 113, in connect_tcp
    with map_exceptions(exc_map):
  File "/usr/lib/python3.12/contextlib.py", line 158, in __exit__
    self.gen.throw(value)
  File "/root/Bot-checkin-Telegram/venv/lib/python3.12/site-packages/httpcore/_exceptions.py", line 14, in map_exceptions
    raise to_exc(exc) from exc
httpcore.ConnectError: [Errno -3] Temporary failure in name resolution

The above exception was the direct cause of the following exception:

Traceback (most recent call last):
  File "/root/Bot-checkin-Telegram/venv/lib/python3.12/site-packages/telegram/request/_httpxrequest.py", line 279, in do_request
    res = await self._client.request(
          ^^^^^^^^^^^^^^^^^^^^^^^^^^^
  File "/root/Bot-checkin-Telegram/venv/lib/python3.12/site-packages/httpx/_client.py", line 1540, in request
    return await self.send(request, auth=auth, follow_redirects=follow_redirects)
           ^^^^^^^^^^^^^^^^^^^^^^^^^^^^^^^^^^^^^^^^^^^^^^^^^^^^^^^^^^^^^^^^^^^^^^
  File "/root/Bot-checkin-Telegram/venv/lib/python3.12/site-packages/httpx/_client.py", line 1629, in send
    response = await self._send_handling_auth(
               ^^^^^^^^^^^^^^^^^^^^^^^^^^^^^^^
  File "/root/Bot-checkin-Telegram/venv/lib/python3.12/site-packages/httpx/_client.py", line 1657, in _send_handling_auth
    response = await self._send_handling_redirects(
               ^^^^^^^^^^^^^^^^^^^^^^^^^^^^^^^^^^^^
  File "/root/Bot-checkin-Telegram/venv/lib/python3.12/site-packages/httpx/_client.py", line 1694, in _send_handling_redirects
    response = await self._send_single_request(request)
               ^^^^^^^^^^^^^^^^^^^^^^^^^^^^^^^^^^^^^^^^
  File "/root/Bot-checkin-Telegram/venv/lib/python3.12/site-packages/httpx/_client.py", line 1730, in _send_single_request
    response = await transport.handle_async_request(request)
               ^^^^^^^^^^^^^^^^^^^^^^^^^^^^^^^^^^^^^^^^^^^^^
  File "/root/Bot-checkin-Telegram/venv/lib/python3.12/site-packages/httpx/_transports/default.py", line 393, in handle_async_request
    with map_httpcore_exceptions():
  File "/usr/lib/python3.12/contextlib.py", line 158, in __exit__
    self.gen.throw(value)
  File "/root/Bot-checkin-Telegram/venv/lib/python3.12/site-packages/httpx/_transports/default.py", line 118, in map_httpcore_exceptions
    raise mapped_exc(message) from exc
httpx.ConnectError: [Errno -3] Temporary failure in name resolution

The above exception was the direct cause of the following exception:

Traceback (most recent call last):
  File "/root/Bot-checkin-Telegram/venv/lib/python3.12/site-packages/telegram/ext/_utils/networkloop.py", line 134, in network_retry_loop
    await do_action()
  File "/root/Bot-checkin-Telegram/venv/lib/python3.12/site-packages/telegram/ext/_utils/networkloop.py", line 109, in do_action
    await action_cb()
  File "/root/Bot-checkin-Telegram/venv/lib/python3.12/site-packages/telegram/ext/_application.py", line 489, in initialize
    await self.bot.initialize()
  File "/root/Bot-checkin-Telegram/venv/lib/python3.12/site-packages/telegram/ext/_extbot.py", line 318, in initialize
    await super().initialize()
  File "/root/Bot-checkin-Telegram/venv/lib/python3.12/site-packages/telegram/_bot.py", line 854, in initialize
    await self.get_me()
  File "/root/Bot-checkin-Telegram/venv/lib/python3.12/site-packages/telegram/ext/_extbot.py", line 1999, in get_me
    return await super().get_me(
           ^^^^^^^^^^^^^^^^^^^^^
  File "/root/Bot-checkin-Telegram/venv/lib/python3.12/site-packages/telegram/_bot.py", line 985, in get_me
    result = await self._post(
             ^^^^^^^^^^^^^^^^^
  File "/root/Bot-checkin-Telegram/venv/lib/python3.12/site-packages/telegram/_bot.py", line 703, in _post
    return await self._do_post(
           ^^^^^^^^^^^^^^^^^^^^
  File "/root/Bot-checkin-Telegram/venv/lib/python3.12/site-packages/telegram/ext/_extbot.py", line 372, in _do_post
    return await super()._do_post(
           ^^^^^^^^^^^^^^^^^^^^^^^
  File "/root/Bot-checkin-Telegram/venv/lib/python3.12/site-packages/telegram/_bot.py", line 732, in _do_post
    result = await request.post(
             ^^^^^^^^^^^^^^^^^^^
  File "/root/Bot-checkin-Telegram/venv/lib/python3.12/site-packages/telegram/request/_baserequest.py", line 198, in post
    result = await self._request_wrapper(
             ^^^^^^^^^^^^^^^^^^^^^^^^^^^^
  File "/root/Bot-checkin-Telegram/venv/lib/python3.12/site-packages/telegram/request/_baserequest.py", line 305, in _request_wrapper
    code, payload = await self.do_request(
                    ^^^^^^^^^^^^^^^^^^^^^^
  File "/root/Bot-checkin-Telegram/venv/lib/python3.12/site-packages/telegram/request/_httpxrequest.py", line 303, in do_request
    raise NetworkError(f"httpx.{err.__class__.__name__}: {err}") from err
telegram.error.NetworkError: httpx.ConnectError: [Errno -3] Temporary failure in name resolution
2025-12-28 08:14:30,131 - telegram.ext - ERROR - Network Retry Loop (Bootstrap Initialize Application): Failed run number 0 of 0. Aborting.
Traceback (most recent call last):
  File "/root/Bot-checkin-Telegram/venv/lib/python3.12/site-packages/httpx/_transports/default.py", line 101, in map_httpcore_exceptions
    yield
  File "/root/Bot-checkin-Telegram/venv/lib/python3.12/site-packages/httpx/_transports/default.py", line 394, in handle_async_request
    resp = await self._pool.handle_async_request(req)
           ^^^^^^^^^^^^^^^^^^^^^^^^^^^^^^^^^^^^^^^^^^
  File "/root/Bot-checkin-Telegram/venv/lib/python3.12/site-packages/httpcore/_async/connection_pool.py", line 256, in handle_async_request
    raise exc from None
  File "/root/Bot-checkin-Telegram/venv/lib/python3.12/site-packages/httpcore/_async/connection_pool.py", line 236, in handle_async_request
    response = await connection.handle_async_request(
               ^^^^^^^^^^^^^^^^^^^^^^^^^^^^^^^^^^^^^^
  File "/root/Bot-checkin-Telegram/venv/lib/python3.12/site-packages/httpcore/_async/connection.py", line 101, in handle_async_request
    raise exc
  File "/root/Bot-checkin-Telegram/venv/lib/python3.12/site-packages/httpcore/_async/connection.py", line 78, in handle_async_request
    stream = await self._connect(request)
             ^^^^^^^^^^^^^^^^^^^^^^^^^^^^
  File "/root/Bot-checkin-Telegram/venv/lib/python3.12/site-packages/httpcore/_async/connection.py", line 124, in _connect
    stream = await self._network_backend.connect_tcp(**kwargs)
             ^^^^^^^^^^^^^^^^^^^^^^^^^^^^^^^^^^^^^^^^^^^^^^^^^
  File "/root/Bot-checkin-Telegram/venv/lib/python3.12/site-packages/httpcore/_backends/auto.py", line 31, in connect_tcp
    return await self._backend.connect_tcp(
           ^^^^^^^^^^^^^^^^^^^^^^^^^^^^^^^^
  File "/root/Bot-checkin-Telegram/venv/lib/python3.12/site-packages/httpcore/_backends/anyio.py", line 113, in connect_tcp
    with map_exceptions(exc_map):
  File "/usr/lib/python3.12/contextlib.py", line 158, in __exit__
    self.gen.throw(value)
  File "/root/Bot-checkin-Telegram/venv/lib/python3.12/site-packages/httpcore/_exceptions.py", line 14, in map_exceptions
    raise to_exc(exc) from exc
httpcore.ConnectError: [Errno -3] Temporary failure in name resolution

The above exception was the direct cause of the following exception:

Traceback (most recent call last):
  File "/root/Bot-checkin-Telegram/venv/lib/python3.12/site-packages/telegram/request/_httpxrequest.py", line 279, in do_request
    res = await self._client.request(
          ^^^^^^^^^^^^^^^^^^^^^^^^^^^
  File "/root/Bot-checkin-Telegram/venv/lib/python3.12/site-packages/httpx/_client.py", line 1540, in request
    return await self.send(request, auth=auth, follow_redirects=follow_redirects)
           ^^^^^^^^^^^^^^^^^^^^^^^^^^^^^^^^^^^^^^^^^^^^^^^^^^^^^^^^^^^^^^^^^^^^^^
  File "/root/Bot-checkin-Telegram/venv/lib/python3.12/site-packages/httpx/_client.py", line 1629, in send
    response = await self._send_handling_auth(
               ^^^^^^^^^^^^^^^^^^^^^^^^^^^^^^^
  File "/root/Bot-checkin-Telegram/venv/lib/python3.12/site-packages/httpx/_client.py", line 1657, in _send_handling_auth
    response = await self._send_handling_redirects(
               ^^^^^^^^^^^^^^^^^^^^^^^^^^^^^^^^^^^^
  File "/root/Bot-checkin-Telegram/venv/lib/python3.12/site-packages/httpx/_client.py", line 1694, in _send_handling_redirects
    response = await self._send_single_request(request)
               ^^^^^^^^^^^^^^^^^^^^^^^^^^^^^^^^^^^^^^^^
  File "/root/Bot-checkin-Telegram/venv/lib/python3.12/site-packages/httpx/_client.py", line 1730, in _send_single_request
    response = await transport.handle_async_request(request)
               ^^^^^^^^^^^^^^^^^^^^^^^^^^^^^^^^^^^^^^^^^^^^^
  File "/root/Bot-checkin-Telegram/venv/lib/python3.12/site-packages/httpx/_transports/default.py", line 393, in handle_async_request
    with map_httpcore_exceptions():
  File "/usr/lib/python3.12/contextlib.py", line 158, in __exit__
    self.gen.throw(value)
  File "/root/Bot-checkin-Telegram/venv/lib/python3.12/site-packages/httpx/_transports/default.py", line 118, in map_httpcore_exceptions
    raise mapped_exc(message) from exc
httpx.ConnectError: [Errno -3] Temporary failure in name resolution

The above exception was the direct cause of the following exception:

Traceback (most recent call last):
  File "/root/Bot-checkin-Telegram/venv/lib/python3.12/site-packages/telegram/ext/_utils/networkloop.py", line 134, in network_retry_loop
    await do_action()
  File "/root/Bot-checkin-Telegram/venv/lib/python3.12/site-packages/telegram/ext/_utils/networkloop.py", line 109, in do_action
    await action_cb()
  File "/root/Bot-checkin-Telegram/venv/lib/python3.12/site-packages/telegram/ext/_application.py", line 489, in initialize
    await self.bot.initialize()
  File "/root/Bot-checkin-Telegram/venv/lib/python3.12/site-packages/telegram/ext/_extbot.py", line 318, in initialize
    await super().initialize()
  File "/root/Bot-checkin-Telegram/venv/lib/python3.12/site-packages/telegram/_bot.py", line 854, in initialize
    await self.get_me()
  File "/root/Bot-checkin-Telegram/venv/lib/python3.12/site-packages/telegram/ext/_extbot.py", line 1999, in get_me
    return await super().get_me(
           ^^^^^^^^^^^^^^^^^^^^^
  File "/root/Bot-checkin-Telegram/venv/lib/python3.12/site-packages/telegram/_bot.py", line 985, in get_me
    result = await self._post(
             ^^^^^^^^^^^^^^^^^
  File "/root/Bot-checkin-Telegram/venv/lib/python3.12/site-packages/telegram/_bot.py", line 703, in _post
    return await self._do_post(
           ^^^^^^^^^^^^^^^^^^^^
  File "/root/Bot-checkin-Telegram/venv/lib/python3.12/site-packages/telegram/ext/_extbot.py", line 372, in _do_post
    return await super()._do_post(
           ^^^^^^^^^^^^^^^^^^^^^^^
  File "/root/Bot-checkin-Telegram/venv/lib/python3.12/site-packages/telegram/_bot.py", line 732, in _do_post
    result = await request.post(
             ^^^^^^^^^^^^^^^^^^^
  File "/root/Bot-checkin-Telegram/venv/lib/python3.12/site-packages/telegram/request/_baserequest.py", line 198, in post
    result = await self._request_wrapper(
             ^^^^^^^^^^^^^^^^^^^^^^^^^^^^
  File "/root/Bot-checkin-Telegram/venv/lib/python3.12/site-packages/telegram/request/_baserequest.py", line 305, in _request_wrapper
    code, payload = await self.do_request(
                    ^^^^^^^^^^^^^^^^^^^^^^
  File "/root/Bot-checkin-Telegram/venv/lib/python3.12/site-packages/telegram/request/_httpxrequest.py", line 303, in do_request
    raise NetworkError(f"httpx.{err.__class__.__name__}: {err}") from err
telegram.error.NetworkError: httpx.ConnectError: [Errno -3] Temporary failure in name resolution
2025-12-28 08:14:30,151 - __main__ - ERROR - Fatal error: httpx.ConnectError: [Errno -3] Temporary failure in name resolution
Traceback (most recent call last):
  File "/root/Bot-checkin-Telegram/venv/lib/python3.12/site-packages/httpx/_transports/default.py", line 101, in map_httpcore_exceptions
    yield
  File "/root/Bot-checkin-Telegram/venv/lib/python3.12/site-packages/httpx/_transports/default.py", line 394, in handle_async_request
    resp = await self._pool.handle_async_request(req)
           ^^^^^^^^^^^^^^^^^^^^^^^^^^^^^^^^^^^^^^^^^^
  File "/root/Bot-checkin-Telegram/venv/lib/python3.12/site-packages/httpcore/_async/connection_pool.py", line 256, in handle_async_request
    raise exc from None
  File "/root/Bot-checkin-Telegram/venv/lib/python3.12/site-packages/httpcore/_async/connection_pool.py", line 236, in handle_async_request
    response = await connection.handle_async_request(
               ^^^^^^^^^^^^^^^^^^^^^^^^^^^^^^^^^^^^^^
  File "/root/Bot-checkin-Telegram/venv/lib/python3.12/site-packages/httpcore/_async/connection.py", line 101, in handle_async_request
    raise exc
  File "/root/Bot-checkin-Telegram/venv/lib/python3.12/site-packages/httpcore/_async/connection.py", line 78, in handle_async_request
    stream = await self._connect(request)
             ^^^^^^^^^^^^^^^^^^^^^^^^^^^^
  File "/root/Bot-checkin-Telegram/venv/lib/python3.12/site-packages/httpcore/_async/connection.py", line 124, in _connect
    stream = await self._network_backend.connect_tcp(**kwargs)
             ^^^^^^^^^^^^^^^^^^^^^^^^^^^^^^^^^^^^^^^^^^^^^^^^^
  File "/root/Bot-checkin-Telegram/venv/lib/python3.12/site-packages/httpcore/_backends/auto.py", line 31, in connect_tcp
    return await self._backend.connect_tcp(
           ^^^^^^^^^^^^^^^^^^^^^^^^^^^^^^^^
  File "/root/Bot-checkin-Telegram/venv/lib/python3.12/site-packages/httpcore/_backends/anyio.py", line 113, in connect_tcp
    with map_exceptions(exc_map):
  File "/usr/lib/python3.12/contextlib.py", line 158, in __exit__
    self.gen.throw(value)
  File "/root/Bot-checkin-Telegram/venv/lib/python3.12/site-packages/httpcore/_exceptions.py", line 14, in map_exceptions
    raise to_exc(exc) from exc
httpcore.ConnectError: [Errno -3] Temporary failure in name resolution

The above exception was the direct cause of the following exception:

Traceback (most recent call last):
  File "/root/Bot-checkin-Telegram/venv/lib/python3.12/site-packages/telegram/request/_httpxrequest.py", line 279, in do_request
    res = await self._client.request(
          ^^^^^^^^^^^^^^^^^^^^^^^^^^^
  File "/root/Bot-checkin-Telegram/venv/lib/python3.12/site-packages/httpx/_client.py", line 1540, in request
    return await self.send(request, auth=auth, follow_redirects=follow_redirects)
           ^^^^^^^^^^^^^^^^^^^^^^^^^^^^^^^^^^^^^^^^^^^^^^^^^^^^^^^^^^^^^^^^^^^^^^
  File "/root/Bot-checkin-Telegram/venv/lib/python3.12/site-packages/httpx/_client.py", line 1629, in send
    response = await self._send_handling_auth(
               ^^^^^^^^^^^^^^^^^^^^^^^^^^^^^^^
  File "/root/Bot-checkin-Telegram/venv/lib/python3.12/site-packages/httpx/_client.py", line 1657, in _send_handling_auth
    response = await self._send_handling_redirects(
               ^^^^^^^^^^^^^^^^^^^^^^^^^^^^^^^^^^^^
  File "/root/Bot-checkin-Telegram/venv/lib/python3.12/site-packages/httpx/_client.py", line 1694, in _send_handling_redirects
    response = await self._send_single_request(request)
               ^^^^^^^^^^^^^^^^^^^^^^^^^^^^^^^^^^^^^^^^
  File "/root/Bot-checkin-Telegram/venv/lib/python3.12/site-packages/httpx/_client.py", line 1730, in _send_single_request
    response = await transport.handle_async_request(request)
               ^^^^^^^^^^^^^^^^^^^^^^^^^^^^^^^^^^^^^^^^^^^^^
  File "/root/Bot-checkin-Telegram/venv/lib/python3.12/site-packages/httpx/_transports/default.py", line 393, in handle_async_request
    with map_httpcore_exceptions():
  File "/usr/lib/python3.12/contextlib.py", line 158, in __exit__
    self.gen.throw(value)
  File "/root/Bot-checkin-Telegram/venv/lib/python3.12/site-packages/httpx/_transports/default.py", line 118, in map_httpcore_exceptions
    raise mapped_exc(message) from exc
httpx.ConnectError: [Errno -3] Temporary failure in name resolution

The above exception was the direct cause of the following exception:

Traceback (most recent call last):
  File "/root/Bot-checkin-Telegram/src/main.py", line 76, in main
    app.run_polling(
  File "/root/Bot-checkin-Telegram/venv/lib/python3.12/site-packages/telegram/ext/_application.py", line 839, in run_polling
    return self.__run(
           ^^^^^^^^^^^
  File "/root/Bot-checkin-Telegram/venv/lib/python3.12/site-packages/telegram/ext/_application.py", line 1054, in __run
    loop.run_until_complete(self._bootstrap_initialize(max_retries=bootstrap_retries))
  File "/usr/lib/python3.12/asyncio/base_events.py", line 687, in run_until_complete
    return future.result()
           ^^^^^^^^^^^^^^^
  File "/root/Bot-checkin-Telegram/venv/lib/python3.12/site-packages/telegram/ext/_application.py", line 1014, in _bootstrap_initialize
    await network_retry_loop(
  File "/root/Bot-checkin-Telegram/venv/lib/python3.12/site-packages/telegram/ext/_utils/networkloop.py", line 134, in network_retry_loop
    await do_action()
  File "/root/Bot-checkin-Telegram/venv/lib/python3.12/site-packages/telegram/ext/_utils/networkloop.py", line 109, in do_action
    await action_cb()
  File "/root/Bot-checkin-Telegram/venv/lib/python3.12/site-packages/telegram/ext/_application.py", line 489, in initialize
    await self.bot.initialize()
  File "/root/Bot-checkin-Telegram/venv/lib/python3.12/site-packages/telegram/ext/_extbot.py", line 318, in initialize
    await super().initialize()
  File "/root/Bot-checkin-Telegram/venv/lib/python3.12/site-packages/telegram/_bot.py", line 854, in initialize
    await self.get_me()
  File "/root/Bot-checkin-Telegram/venv/lib/python3.12/site-packages/telegram/ext/_extbot.py", line 1999, in get_me
    return await super().get_me(
           ^^^^^^^^^^^^^^^^^^^^^
  File "/root/Bot-checkin-Telegram/venv/lib/python3.12/site-packages/telegram/_bot.py", line 985, in get_me
    result = await self._post(
             ^^^^^^^^^^^^^^^^^
  File "/root/Bot-checkin-Telegram/venv/lib/python3.12/site-packages/telegram/_bot.py", line 703, in _post
    return await self._do_post(
           ^^^^^^^^^^^^^^^^^^^^
  File "/root/Bot-checkin-Telegram/venv/lib/python3.12/site-packages/telegram/ext/_extbot.py", line 372, in _do_post
    return await super()._do_post(
           ^^^^^^^^^^^^^^^^^^^^^^^
  File "/root/Bot-checkin-Telegram/venv/lib/python3.12/site-packages/telegram/_bot.py", line 732, in _do_post
    result = await request.post(
             ^^^^^^^^^^^^^^^^^^^
  File "/root/Bot-checkin-Telegram/venv/lib/python3.12/site-packages/telegram/request/_baserequest.py", line 198, in post
    result = await self._request_wrapper(
             ^^^^^^^^^^^^^^^^^^^^^^^^^^^^
  File "/root/Bot-checkin-Telegram/venv/lib/python3.12/site-packages/telegram/request/_baserequest.py", line 305, in _request_wrapper
    code, payload = await self.do_request(
                    ^^^^^^^^^^^^^^^^^^^^^^
  File "/root/Bot-checkin-Telegram/venv/lib/python3.12/site-packages/telegram/request/_httpxrequest.py", line 303, in do_request
    raise NetworkError(f"httpx.{err.__class__.__name__}: {err}") from err
telegram.error.NetworkError: httpx.ConnectError: [Errno -3] Temporary failure in name resolution
2025-12-28 08:14:30,151 - __main__ - ERROR - Fatal error: httpx.ConnectError: [Errno -3] Temporary failure in name resolution
Traceback (most recent call last):
  File "/root/Bot-checkin-Telegram/venv/lib/python3.12/site-packages/httpx/_transports/default.py", line 101, in map_httpcore_exceptions
    yield
  File "/root/Bot-checkin-Telegram/venv/lib/python3.12/site-packages/httpx/_transports/default.py", line 394, in handle_async_request
    resp = await self._pool.handle_async_request(req)
           ^^^^^^^^^^^^^^^^^^^^^^^^^^^^^^^^^^^^^^^^^^
  File "/root/Bot-checkin-Telegram/venv/lib/python3.12/site-packages/httpcore/_async/connection_pool.py", line 256, in handle_async_request
    raise exc from None
  File "/root/Bot-checkin-Telegram/venv/lib/python3.12/site-packages/httpcore/_async/connection_pool.py", line 236, in handle_async_request
    response = await connection.handle_async_request(
               ^^^^^^^^^^^^^^^^^^^^^^^^^^^^^^^^^^^^^^
  File "/root/Bot-checkin-Telegram/venv/lib/python3.12/site-packages/httpcore/_async/connection.py", line 101, in handle_async_request
    raise exc
  File "/root/Bot-checkin-Telegram/venv/lib/python3.12/site-packages/httpcore/_async/connection.py", line 78, in handle_async_request
    stream = await self._connect(request)
             ^^^^^^^^^^^^^^^^^^^^^^^^^^^^
  File "/root/Bot-checkin-Telegram/venv/lib/python3.12/site-packages/httpcore/_async/connection.py", line 124, in _connect
    stream = await self._network_backend.connect_tcp(**kwargs)
             ^^^^^^^^^^^^^^^^^^^^^^^^^^^^^^^^^^^^^^^^^^^^^^^^^
  File "/root/Bot-checkin-Telegram/venv/lib/python3.12/site-packages/httpcore/_backends/auto.py", line 31, in connect_tcp
    return await self._backend.connect_tcp(
           ^^^^^^^^^^^^^^^^^^^^^^^^^^^^^^^^
  File "/root/Bot-checkin-Telegram/venv/lib/python3.12/site-packages/httpcore/_backends/anyio.py", line 113, in connect_tcp
    with map_exceptions(exc_map):
  File "/usr/lib/python3.12/contextlib.py", line 158, in __exit__
    self.gen.throw(value)
  File "/root/Bot-checkin-Telegram/venv/lib/python3.12/site-packages/httpcore/_exceptions.py", line 14, in map_exceptions
    raise to_exc(exc) from exc
httpcore.ConnectError: [Errno -3] Temporary failure in name resolution

The above exception was the direct cause of the following exception:

Traceback (most recent call last):
  File "/root/Bot-checkin-Telegram/venv/lib/python3.12/site-packages/telegram/request/_httpxrequest.py", line 279, in do_request
    res = await self._client.request(
          ^^^^^^^^^^^^^^^^^^^^^^^^^^^
  File "/root/Bot-checkin-Telegram/venv/lib/python3.12/site-packages/httpx/_client.py", line 1540, in request
    return await self.send(request, auth=auth, follow_redirects=follow_redirects)
           ^^^^^^^^^^^^^^^^^^^^^^^^^^^^^^^^^^^^^^^^^^^^^^^^^^^^^^^^^^^^^^^^^^^^^^
  File "/root/Bot-checkin-Telegram/venv/lib/python3.12/site-packages/httpx/_client.py", line 1629, in send
    response = await self._send_handling_auth(
               ^^^^^^^^^^^^^^^^^^^^^^^^^^^^^^^
  File "/root/Bot-checkin-Telegram/venv/lib/python3.12/site-packages/httpx/_client.py", line 1657, in _send_handling_auth
    response = await self._send_handling_redirects(
               ^^^^^^^^^^^^^^^^^^^^^^^^^^^^^^^^^^^^
  File "/root/Bot-checkin-Telegram/venv/lib/python3.12/site-packages/httpx/_client.py", line 1694, in _send_handling_redirects
    response = await self._send_single_request(request)
               ^^^^^^^^^^^^^^^^^^^^^^^^^^^^^^^^^^^^^^^^
  File "/root/Bot-checkin-Telegram/venv/lib/python3.12/site-packages/httpx/_client.py", line 1730, in _send_single_request
    response = await transport.handle_async_request(request)
               ^^^^^^^^^^^^^^^^^^^^^^^^^^^^^^^^^^^^^^^^^^^^^
  File "/root/Bot-checkin-Telegram/venv/lib/python3.12/site-packages/httpx/_transports/default.py", line 393, in handle_async_request
    with map_httpcore_exceptions():
  File "/usr/lib/python3.12/contextlib.py", line 158, in __exit__
    self.gen.throw(value)
  File "/root/Bot-checkin-Telegram/venv/lib/python3.12/site-packages/httpx/_transports/default.py", line 118, in map_httpcore_exceptions
    raise mapped_exc(message) from exc
httpx.ConnectError: [Errno -3] Temporary failure in name resolution

The above exception was the direct cause of the following exception:

Traceback (most recent call last):
  File "/root/Bot-checkin-Telegram/src/main.py", line 76, in main
    app.run_polling(
  File "/root/Bot-checkin-Telegram/venv/lib/python3.12/site-packages/telegram/ext/_application.py", line 839, in run_polling
    return self.__run(
           ^^^^^^^^^^^
  File "/root/Bot-checkin-Telegram/venv/lib/python3.12/site-packages/telegram/ext/_application.py", line 1054, in __run
    loop.run_until_complete(self._bootstrap_initialize(max_retries=bootstrap_retries))
  File "/usr/lib/python3.12/asyncio/base_events.py", line 687, in run_until_complete
    return future.result()
           ^^^^^^^^^^^^^^^
  File "/root/Bot-checkin-Telegram/venv/lib/python3.12/site-packages/telegram/ext/_application.py", line 1014, in _bootstrap_initialize
    await network_retry_loop(
  File "/root/Bot-checkin-Telegram/venv/lib/python3.12/site-packages/telegram/ext/_utils/networkloop.py", line 134, in network_retry_loop
    await do_action()
  File "/root/Bot-checkin-Telegram/venv/lib/python3.12/site-packages/telegram/ext/_utils/networkloop.py", line 109, in do_action
    await action_cb()
  File "/root/Bot-checkin-Telegram/venv/lib/python3.12/site-packages/telegram/ext/_application.py", line 489, in initialize
    await self.bot.initialize()
  File "/root/Bot-checkin-Telegram/venv/lib/python3.12/site-packages/telegram/ext/_extbot.py", line 318, in initialize
    await super().initialize()
  File "/root/Bot-checkin-Telegram/venv/lib/python3.12/site-packages/telegram/_bot.py", line 854, in initialize
    await self.get_me()
  File "/root/Bot-checkin-Telegram/venv/lib/python3.12/site-packages/telegram/ext/_extbot.py", line 1999, in get_me
    return await super().get_me(
           ^^^^^^^^^^^^^^^^^^^^^
  File "/root/Bot-checkin-Telegram/venv/lib/python3.12/site-packages/telegram/_bot.py", line 985, in get_me
    result = await self._post(
             ^^^^^^^^^^^^^^^^^
  File "/root/Bot-checkin-Telegram/venv/lib/python3.12/site-packages/telegram/_bot.py", line 703, in _post
    return await self._do_post(
           ^^^^^^^^^^^^^^^^^^^^
  File "/root/Bot-checkin-Telegram/venv/lib/python3.12/site-packages/telegram/ext/_extbot.py", line 372, in _do_post
    return await super()._do_post(
           ^^^^^^^^^^^^^^^^^^^^^^^
  File "/root/Bot-checkin-Telegram/venv/lib/python3.12/site-packages/telegram/_bot.py", line 732, in _do_post
    result = await request.post(
             ^^^^^^^^^^^^^^^^^^^
  File "/root/Bot-checkin-Telegram/venv/lib/python3.12/site-packages/telegram/request/_baserequest.py", line 198, in post
    result = await self._request_wrapper(
             ^^^^^^^^^^^^^^^^^^^^^^^^^^^^
  File "/root/Bot-checkin-Telegram/venv/lib/python3.12/site-packages/telegram/request/_baserequest.py", line 305, in _request_wrapper
    code, payload = await self.do_request(
                    ^^^^^^^^^^^^^^^^^^^^^^
  File "/root/Bot-checkin-Telegram/venv/lib/python3.12/site-packages/telegram/request/_httpxrequest.py", line 303, in do_request
    raise NetworkError(f"httpx.{err.__class__.__name__}: {err}") from err
telegram.error.NetworkError: httpx.ConnectError: [Errno -3] Temporary failure in name resolution
2025-12-28 08:14:30,154 - __main__ - INFO - Bot shutdown complete.
2025-12-28 08:14:30,154 - __main__ - INFO - Bot shutdown complete.
2025-12-28 08:15:59,700 - __main__ - INFO - ==================================================
2025-12-28 08:15:59,700 - __main__ - INFO - ==================================================
2025-12-28 08:15:59,700 - __main__ - INFO - Starting Telegram Attendance Bot...
2025-12-28 08:15:59,700 - __main__ - INFO - Starting Telegram Attendance Bot...
2025-12-28 08:15:59,700 - __main__ - INFO - Database: sqlite:///./attendance.db
2025-12-28 08:15:59,700 - __main__ - INFO - Database: sqlite:///./attendance.db
2025-12-28 08:15:59,700 - __main__ - INFO - Timezone: Asia/Ho_Chi_Minh
2025-12-28 08:15:59,700 - __main__ - INFO - Timezone: Asia/Ho_Chi_Minh
2025-12-28 08:15:59,700 - __main__ - INFO - Work start: 17:45
2025-12-28 08:15:59,700 - __main__ - INFO - Work start: 17:45
2025-12-28 08:15:59,700 - __main__ - INFO - Late threshold: 1440 minutes
2025-12-28 08:15:59,700 - __main__ - INFO - Late threshold: 1440 minutes
2025-12-28 08:15:59,700 - __main__ - INFO - Geofence radius: 50.0m
2025-12-28 08:15:59,700 - __main__ - INFO - Geofence radius: 50.0m
2025-12-28 08:15:59,700 - __main__ - INFO - Super admins: [5934905697]
2025-12-28 08:15:59,700 - __main__ - INFO - Super admins: [5934905697]
2025-12-28 08:15:59,700 - __main__ - INFO - ==================================================
2025-12-28 08:15:59,700 - __main__ - INFO - ==================================================
2025-12-28 08:15:59,700 - __main__ - INFO - Creating bot application...
2025-12-28 08:15:59,700 - __main__ - INFO - Creating bot application...
2025-12-28 08:15:59,856 - __main__ - INFO - Bot is running. Press Ctrl+C to stop.
2025-12-28 08:15:59,856 - __main__ - INFO - Bot is running. Press Ctrl+C to stop.
2025-12-28 08:16:04,868 - telegram.ext - ERROR - Network Retry Loop (Bootstrap Initialize Application): Failed run number 0 of 0. Aborting.
Traceback (most recent call last):
  File "/root/Bot-checkin-Telegram/venv/lib/python3.12/site-packages/httpx/_transports/default.py", line 101, in map_httpcore_exceptions
    yield
  File "/root/Bot-checkin-Telegram/venv/lib/python3.12/site-packages/httpx/_transports/default.py", line 394, in handle_async_request
    resp = await self._pool.handle_async_request(req)
           ^^^^^^^^^^^^^^^^^^^^^^^^^^^^^^^^^^^^^^^^^^
  File "/root/Bot-checkin-Telegram/venv/lib/python3.12/site-packages/httpcore/_async/connection_pool.py", line 256, in handle_async_request
    raise exc from None
  File "/root/Bot-checkin-Telegram/venv/lib/python3.12/site-packages/httpcore/_async/connection_pool.py", line 236, in handle_async_request
    response = await connection.handle_async_request(
               ^^^^^^^^^^^^^^^^^^^^^^^^^^^^^^^^^^^^^^
  File "/root/Bot-checkin-Telegram/venv/lib/python3.12/site-packages/httpcore/_async/connection.py", line 101, in handle_async_request
    raise exc
  File "/root/Bot-checkin-Telegram/venv/lib/python3.12/site-packages/httpcore/_async/connection.py", line 78, in handle_async_request
    stream = await self._connect(request)
             ^^^^^^^^^^^^^^^^^^^^^^^^^^^^
  File "/root/Bot-checkin-Telegram/venv/lib/python3.12/site-packages/httpcore/_async/connection.py", line 124, in _connect
    stream = await self._network_backend.connect_tcp(**kwargs)
             ^^^^^^^^^^^^^^^^^^^^^^^^^^^^^^^^^^^^^^^^^^^^^^^^^
  File "/root/Bot-checkin-Telegram/venv/lib/python3.12/site-packages/httpcore/_backends/auto.py", line 31, in connect_tcp
    return await self._backend.connect_tcp(
           ^^^^^^^^^^^^^^^^^^^^^^^^^^^^^^^^
  File "/root/Bot-checkin-Telegram/venv/lib/python3.12/site-packages/httpcore/_backends/anyio.py", line 113, in connect_tcp
    with map_exceptions(exc_map):
  File "/usr/lib/python3.12/contextlib.py", line 158, in __exit__
    self.gen.throw(value)
  File "/root/Bot-checkin-Telegram/venv/lib/python3.12/site-packages/httpcore/_exceptions.py", line 14, in map_exceptions
    raise to_exc(exc) from exc
httpcore.ConnectError: [Errno -3] Temporary failure in name resolution

The above exception was the direct cause of the following exception:

Traceback (most recent call last):
  File "/root/Bot-checkin-Telegram/venv/lib/python3.12/site-packages/telegram/request/_httpxrequest.py", line 279, in do_request
    res = await self._client.request(
          ^^^^^^^^^^^^^^^^^^^^^^^^^^^
  File "/root/Bot-checkin-Telegram/venv/lib/python3.12/site-packages/httpx/_client.py", line 1540, in request
    return await self.send(request, auth=auth, follow_redirects=follow_redirects)
           ^^^^^^^^^^^^^^^^^^^^^^^^^^^^^^^^^^^^^^^^^^^^^^^^^^^^^^^^^^^^^^^^^^^^^^
  File "/root/Bot-checkin-Telegram/venv/lib/python3.12/site-packages/httpx/_client.py", line 1629, in send
    response = await self._send_handling_auth(
               ^^^^^^^^^^^^^^^^^^^^^^^^^^^^^^^
  File "/root/Bot-checkin-Telegram/venv/lib/python3.12/site-packages/httpx/_client.py", line 1657, in _send_handling_auth
    response = await self._send_handling_redirects(
               ^^^^^^^^^^^^^^^^^^^^^^^^^^^^^^^^^^^^
  File "/root/Bot-checkin-Telegram/venv/lib/python3.12/site-packages/httpx/_client.py", line 1694, in _send_handling_redirects
    response = await self._send_single_request(request)
               ^^^^^^^^^^^^^^^^^^^^^^^^^^^^^^^^^^^^^^^^
  File "/root/Bot-checkin-Telegram/venv/lib/python3.12/site-packages/httpx/_client.py", line 1730, in _send_single_request
    response = await transport.handle_async_request(request)
               ^^^^^^^^^^^^^^^^^^^^^^^^^^^^^^^^^^^^^^^^^^^^^
  File "/root/Bot-checkin-Telegram/venv/lib/python3.12/site-packages/httpx/_transports/default.py", line 393, in handle_async_request
    with map_httpcore_exceptions():
  File "/usr/lib/python3.12/contextlib.py", line 158, in __exit__
    self.gen.throw(value)
  File "/root/Bot-checkin-Telegram/venv/lib/python3.12/site-packages/httpx/_transports/default.py", line 118, in map_httpcore_exceptions
    raise mapped_exc(message) from exc
httpx.ConnectError: [Errno -3] Temporary failure in name resolution

The above exception was the direct cause of the following exception:

Traceback (most recent call last):
  File "/root/Bot-checkin-Telegram/venv/lib/python3.12/site-packages/telegram/ext/_utils/networkloop.py", line 134, in network_retry_loop
    await do_action()
  File "/root/Bot-checkin-Telegram/venv/lib/python3.12/site-packages/telegram/ext/_utils/networkloop.py", line 109, in do_action
    await action_cb()
  File "/root/Bot-checkin-Telegram/venv/lib/python3.12/site-packages/telegram/ext/_application.py", line 489, in initialize
    await self.bot.initialize()
  File "/root/Bot-checkin-Telegram/venv/lib/python3.12/site-packages/telegram/ext/_extbot.py", line 318, in initialize
    await super().initialize()
  File "/root/Bot-checkin-Telegram/venv/lib/python3.12/site-packages/telegram/_bot.py", line 854, in initialize
    await self.get_me()
  File "/root/Bot-checkin-Telegram/venv/lib/python3.12/site-packages/telegram/ext/_extbot.py", line 1999, in get_me
    return await super().get_me(
           ^^^^^^^^^^^^^^^^^^^^^
  File "/root/Bot-checkin-Telegram/venv/lib/python3.12/site-packages/telegram/_bot.py", line 985, in get_me
    result = await self._post(
             ^^^^^^^^^^^^^^^^^
  File "/root/Bot-checkin-Telegram/venv/lib/python3.12/site-packages/telegram/_bot.py", line 703, in _post
    return await self._do_post(
           ^^^^^^^^^^^^^^^^^^^^
  File "/root/Bot-checkin-Telegram/venv/lib/python3.12/site-packages/telegram/ext/_extbot.py", line 372, in _do_post
    return await super()._do_post(
           ^^^^^^^^^^^^^^^^^^^^^^^
  File "/root/Bot-checkin-Telegram/venv/lib/python3.12/site-packages/telegram/_bot.py", line 732, in _do_post
    result = await request.post(
             ^^^^^^^^^^^^^^^^^^^
  File "/root/Bot-checkin-Telegram/venv/lib/python3.12/site-packages/telegram/request/_baserequest.py", line 198, in post
    result = await self._request_wrapper(
             ^^^^^^^^^^^^^^^^^^^^^^^^^^^^
  File "/root/Bot-checkin-Telegram/venv/lib/python3.12/site-packages/telegram/request/_baserequest.py", line 305, in _request_wrapper
    code, payload = await self.do_request(
                    ^^^^^^^^^^^^^^^^^^^^^^
  File "/root/Bot-checkin-Telegram/venv/lib/python3.12/site-packages/telegram/request/_httpxrequest.py", line 303, in do_request
    raise NetworkError(f"httpx.{err.__class__.__name__}: {err}") from err
telegram.error.NetworkError: httpx.ConnectError: [Errno -3] Temporary failure in name resolution
2025-12-28 08:16:04,868 - telegram.ext - ERROR - Network Retry Loop (Bootstrap Initialize Application): Failed run number 0 of 0. Aborting.
Traceback (most recent call last):
  File "/root/Bot-checkin-Telegram/venv/lib/python3.12/site-packages/httpx/_transports/default.py", line 101, in map_httpcore_exceptions
    yield
  File "/root/Bot-checkin-Telegram/venv/lib/python3.12/site-packages/httpx/_transports/default.py", line 394, in handle_async_request
    resp = await self._pool.handle_async_request(req)
           ^^^^^^^^^^^^^^^^^^^^^^^^^^^^^^^^^^^^^^^^^^
  File "/root/Bot-checkin-Telegram/venv/lib/python3.12/site-packages/httpcore/_async/connection_pool.py", line 256, in handle_async_request
    raise exc from None
  File "/root/Bot-checkin-Telegram/venv/lib/python3.12/site-packages/httpcore/_async/connection_pool.py", line 236, in handle_async_request
    response = await connection.handle_async_request(
               ^^^^^^^^^^^^^^^^^^^^^^^^^^^^^^^^^^^^^^
  File "/root/Bot-checkin-Telegram/venv/lib/python3.12/site-packages/httpcore/_async/connection.py", line 101, in handle_async_request
    raise exc
  File "/root/Bot-checkin-Telegram/venv/lib/python3.12/site-packages/httpcore/_async/connection.py", line 78, in handle_async_request
    stream = await self._connect(request)
             ^^^^^^^^^^^^^^^^^^^^^^^^^^^^
  File "/root/Bot-checkin-Telegram/venv/lib/python3.12/site-packages/httpcore/_async/connection.py", line 124, in _connect
    stream = await self._network_backend.connect_tcp(**kwargs)
             ^^^^^^^^^^^^^^^^^^^^^^^^^^^^^^^^^^^^^^^^^^^^^^^^^
  File "/root/Bot-checkin-Telegram/venv/lib/python3.12/site-packages/httpcore/_backends/auto.py", line 31, in connect_tcp
    return await self._backend.connect_tcp(
           ^^^^^^^^^^^^^^^^^^^^^^^^^^^^^^^^
  File "/root/Bot-checkin-Telegram/venv/lib/python3.12/site-packages/httpcore/_backends/anyio.py", line 113, in connect_tcp
    with map_exceptions(exc_map):
  File "/usr/lib/python3.12/contextlib.py", line 158, in __exit__
    self.gen.throw(value)
  File "/root/Bot-checkin-Telegram/venv/lib/python3.12/site-packages/httpcore/_exceptions.py", line 14, in map_exceptions
    raise to_exc(exc) from exc
httpcore.ConnectError: [Errno -3] Temporary failure in name resolution

The above exception was the direct cause of the following exception:

Traceback (most recent call last):
  File "/root/Bot-checkin-Telegram/venv/lib/python3.12/site-packages/telegram/request/_httpxrequest.py", line 279, in do_request
    res = await self._client.request(
          ^^^^^^^^^^^^^^^^^^^^^^^^^^^
  File "/root/Bot-checkin-Telegram/venv/lib/python3.12/site-packages/httpx/_client.py", line 1540, in request
    return await self.send(request, auth=auth, follow_redirects=follow_redirects)
           ^^^^^^^^^^^^^^^^^^^^^^^^^^^^^^^^^^^^^^^^^^^^^^^^^^^^^^^^^^^^^^^^^^^^^^
  File "/root/Bot-checkin-Telegram/venv/lib/python3.12/site-packages/httpx/_client.py", line 1629, in send
    response = await self._send_handling_auth(
               ^^^^^^^^^^^^^^^^^^^^^^^^^^^^^^^
  File "/root/Bot-checkin-Telegram/venv/lib/python3.12/site-packages/httpx/_client.py", line 1657, in _send_handling_auth
    response = await self._send_handling_redirects(
               ^^^^^^^^^^^^^^^^^^^^^^^^^^^^^^^^^^^^
  File "/root/Bot-checkin-Telegram/venv/lib/python3.12/site-packages/httpx/_client.py", line 1694, in _send_handling_redirects
    response = await self._send_single_request(request)
               ^^^^^^^^^^^^^^^^^^^^^^^^^^^^^^^^^^^^^^^^
  File "/root/Bot-checkin-Telegram/venv/lib/python3.12/site-packages/httpx/_client.py", line 1730, in _send_single_request
    response = await transport.handle_async_request(request)
               ^^^^^^^^^^^^^^^^^^^^^^^^^^^^^^^^^^^^^^^^^^^^^
  File "/root/Bot-checkin-Telegram/venv/lib/python3.12/site-packages/httpx/_transports/default.py", line 393, in handle_async_request
    with map_httpcore_exceptions():
  File "/usr/lib/python3.12/contextlib.py", line 158, in __exit__
    self.gen.throw(value)
  File "/root/Bot-checkin-Telegram/venv/lib/python3.12/site-packages/httpx/_transports/default.py", line 118, in map_httpcore_exceptions
    raise mapped_exc(message) from exc
httpx.ConnectError: [Errno -3] Temporary failure in name resolution

The above exception was the direct cause of the following exception:

Traceback (most recent call last):
  File "/root/Bot-checkin-Telegram/venv/lib/python3.12/site-packages/telegram/ext/_utils/networkloop.py", line 134, in network_retry_loop
    await do_action()
  File "/root/Bot-checkin-Telegram/venv/lib/python3.12/site-packages/telegram/ext/_utils/networkloop.py", line 109, in do_action
    await action_cb()
  File "/root/Bot-checkin-Telegram/venv/lib/python3.12/site-packages/telegram/ext/_application.py", line 489, in initialize
    await self.bot.initialize()
  File "/root/Bot-checkin-Telegram/venv/lib/python3.12/site-packages/telegram/ext/_extbot.py", line 318, in initialize
    await super().initialize()
  File "/root/Bot-checkin-Telegram/venv/lib/python3.12/site-packages/telegram/_bot.py", line 854, in initialize
    await self.get_me()
  File "/root/Bot-checkin-Telegram/venv/lib/python3.12/site-packages/telegram/ext/_extbot.py", line 1999, in get_me
    return await super().get_me(
           ^^^^^^^^^^^^^^^^^^^^^
  File "/root/Bot-checkin-Telegram/venv/lib/python3.12/site-packages/telegram/_bot.py", line 985, in get_me
    result = await self._post(
             ^^^^^^^^^^^^^^^^^
  File "/root/Bot-checkin-Telegram/venv/lib/python3.12/site-packages/telegram/_bot.py", line 703, in _post
    return await self._do_post(
           ^^^^^^^^^^^^^^^^^^^^
  File "/root/Bot-checkin-Telegram/venv/lib/python3.12/site-packages/telegram/ext/_extbot.py", line 372, in _do_post
    return await super()._do_post(
           ^^^^^^^^^^^^^^^^^^^^^^^
  File "/root/Bot-checkin-Telegram/venv/lib/python3.12/site-packages/telegram/_bot.py", line 732, in _do_post
    result = await request.post(
             ^^^^^^^^^^^^^^^^^^^
  File "/root/Bot-checkin-Telegram/venv/lib/python3.12/site-packages/telegram/request/_baserequest.py", line 198, in post
    result = await self._request_wrapper(
             ^^^^^^^^^^^^^^^^^^^^^^^^^^^^
  File "/root/Bot-checkin-Telegram/venv/lib/python3.12/site-packages/telegram/request/_baserequest.py", line 305, in _request_wrapper
    code, payload = await self.do_request(
                    ^^^^^^^^^^^^^^^^^^^^^^
  File "/root/Bot-checkin-Telegram/venv/lib/python3.12/site-packages/telegram/request/_httpxrequest.py", line 303, in do_request
    raise NetworkError(f"httpx.{err.__class__.__name__}: {err}") from err
telegram.error.NetworkError: httpx.ConnectError: [Errno -3] Temporary failure in name resolution
2025-12-28 08:16:04,873 - __main__ - ERROR - Fatal error: httpx.ConnectError: [Errno -3] Temporary failure in name resolution
Traceback (most recent call last):
  File "/root/Bot-checkin-Telegram/venv/lib/python3.12/site-packages/httpx/_transports/default.py", line 101, in map_httpcore_exceptions
    yield
  File "/root/Bot-checkin-Telegram/venv/lib/python3.12/site-packages/httpx/_transports/default.py", line 394, in handle_async_request
    resp = await self._pool.handle_async_request(req)
           ^^^^^^^^^^^^^^^^^^^^^^^^^^^^^^^^^^^^^^^^^^
  File "/root/Bot-checkin-Telegram/venv/lib/python3.12/site-packages/httpcore/_async/connection_pool.py", line 256, in handle_async_request
    raise exc from None
  File "/root/Bot-checkin-Telegram/venv/lib/python3.12/site-packages/httpcore/_async/connection_pool.py", line 236, in handle_async_request
    response = await connection.handle_async_request(
               ^^^^^^^^^^^^^^^^^^^^^^^^^^^^^^^^^^^^^^
  File "/root/Bot-checkin-Telegram/venv/lib/python3.12/site-packages/httpcore/_async/connection.py", line 101, in handle_async_request
    raise exc
  File "/root/Bot-checkin-Telegram/venv/lib/python3.12/site-packages/httpcore/_async/connection.py", line 78, in handle_async_request
    stream = await self._connect(request)
             ^^^^^^^^^^^^^^^^^^^^^^^^^^^^
  File "/root/Bot-checkin-Telegram/venv/lib/python3.12/site-packages/httpcore/_async/connection.py", line 124, in _connect
    stream = await self._network_backend.connect_tcp(**kwargs)
             ^^^^^^^^^^^^^^^^^^^^^^^^^^^^^^^^^^^^^^^^^^^^^^^^^
  File "/root/Bot-checkin-Telegram/venv/lib/python3.12/site-packages/httpcore/_backends/auto.py", line 31, in connect_tcp
    return await self._backend.connect_tcp(
           ^^^^^^^^^^^^^^^^^^^^^^^^^^^^^^^^
  File "/root/Bot-checkin-Telegram/venv/lib/python3.12/site-packages/httpcore/_backends/anyio.py", line 113, in connect_tcp
    with map_exceptions(exc_map):
  File "/usr/lib/python3.12/contextlib.py", line 158, in __exit__
    self.gen.throw(value)
  File "/root/Bot-checkin-Telegram/venv/lib/python3.12/site-packages/httpcore/_exceptions.py", line 14, in map_exceptions
    raise to_exc(exc) from exc
httpcore.ConnectError: [Errno -3] Temporary failure in name resolution

The above exception was the direct cause of the following exception:

Traceback (most recent call last):
  File "/root/Bot-checkin-Telegram/venv/lib/python3.12/site-packages/telegram/request/_httpxrequest.py", line 279, in do_request
    res = await self._client.request(
          ^^^^^^^^^^^^^^^^^^^^^^^^^^^
  File "/root/Bot-checkin-Telegram/venv/lib/python3.12/site-packages/httpx/_client.py", line 1540, in request
    return await self.send(request, auth=auth, follow_redirects=follow_redirects)
           ^^^^^^^^^^^^^^^^^^^^^^^^^^^^^^^^^^^^^^^^^^^^^^^^^^^^^^^^^^^^^^^^^^^^^^
  File "/root/Bot-checkin-Telegram/venv/lib/python3.12/site-packages/httpx/_client.py", line 1629, in send
    response = await self._send_handling_auth(
               ^^^^^^^^^^^^^^^^^^^^^^^^^^^^^^^
  File "/root/Bot-checkin-Telegram/venv/lib/python3.12/site-packages/httpx/_client.py", line 1657, in _send_handling_auth
    response = await self._send_handling_redirects(
               ^^^^^^^^^^^^^^^^^^^^^^^^^^^^^^^^^^^^
  File "/root/Bot-checkin-Telegram/venv/lib/python3.12/site-packages/httpx/_client.py", line 1694, in _send_handling_redirects
    response = await self._send_single_request(request)
               ^^^^^^^^^^^^^^^^^^^^^^^^^^^^^^^^^^^^^^^^
  File "/root/Bot-checkin-Telegram/venv/lib/python3.12/site-packages/httpx/_client.py", line 1730, in _send_single_request
    response = await transport.handle_async_request(request)
               ^^^^^^^^^^^^^^^^^^^^^^^^^^^^^^^^^^^^^^^^^^^^^
  File "/root/Bot-checkin-Telegram/venv/lib/python3.12/site-packages/httpx/_transports/default.py", line 393, in handle_async_request
    with map_httpcore_exceptions():
  File "/usr/lib/python3.12/contextlib.py", line 158, in __exit__
    self.gen.throw(value)
  File "/root/Bot-checkin-Telegram/venv/lib/python3.12/site-packages/httpx/_transports/default.py", line 118, in map_httpcore_exceptions
    raise mapped_exc(message) from exc
httpx.ConnectError: [Errno -3] Temporary failure in name resolution

The above exception was the direct cause of the following exception:

Traceback (most recent call last):
  File "/root/Bot-checkin-Telegram/src/main.py", line 76, in main
    app.run_polling(
  File "/root/Bot-checkin-Telegram/venv/lib/python3.12/site-packages/telegram/ext/_application.py", line 839, in run_polling
    return self.__run(
           ^^^^^^^^^^^
  File "/root/Bot-checkin-Telegram/venv/lib/python3.12/site-packages/telegram/ext/_application.py", line 1054, in __run
    loop.run_until_complete(self._bootstrap_initialize(max_retries=bootstrap_retries))
  File "/usr/lib/python3.12/asyncio/base_events.py", line 687, in run_until_complete
    return future.result()
           ^^^^^^^^^^^^^^^
  File "/root/Bot-checkin-Telegram/venv/lib/python3.12/site-packages/telegram/ext/_application.py", line 1014, in _bootstrap_initialize
    await network_retry_loop(
  File "/root/Bot-checkin-Telegram/venv/lib/python3.12/site-packages/telegram/ext/_utils/networkloop.py", line 134, in network_retry_loop
    await do_action()
  File "/root/Bot-checkin-Telegram/venv/lib/python3.12/site-packages/telegram/ext/_utils/networkloop.py", line 109, in do_action
    await action_cb()
  File "/root/Bot-checkin-Telegram/venv/lib/python3.12/site-packages/telegram/ext/_application.py", line 489, in initialize
    await self.bot.initialize()
  File "/root/Bot-checkin-Telegram/venv/lib/python3.12/site-packages/telegram/ext/_extbot.py", line 318, in initialize
    await super().initialize()
  File "/root/Bot-checkin-Telegram/venv/lib/python3.12/site-packages/telegram/_bot.py", line 854, in initialize
    await self.get_me()
  File "/root/Bot-checkin-Telegram/venv/lib/python3.12/site-packages/telegram/ext/_extbot.py", line 1999, in get_me
    return await super().get_me(
           ^^^^^^^^^^^^^^^^^^^^^
  File "/root/Bot-checkin-Telegram/venv/lib/python3.12/site-packages/telegram/_bot.py", line 985, in get_me
    result = await self._post(
             ^^^^^^^^^^^^^^^^^
  File "/root/Bot-checkin-Telegram/venv/lib/python3.12/site-packages/telegram/_bot.py", line 703, in _post
    return await self._do_post(
           ^^^^^^^^^^^^^^^^^^^^
  File "/root/Bot-checkin-Telegram/venv/lib/python3.12/site-packages/telegram/ext/_extbot.py", line 372, in _do_post
    return await super()._do_post(
           ^^^^^^^^^^^^^^^^^^^^^^^
  File "/root/Bot-checkin-Telegram/venv/lib/python3.12/site-packages/telegram/_bot.py", line 732, in _do_post
    result = await request.post(
             ^^^^^^^^^^^^^^^^^^^
  File "/root/Bot-checkin-Telegram/venv/lib/python3.12/site-packages/telegram/request/_baserequest.py", line 198, in post
    result = await self._request_wrapper(
             ^^^^^^^^^^^^^^^^^^^^^^^^^^^^
  File "/root/Bot-checkin-Telegram/venv/lib/python3.12/site-packages/telegram/request/_baserequest.py", line 305, in _request_wrapper
    code, payload = await self.do_request(
                    ^^^^^^^^^^^^^^^^^^^^^^
  File "/root/Bot-checkin-Telegram/venv/lib/python3.12/site-packages/telegram/request/_httpxrequest.py", line 303, in do_request
    raise NetworkError(f"httpx.{err.__class__.__name__}: {err}") from err
telegram.error.NetworkError: httpx.ConnectError: [Errno -3] Temporary failure in name resolution
2025-12-28 08:16:04,873 - __main__ - ERROR - Fatal error: httpx.ConnectError: [Errno -3] Temporary failure in name resolution
Traceback (most recent call last):
  File "/root/Bot-checkin-Telegram/venv/lib/python3.12/site-packages/httpx/_transports/default.py", line 101, in map_httpcore_exceptions
    yield
  File "/root/Bot-checkin-Telegram/venv/lib/python3.12/site-packages/httpx/_transports/default.py", line 394, in handle_async_request
    resp = await self._pool.handle_async_request(req)
           ^^^^^^^^^^^^^^^^^^^^^^^^^^^^^^^^^^^^^^^^^^
  File "/root/Bot-checkin-Telegram/venv/lib/python3.12/site-packages/httpcore/_async/connection_pool.py", line 256, in handle_async_request
    raise exc from None
  File "/root/Bot-checkin-Telegram/venv/lib/python3.12/site-packages/httpcore/_async/connection_pool.py", line 236, in handle_async_request
    response = await connection.handle_async_request(
               ^^^^^^^^^^^^^^^^^^^^^^^^^^^^^^^^^^^^^^
  File "/root/Bot-checkin-Telegram/venv/lib/python3.12/site-packages/httpcore/_async/connection.py", line 101, in handle_async_request
    raise exc
  File "/root/Bot-checkin-Telegram/venv/lib/python3.12/site-packages/httpcore/_async/connection.py", line 78, in handle_async_request
    stream = await self._connect(request)
             ^^^^^^^^^^^^^^^^^^^^^^^^^^^^
  File "/root/Bot-checkin-Telegram/venv/lib/python3.12/site-packages/httpcore/_async/connection.py", line 124, in _connect
    stream = await self._network_backend.connect_tcp(**kwargs)
             ^^^^^^^^^^^^^^^^^^^^^^^^^^^^^^^^^^^^^^^^^^^^^^^^^
  File "/root/Bot-checkin-Telegram/venv/lib/python3.12/site-packages/httpcore/_backends/auto.py", line 31, in connect_tcp
    return await self._backend.connect_tcp(
           ^^^^^^^^^^^^^^^^^^^^^^^^^^^^^^^^
  File "/root/Bot-checkin-Telegram/venv/lib/python3.12/site-packages/httpcore/_backends/anyio.py", line 113, in connect_tcp
    with map_exceptions(exc_map):
  File "/usr/lib/python3.12/contextlib.py", line 158, in __exit__
    self.gen.throw(value)
  File "/root/Bot-checkin-Telegram/venv/lib/python3.12/site-packages/httpcore/_exceptions.py", line 14, in map_exceptions
    raise to_exc(exc) from exc
httpcore.ConnectError: [Errno -3] Temporary failure in name resolution

The above exception was the direct cause of the following exception:

Traceback (most recent call last):
  File "/root/Bot-checkin-Telegram/venv/lib/python3.12/site-packages/telegram/request/_httpxrequest.py", line 279, in do_request
    res = await self._client.request(
          ^^^^^^^^^^^^^^^^^^^^^^^^^^^
  File "/root/Bot-checkin-Telegram/venv/lib/python3.12/site-packages/httpx/_client.py", line 1540, in request
    return await self.send(request, auth=auth, follow_redirects=follow_redirects)
           ^^^^^^^^^^^^^^^^^^^^^^^^^^^^^^^^^^^^^^^^^^^^^^^^^^^^^^^^^^^^^^^^^^^^^^
  File "/root/Bot-checkin-Telegram/venv/lib/python3.12/site-packages/httpx/_client.py", line 1629, in send
    response = await self._send_handling_auth(
               ^^^^^^^^^^^^^^^^^^^^^^^^^^^^^^^
  File "/root/Bot-checkin-Telegram/venv/lib/python3.12/site-packages/httpx/_client.py", line 1657, in _send_handling_auth
    response = await self._send_handling_redirects(
               ^^^^^^^^^^^^^^^^^^^^^^^^^^^^^^^^^^^^
  File "/root/Bot-checkin-Telegram/venv/lib/python3.12/site-packages/httpx/_client.py", line 1694, in _send_handling_redirects
    response = await self._send_single_request(request)
               ^^^^^^^^^^^^^^^^^^^^^^^^^^^^^^^^^^^^^^^^
  File "/root/Bot-checkin-Telegram/venv/lib/python3.12/site-packages/httpx/_client.py", line 1730, in _send_single_request
    response = await transport.handle_async_request(request)
               ^^^^^^^^^^^^^^^^^^^^^^^^^^^^^^^^^^^^^^^^^^^^^
  File "/root/Bot-checkin-Telegram/venv/lib/python3.12/site-packages/httpx/_transports/default.py", line 393, in handle_async_request
    with map_httpcore_exceptions():
  File "/usr/lib/python3.12/contextlib.py", line 158, in __exit__
    self.gen.throw(value)
  File "/root/Bot-checkin-Telegram/venv/lib/python3.12/site-packages/httpx/_transports/default.py", line 118, in map_httpcore_exceptions
    raise mapped_exc(message) from exc
httpx.ConnectError: [Errno -3] Temporary failure in name resolution

The above exception was the direct cause of the following exception:

Traceback (most recent call last):
  File "/root/Bot-checkin-Telegram/src/main.py", line 76, in main
    app.run_polling(
  File "/root/Bot-checkin-Telegram/venv/lib/python3.12/site-packages/telegram/ext/_application.py", line 839, in run_polling
    return self.__run(
           ^^^^^^^^^^^
  File "/root/Bot-checkin-Telegram/venv/lib/python3.12/site-packages/telegram/ext/_application.py", line 1054, in __run
    loop.run_until_complete(self._bootstrap_initialize(max_retries=bootstrap_retries))
  File "/usr/lib/python3.12/asyncio/base_events.py", line 687, in run_until_complete
    return future.result()
           ^^^^^^^^^^^^^^^
  File "/root/Bot-checkin-Telegram/venv/lib/python3.12/site-packages/telegram/ext/_application.py", line 1014, in _bootstrap_initialize
    await network_retry_loop(
  File "/root/Bot-checkin-Telegram/venv/lib/python3.12/site-packages/telegram/ext/_utils/networkloop.py", line 134, in network_retry_loop
    await do_action()
  File "/root/Bot-checkin-Telegram/venv/lib/python3.12/site-packages/telegram/ext/_utils/networkloop.py", line 109, in do_action
    await action_cb()
  File "/root/Bot-checkin-Telegram/venv/lib/python3.12/site-packages/telegram/ext/_application.py", line 489, in initialize
    await self.bot.initialize()
  File "/root/Bot-checkin-Telegram/venv/lib/python3.12/site-packages/telegram/ext/_extbot.py", line 318, in initialize
    await super().initialize()
  File "/root/Bot-checkin-Telegram/venv/lib/python3.12/site-packages/telegram/_bot.py", line 854, in initialize
    await self.get_me()
  File "/root/Bot-checkin-Telegram/venv/lib/python3.12/site-packages/telegram/ext/_extbot.py", line 1999, in get_me
    return await super().get_me(
           ^^^^^^^^^^^^^^^^^^^^^
  File "/root/Bot-checkin-Telegram/venv/lib/python3.12/site-packages/telegram/_bot.py", line 985, in get_me
    result = await self._post(
             ^^^^^^^^^^^^^^^^^
  File "/root/Bot-checkin-Telegram/venv/lib/python3.12/site-packages/telegram/_bot.py", line 703, in _post
    return await self._do_post(
           ^^^^^^^^^^^^^^^^^^^^
  File "/root/Bot-checkin-Telegram/venv/lib/python3.12/site-packages/telegram/ext/_extbot.py", line 372, in _do_post
    return await super()._do_post(
           ^^^^^^^^^^^^^^^^^^^^^^^
  File "/root/Bot-checkin-Telegram/venv/lib/python3.12/site-packages/telegram/_bot.py", line 732, in _do_post
    result = await request.post(
             ^^^^^^^^^^^^^^^^^^^
  File "/root/Bot-checkin-Telegram/venv/lib/python3.12/site-packages/telegram/request/_baserequest.py", line 198, in post
    result = await self._request_wrapper(
             ^^^^^^^^^^^^^^^^^^^^^^^^^^^^
  File "/root/Bot-checkin-Telegram/venv/lib/python3.12/site-packages/telegram/request/_baserequest.py", line 305, in _request_wrapper
    code, payload = await self.do_request(
                    ^^^^^^^^^^^^^^^^^^^^^^
  File "/root/Bot-checkin-Telegram/venv/lib/python3.12/site-packages/telegram/request/_httpxrequest.py", line 303, in do_request
    raise NetworkError(f"httpx.{err.__class__.__name__}: {err}") from err
telegram.error.NetworkError: httpx.ConnectError: [Errno -3] Temporary failure in name resolution
2025-12-28 08:16:04,874 - __main__ - INFO - Bot shutdown complete.
2025-12-28 08:16:04,874 - __main__ - INFO - Bot shutdown complete.
2025-12-28 08:25:40,802 - __main__ - INFO - ==================================================
2025-12-28 08:25:40,802 - __main__ - INFO - ==================================================
2025-12-28 08:25:40,802 - __main__ - INFO - Starting Telegram Attendance Bot...
2025-12-28 08:25:40,802 - __main__ - INFO - Starting Telegram Attendance Bot...
2025-12-28 08:25:40,803 - __main__ - INFO - Database: sqlite:///./attendance.db
2025-12-28 08:25:40,803 - __main__ - INFO - Database: sqlite:///./attendance.db
2025-12-28 08:25:40,803 - __main__ - INFO - Timezone: Asia/Ho_Chi_Minh
2025-12-28 08:25:40,803 - __main__ - INFO - Timezone: Asia/Ho_Chi_Minh
2025-12-28 08:25:40,803 - __main__ - INFO - Work start: 17:45
2025-12-28 08:25:40,803 - __main__ - INFO - Work start: 17:45
2025-12-28 08:25:40,803 - __main__ - INFO - Late threshold: 1440 minutes
2025-12-28 08:25:40,803 - __main__ - INFO - Late threshold: 1440 minutes
2025-12-28 08:25:40,803 - __main__ - INFO - Geofence radius: 50.0m
2025-12-28 08:25:40,803 - __main__ - INFO - Geofence radius: 50.0m
2025-12-28 08:25:40,803 - __main__ - INFO - Super admins: [5934905697]
2025-12-28 08:25:40,803 - __main__ - INFO - Super admins: [5934905697]
2025-12-28 08:25:40,803 - __main__ - INFO - ==================================================
2025-12-28 08:25:40,803 - __main__ - INFO - ==================================================
2025-12-28 08:25:40,803 - __main__ - INFO - Creating bot application...
2025-12-28 08:25:40,803 - __main__ - INFO - Creating bot application...
2025-12-28 08:25:41,046 - __main__ - INFO - Bot is running. Press Ctrl+C to stop.
2025-12-28 08:25:41,046 - __main__ - INFO - Bot is running. Press Ctrl+C to stop.
2025-12-28 08:25:42,045 - telegram.ext.Application - INFO - Application started
2025-12-28 08:25:42,045 - telegram.ext.Application - INFO - Application started
2025-12-28 08:27:26,522 - src.bot.handlers.start - INFO - Start command from user 5934905697 (Nguyen Quang Khai)
2025-12-28 08:27:26,522 - src.bot.handlers.start - INFO - Start command from user 5934905697 (Nguyen Quang Khai)
2025-12-28 08:28:28,451 - src.services.geolocation - INFO - Created location: Yuyu at (21.015329, 105.839114) with radius 50m
2025-12-28 08:28:28,451 - src.services.geolocation - INFO - Created location: Yuyu at (21.015329, 105.839114) with radius 50m
2025-12-28 08:28:28,885 - src.bot.handlers.admin - INFO - Meeting created: Ayy by user 5934905697
2025-12-28 08:28:28,885 - src.bot.handlers.admin - INFO - Meeting created: Ayy by user 5934905697
2025-12-28 08:28:45,654 - src.bot.handlers.evidence - INFO - Evidence created: #4 by Nguyen Quang Khai - 202418923 (5934905697) - 10 points
2025-12-28 08:28:45,654 - src.bot.handlers.evidence - INFO - Evidence created: #4 by Nguyen Quang Khai - 202418923 (5934905697) - 10 points
2025-12-28 08:34:03,005 - src.bot.middlewares - INFO - Action 'checkout' started by user 7837391183 (Minh Ngoc)
2025-12-28 08:34:03,005 - src.bot.middlewares - INFO - Action 'checkout' started by user 7837391183 (Minh Ngoc)
2025-12-28 08:34:03,482 - src.bot.middlewares - INFO - Action 'checkout' completed successfully for user 7837391183
2025-12-28 08:34:03,482 - src.bot.middlewares - INFO - Action 'checkout' completed successfully for user 7837391183
2025-12-28 08:34:46,917 - src.bot.handlers.evidence - INFO - Evidence created: #5 by Nhomp (7837391183) - 15 points
2025-12-28 08:34:46,917 - src.bot.handlers.evidence - INFO - Evidence created: #5 by Nhomp (7837391183) - 15 points
2025-12-28 08:36:03,564 - src.bot.middlewares - INFO - Action 'broadcast' started by user 5934905697 (Nguyen Quang Khai)
2025-12-28 08:36:03,564 - src.bot.middlewares - INFO - Action 'broadcast' started by user 5934905697 (Nguyen Quang Khai)
2025-12-28 08:36:05,858 - src.bot.middlewares - INFO - Action 'broadcast' completed successfully for user 5934905697
2025-12-28 08:36:05,858 - src.bot.middlewares - INFO - Action 'broadcast' completed successfully for user 5934905697
2025-12-28 08:39:04,909 - telegram.ext.Application - INFO - Application is stopping. This might take a moment.
2025-12-28 08:39:04,909 - telegram.ext.Application - INFO - Application is stopping. This might take a moment.
2025-12-28 08:39:04,909 - telegram.ext.Application - INFO - Application.stop() complete
2025-12-28 08:39:04,909 - telegram.ext.Application - INFO - Application.stop() complete
2025-12-28 08:39:04,910 - __main__ - INFO - Bot shutdown complete.
2025-12-28 08:39:04,910 - __main__ - INFO - Bot shutdown complete.
2025-12-28 08:39:12,490 - __main__ - INFO - ==================================================
2025-12-28 08:39:12,490 - __main__ - INFO - ==================================================
2025-12-28 08:39:12,490 - __main__ - INFO - Starting Telegram Attendance Bot...
2025-12-28 08:39:12,490 - __main__ - INFO - Starting Telegram Attendance Bot...
2025-12-28 08:39:12,490 - __main__ - INFO - Database: sqlite:///./attendance.db
2025-12-28 08:39:12,490 - __main__ - INFO - Database: sqlite:///./attendance.db
2025-12-28 08:39:12,490 - __main__ - INFO - Timezone: Asia/Ho_Chi_Minh
2025-12-28 08:39:12,490 - __main__ - INFO - Timezone: Asia/Ho_Chi_Minh
2025-12-28 08:39:12,490 - __main__ - INFO - Work start: 17:45
2025-12-28 08:39:12,490 - __main__ - INFO - Work start: 17:45
2025-12-28 08:39:12,490 - __main__ - INFO - Late threshold: 1440 minutes
2025-12-28 08:39:12,490 - __main__ - INFO - Late threshold: 1440 minutes
2025-12-28 08:39:12,490 - __main__ - INFO - Geofence radius: 50.0m
2025-12-28 08:39:12,490 - __main__ - INFO - Geofence radius: 50.0m
2025-12-28 08:39:12,490 - __main__ - INFO - Super admins: [5934905697]
2025-12-28 08:39:12,490 - __main__ - INFO - Super admins: [5934905697]
2025-12-28 08:39:12,490 - __main__ - INFO - ==================================================
2025-12-28 08:39:12,490 - __main__ - INFO - ==================================================
2025-12-28 08:39:12,490 - __main__ - INFO - Creating bot application...
2025-12-28 08:39:12,490 - __main__ - INFO - Creating bot application...
2025-12-28 08:39:12,754 - __main__ - INFO - Bot is running. Press Ctrl+C to stop.
2025-12-28 08:39:12,754 - __main__ - INFO - Bot is running. Press Ctrl+C to stop.
2025-12-28 08:39:13,751 - telegram.ext.Application - INFO - Application started
2025-12-28 08:39:13,751 - telegram.ext.Application - INFO - Application started
2025-12-28 08:41:05,357 - src.bot.handlers.checkin - INFO - User 5934905697 checked in to meeting 2 at location Yuyu (21.015339, 105.839076)
2025-12-28 08:41:05,357 - src.bot.handlers.checkin - INFO - User 5934905697 checked in to meeting 2 at location Yuyu (21.015339, 105.839076)
2025-12-28 08:41:08,593 - src.bot.middlewares - INFO - Action 'checkout' started by user 5934905697 (Nguyen Quang Khai)
2025-12-28 08:41:08,593 - src.bot.middlewares - INFO - Action 'checkout' started by user 5934905697 (Nguyen Quang Khai)
2025-12-28 08:41:09,069 - src.bot.middlewares - INFO - Action 'checkout' completed successfully for user 5934905697
2025-12-28 08:41:09,069 - src.bot.middlewares - INFO - Action 'checkout' completed successfully for user 5934905697
2025-12-28 08:43:00,963 - src.bot.middlewares - INFO - Action 'delete_location' started by user 5934905697 (Nguyen Quang Khai)
2025-12-28 08:43:00,963 - src.bot.middlewares - INFO - Action 'delete_location' started by user 5934905697 (Nguyen Quang Khai)
2025-12-28 08:43:00,966 - src.services.geolocation - INFO - Updated location 1: {'is_active': False}
2025-12-28 08:43:00,966 - src.services.geolocation - INFO - Updated location 1: {'is_active': False}
2025-12-28 08:43:01,872 - src.bot.middlewares - INFO - Action 'delete_location' completed successfully for user 5934905697
2025-12-28 08:43:01,872 - src.bot.middlewares - INFO - Action 'delete_location' completed successfully for user 5934905697
2025-12-28 08:43:08,274 - telegram.ext.Application - INFO - Application is stopping. This might take a moment.
2025-12-28 08:43:08,274 - telegram.ext.Application - INFO - Application is stopping. This might take a moment.
2025-12-28 08:43:08,274 - telegram.ext.Application - INFO - Application.stop() complete
2025-12-28 08:43:08,274 - telegram.ext.Application - INFO - Application.stop() complete
2025-12-28 08:43:08,275 - __main__ - INFO - Bot shutdown complete.
2025-12-28 08:43:08,275 - __main__ - INFO - Bot shutdown complete.
2025-12-28 08:43:17,871 - __main__ - INFO - ==================================================
2025-12-28 08:43:17,871 - __main__ - INFO - ==================================================
2025-12-28 08:43:17,872 - __main__ - INFO - Starting Telegram Attendance Bot...
2025-12-28 08:43:17,872 - __main__ - INFO - Starting Telegram Attendance Bot...
2025-12-28 08:43:17,872 - __main__ - INFO - Database: sqlite:///./attendance.db
2025-12-28 08:43:17,872 - __main__ - INFO - Database: sqlite:///./attendance.db
2025-12-28 08:43:17,872 - __main__ - INFO - Timezone: Asia/Ho_Chi_Minh
2025-12-28 08:43:17,872 - __main__ - INFO - Timezone: Asia/Ho_Chi_Minh
2025-12-28 08:43:17,872 - __main__ - INFO - Work start: 17:45
2025-12-28 08:43:17,872 - __main__ - INFO - Work start: 17:45
2025-12-28 08:43:17,872 - __main__ - INFO - Late threshold: 1440 minutes
2025-12-28 08:43:17,872 - __main__ - INFO - Late threshold: 1440 minutes
2025-12-28 08:43:17,872 - __main__ - INFO - Geofence radius: 50.0m
2025-12-28 08:43:17,872 - __main__ - INFO - Geofence radius: 50.0m
2025-12-28 08:43:17,872 - __main__ - INFO - Super admins: [5934905697]
2025-12-28 08:43:17,872 - __main__ - INFO - Super admins: [5934905697]
2025-12-28 08:43:17,872 - __main__ - INFO - ==================================================
2025-12-28 08:43:17,872 - __main__ - INFO - ==================================================
2025-12-28 08:43:17,872 - __main__ - INFO - Creating bot application...
2025-12-28 08:43:17,872 - __main__ - INFO - Creating bot application...
2025-12-28 08:43:18,120 - __main__ - INFO - Bot is running. Press Ctrl+C to stop.
2025-12-28 08:43:18,120 - __main__ - INFO - Bot is running. Press Ctrl+C to stop.
2025-12-28 08:43:19,314 - telegram.ext.Application - INFO - Application started
2025-12-28 08:43:19,314 - telegram.ext.Application - INFO - Application started
2025-12-28 08:43:33,709 - src.bot.middlewares - INFO - Action 'delete_location' started by user 5934905697 (Nguyen Quang Khai)
2025-12-28 08:43:33,709 - src.bot.middlewares - INFO - Action 'delete_location' started by user 5934905697 (Nguyen Quang Khai)
2025-12-28 08:43:34,116 - src.bot.middlewares - INFO - Action 'delete_location' completed successfully for user 5934905697
2025-12-28 08:43:34,116 - src.bot.middlewares - INFO - Action 'delete_location' completed successfully for user 5934905697
2025-12-28 08:43:37,476 - src.bot.middlewares - INFO - Action 'delete_location' started by user 5934905697 (Nguyen Quang Khai)
2025-12-28 08:43:37,476 - src.bot.middlewares - INFO - Action 'delete_location' started by user 5934905697 (Nguyen Quang Khai)
2025-12-28 08:43:37,950 - src.bot.middlewares - INFO - Action 'delete_location' completed successfully for user 5934905697
2025-12-28 08:43:37,950 - src.bot.middlewares - INFO - Action 'delete_location' completed successfully for user 5934905697
2025-12-28 08:43:55,869 - src.bot.middlewares - INFO - Action 'delete_location' started by user 5934905697 (Nguyen Quang Khai)
2025-12-28 08:43:55,869 - src.bot.middlewares - INFO - Action 'delete_location' started by user 5934905697 (Nguyen Quang Khai)
2025-12-28 08:43:55,872 - src.services.geolocation - INFO - Updated location 1: {'is_active': False}
2025-12-28 08:43:55,872 - src.services.geolocation - INFO - Updated location 1: {'is_active': False}
2025-12-28 08:43:56,827 - src.bot.middlewares - INFO - Action 'delete_location' completed successfully for user 5934905697
2025-12-28 08:43:56,827 - src.bot.middlewares - INFO - Action 'delete_location' completed successfully for user 5934905697
2025-12-28 08:44:01,130 - src.bot.middlewares - INFO - Action 'delete_location' started by user 5934905697 (Nguyen Quang Khai)
2025-12-28 08:44:01,130 - src.bot.middlewares - INFO - Action 'delete_location' started by user 5934905697 (Nguyen Quang Khai)
2025-12-28 08:44:01,132 - src.services.geolocation - INFO - Updated location 2: {'is_active': False}
2025-12-28 08:44:01,132 - src.services.geolocation - INFO - Updated location 2: {'is_active': False}
2025-12-28 08:44:01,627 - src.bot.middlewares - INFO - Action 'delete_location' completed successfully for user 5934905697
2025-12-28 08:44:01,627 - src.bot.middlewares - INFO - Action 'delete_location' completed successfully for user 5934905697
2025-12-28 08:45:54,187 - telegram.ext.Application - INFO - Application is stopping. This might take a moment.
2025-12-28 08:45:54,187 - telegram.ext.Application - INFO - Application is stopping. This might take a moment.
2025-12-28 08:45:54,187 - telegram.ext.Application - INFO - Application.stop() complete
2025-12-28 08:45:54,187 - telegram.ext.Application - INFO - Application.stop() complete
2025-12-28 08:45:54,188 - __main__ - INFO - Bot shutdown complete.
2025-12-28 08:45:54,188 - __main__ - INFO - Bot shutdown complete.
2025-12-28 08:46:01,246 - __main__ - INFO - ==================================================
2025-12-28 08:46:01,246 - __main__ - INFO - ==================================================
2025-12-28 08:46:01,246 - __main__ - INFO - Starting Telegram Attendance Bot...
2025-12-28 08:46:01,246 - __main__ - INFO - Starting Telegram Attendance Bot...
2025-12-28 08:46:01,246 - __main__ - INFO - Database: sqlite:///./attendance.db
2025-12-28 08:46:01,246 - __main__ - INFO - Database: sqlite:///./attendance.db
2025-12-28 08:46:01,246 - __main__ - INFO - Timezone: Asia/Ho_Chi_Minh
2025-12-28 08:46:01,246 - __main__ - INFO - Timezone: Asia/Ho_Chi_Minh
2025-12-28 08:46:01,246 - __main__ - INFO - Work start: 17:45
2025-12-28 08:46:01,246 - __main__ - INFO - Work start: 17:45
2025-12-28 08:46:01,246 - __main__ - INFO - Late threshold: 1440 minutes
2025-12-28 08:46:01,246 - __main__ - INFO - Late threshold: 1440 minutes
2025-12-28 08:46:01,246 - __main__ - INFO - Geofence radius: 50.0m
2025-12-28 08:46:01,246 - __main__ - INFO - Geofence radius: 50.0m
2025-12-28 08:46:01,246 - __main__ - INFO - Super admins: [5934905697]
2025-12-28 08:46:01,246 - __main__ - INFO - Super admins: [5934905697]
2025-12-28 08:46:01,246 - __main__ - INFO - ==================================================
2025-12-28 08:46:01,246 - __main__ - INFO - ==================================================
2025-12-28 08:46:01,246 - __main__ - INFO - Creating bot application...
2025-12-28 08:46:01,246 - __main__ - INFO - Creating bot application...
2025-12-28 08:46:01,372 - __main__ - INFO - Bot is running. Press Ctrl+C to stop.
2025-12-28 08:46:01,372 - __main__ - INFO - Bot is running. Press Ctrl+C to stop.
2025-12-28 08:46:02,309 - telegram.ext.Application - INFO - Application started
2025-12-28 08:46:02,309 - telegram.ext.Application - INFO - Application started
2025-12-28 08:47:07,550 - telegram.ext.Application - INFO - Application is stopping. This might take a moment.
2025-12-28 08:47:07,550 - telegram.ext.Application - INFO - Application is stopping. This might take a moment.
2025-12-28 08:47:07,551 - telegram.ext.Application - INFO - Application.stop() complete
2025-12-28 08:47:07,551 - telegram.ext.Application - INFO - Application.stop() complete
2025-12-28 08:47:07,552 - __main__ - INFO - Bot shutdown complete.
2025-12-28 08:47:07,552 - __main__ - INFO - Bot shutdown complete.
2025-12-28 08:47:25,399 - __main__ - INFO - ==================================================
2025-12-28 08:47:25,399 - __main__ - INFO - ==================================================
2025-12-28 08:47:25,399 - __main__ - INFO - Starting Telegram Attendance Bot...
2025-12-28 08:47:25,399 - __main__ - INFO - Starting Telegram Attendance Bot...
2025-12-28 08:47:25,399 - __main__ - INFO - Database: sqlite:///./attendance.db
2025-12-28 08:47:25,399 - __main__ - INFO - Database: sqlite:///./attendance.db
2025-12-28 08:47:25,399 - __main__ - INFO - Timezone: Asia/Ho_Chi_Minh
2025-12-28 08:47:25,399 - __main__ - INFO - Timezone: Asia/Ho_Chi_Minh
2025-12-28 08:47:25,399 - __main__ - INFO - Work start: 17:45
2025-12-28 08:47:25,399 - __main__ - INFO - Work start: 17:45
2025-12-28 08:47:25,399 - __main__ - INFO - Late threshold: 1440 minutes
2025-12-28 08:47:25,399 - __main__ - INFO - Late threshold: 1440 minutes
2025-12-28 08:47:25,399 - __main__ - INFO - Geofence radius: 50.0m
2025-12-28 08:47:25,399 - __main__ - INFO - Geofence radius: 50.0m
2025-12-28 08:47:25,399 - __main__ - INFO - Super admins: [5934905697]
2025-12-28 08:47:25,399 - __main__ - INFO - Super admins: [5934905697]
2025-12-28 08:47:25,399 - __main__ - INFO - ==================================================
2025-12-28 08:47:25,399 - __main__ - INFO - ==================================================
2025-12-28 08:47:25,399 - __main__ - INFO - Creating bot application...
2025-12-28 08:47:25,399 - __main__ - INFO - Creating bot application...
2025-12-28 08:47:25,543 - __main__ - INFO - Bot is running. Press Ctrl+C to stop.
2025-12-28 08:47:25,543 - __main__ - INFO - Bot is running. Press Ctrl+C to stop.
2025-12-28 08:47:26,586 - telegram.ext.Application - INFO - Application started
2025-12-28 08:47:26,586 - telegram.ext.Application - INFO - Application started
2025-12-28 08:47:43,877 - src.bot.middlewares - INFO - Action 'set_location_start' started by user 5934905697 (Nguyen Quang Khai)
2025-12-28 08:47:43,877 - src.bot.middlewares - INFO - Action 'set_location_start' started by user 5934905697 (Nguyen Quang Khai)
2025-12-28 08:47:44,344 - src.bot.middlewares - INFO - Action 'set_location_start' completed successfully for user 5934905697
2025-12-28 08:47:44,344 - src.bot.middlewares - INFO - Action 'set_location_start' completed successfully for user 5934905697
2025-12-28 08:53:27,307 - src.services.geolocation - INFO - Created location: Au at (21.015321, 105.839071) with radius 50m
2025-12-28 08:53:27,307 - src.services.geolocation - INFO - Created location: Au at (21.015321, 105.839071) with radius 50m
2025-12-28 08:53:27,727 - src.bot.handlers.admin - INFO - Meeting created: Hop by user 5934905697
2025-12-28 08:53:27,727 - src.bot.handlers.admin - INFO - Meeting created: Hop by user 5934905697
2025-12-28 08:54:26,024 - telegram.ext.Application - INFO - Application is stopping. This might take a moment.
2025-12-28 08:54:26,024 - telegram.ext.Application - INFO - Application is stopping. This might take a moment.
2025-12-28 08:54:26,024 - telegram.ext.Application - INFO - Application.stop() complete
2025-12-28 08:54:26,024 - telegram.ext.Application - INFO - Application.stop() complete
2025-12-28 08:54:26,025 - __main__ - INFO - Bot shutdown complete.
2025-12-28 08:54:26,025 - __main__ - INFO - Bot shutdown complete.
2025-12-28 08:54:34,973 - __main__ - INFO - ==================================================
2025-12-28 08:54:34,973 - __main__ - INFO - ==================================================
2025-12-28 08:54:34,973 - __main__ - INFO - Starting Telegram Attendance Bot...
2025-12-28 08:54:34,973 - __main__ - INFO - Starting Telegram Attendance Bot...
2025-12-28 08:54:34,973 - __main__ - INFO - Database: sqlite:///./attendance.db
2025-12-28 08:54:34,973 - __main__ - INFO - Database: sqlite:///./attendance.db
2025-12-28 08:54:34,974 - __main__ - INFO - Timezone: Asia/Ho_Chi_Minh
2025-12-28 08:54:34,974 - __main__ - INFO - Timezone: Asia/Ho_Chi_Minh
2025-12-28 08:54:34,974 - __main__ - INFO - Work start: 17:45
2025-12-28 08:54:34,974 - __main__ - INFO - Work start: 17:45
2025-12-28 08:54:34,974 - __main__ - INFO - Late threshold: 1440 minutes
2025-12-28 08:54:34,974 - __main__ - INFO - Late threshold: 1440 minutes
2025-12-28 08:54:34,974 - __main__ - INFO - Geofence radius: 50.0m
2025-12-28 08:54:34,974 - __main__ - INFO - Geofence radius: 50.0m
2025-12-28 08:54:34,974 - __main__ - INFO - Super admins: [5934905697]
2025-12-28 08:54:34,974 - __main__ - INFO - Super admins: [5934905697]
2025-12-28 08:54:34,974 - __main__ - INFO - ==================================================
2025-12-28 08:54:34,974 - __main__ - INFO - ==================================================
2025-12-28 08:54:34,974 - __main__ - INFO - Creating bot application...
2025-12-28 08:54:34,974 - __main__ - INFO - Creating bot application...
2025-12-28 08:54:35,104 - __main__ - INFO - Bot is running. Press Ctrl+C to stop.
2025-12-28 08:54:35,104 - __main__ - INFO - Bot is running. Press Ctrl+C to stop.
2025-12-28 08:54:36,025 - telegram.ext.Application - INFO - Application started
2025-12-28 08:54:36,025 - telegram.ext.Application - INFO - Application started
2025-12-28 08:57:10,878 - src.bot.middlewares - INFO - Action 'delete_location' started by user 5934905697 (Nguyen Quang Khai)
2025-12-28 08:57:10,878 - src.bot.middlewares - INFO - Action 'delete_location' started by user 5934905697 (Nguyen Quang Khai)
2025-12-28 08:57:11,862 - src.bot.middlewares - INFO - Action 'delete_location' completed successfully for user 5934905697
2025-12-28 08:57:11,862 - src.bot.middlewares - INFO - Action 'delete_location' completed successfully for user 5934905697
2025-12-28 08:57:18,970 - src.bot.middlewares - INFO - Action 'delete_location' started by user 5934905697 (Nguyen Quang Khai)
2025-12-28 08:57:18,970 - src.bot.middlewares - INFO - Action 'delete_location' started by user 5934905697 (Nguyen Quang Khai)
2025-12-28 08:57:18,972 - src.services.geolocation - INFO - Updated location 1: {'is_active': False}
2025-12-28 08:57:18,972 - src.services.geolocation - INFO - Updated location 1: {'is_active': False}
2025-12-28 08:57:19,878 - src.bot.middlewares - INFO - Action 'delete_location' completed successfully for user 5934905697
2025-12-28 08:57:19,878 - src.bot.middlewares - INFO - Action 'delete_location' completed successfully for user 5934905697
2025-12-28 08:57:30,896 - src.bot.middlewares - INFO - Action 'delete_location' started by user 5934905697 (Nguyen Quang Khai)
2025-12-28 08:57:30,896 - src.bot.middlewares - INFO - Action 'delete_location' started by user 5934905697 (Nguyen Quang Khai)
2025-12-28 08:57:30,897 - src.services.geolocation - INFO - Updated location 3: {'is_active': False}
2025-12-28 08:57:30,897 - src.services.geolocation - INFO - Updated location 3: {'is_active': False}
2025-12-28 08:57:31,806 - src.bot.middlewares - INFO - Action 'delete_location' completed successfully for user 5934905697
2025-12-28 08:57:31,806 - src.bot.middlewares - INFO - Action 'delete_location' completed successfully for user 5934905697
2025-12-28 09:07:58,498 - telegram.ext.Application - INFO - Application is stopping. This might take a moment.
2025-12-28 09:07:58,498 - telegram.ext.Application - INFO - Application is stopping. This might take a moment.
2025-12-28 09:07:58,505 - telegram.ext.Application - INFO - Application.stop() complete
2025-12-28 09:07:58,505 - telegram.ext.Application - INFO - Application.stop() complete
2025-12-28 09:07:58,507 - __main__ - INFO - Bot shutdown complete.
2025-12-28 09:07:58,507 - __main__ - INFO - Bot shutdown complete.
2025-12-28 09:08:06,786 - __main__ - INFO - ==================================================
2025-12-28 09:08:06,786 - __main__ - INFO - ==================================================
2025-12-28 09:08:06,786 - __main__ - INFO - Starting Telegram Attendance Bot...
2025-12-28 09:08:06,786 - __main__ - INFO - Starting Telegram Attendance Bot...
2025-12-28 09:08:06,786 - __main__ - INFO - Database: sqlite:///./attendance.db
2025-12-28 09:08:06,786 - __main__ - INFO - Database: sqlite:///./attendance.db
2025-12-28 09:08:06,786 - __main__ - INFO - Timezone: Asia/Ho_Chi_Minh
2025-12-28 09:08:06,786 - __main__ - INFO - Timezone: Asia/Ho_Chi_Minh
2025-12-28 09:08:06,786 - __main__ - INFO - Work start: 17:45
2025-12-28 09:08:06,786 - __main__ - INFO - Work start: 17:45
2025-12-28 09:08:06,786 - __main__ - INFO - Late threshold: 1440 minutes
2025-12-28 09:08:06,786 - __main__ - INFO - Late threshold: 1440 minutes
2025-12-28 09:08:06,786 - __main__ - INFO - Geofence radius: 50.0m
2025-12-28 09:08:06,786 - __main__ - INFO - Geofence radius: 50.0m
2025-12-28 09:08:06,787 - __main__ - INFO - Super admins: [5934905697]
2025-12-28 09:08:06,787 - __main__ - INFO - Super admins: [5934905697]
2025-12-28 09:08:06,787 - __main__ - INFO - ==================================================
2025-12-28 09:08:06,787 - __main__ - INFO - ==================================================
2025-12-28 09:08:06,787 - __main__ - INFO - Creating bot application...
2025-12-28 09:08:06,787 - __main__ - INFO - Creating bot application...
2025-12-28 09:08:07,006 - __main__ - INFO - Bot is running. Press Ctrl+C to stop.
2025-12-28 09:08:07,006 - __main__ - INFO - Bot is running. Press Ctrl+C to stop.
2025-12-28 09:08:08,088 - telegram.ext.Application - INFO - Application started
2025-12-28 09:08:08,088 - telegram.ext.Application - INFO - Application started
2025-12-28 09:10:08,656 - __main__ - INFO - ==================================================
2025-12-28 09:10:08,656 - __main__ - INFO - ==================================================
2025-12-28 09:10:08,657 - __main__ - INFO - Starting Telegram Attendance Bot...
2025-12-28 09:10:08,657 - __main__ - INFO - Starting Telegram Attendance Bot...
2025-12-28 09:10:08,657 - __main__ - INFO - Database: sqlite:///./attendance.db
2025-12-28 09:10:08,657 - __main__ - INFO - Database: sqlite:///./attendance.db
2025-12-28 09:10:08,657 - __main__ - INFO - Timezone: Asia/Ho_Chi_Minh
2025-12-28 09:10:08,657 - __main__ - INFO - Timezone: Asia/Ho_Chi_Minh
2025-12-28 09:10:08,657 - __main__ - INFO - Work start: 17:45
2025-12-28 09:10:08,657 - __main__ - INFO - Work start: 17:45
2025-12-28 09:10:08,657 - __main__ - INFO - Late threshold: 1440 minutes
2025-12-28 09:10:08,657 - __main__ - INFO - Late threshold: 1440 minutes
2025-12-28 09:10:08,657 - __main__ - INFO - Geofence radius: 50.0m
2025-12-28 09:10:08,657 - __main__ - INFO - Geofence radius: 50.0m
2025-12-28 09:10:08,657 - __main__ - INFO - Super admins: [5934905697]
2025-12-28 09:10:08,657 - __main__ - INFO - Super admins: [5934905697]
2025-12-28 09:10:08,657 - __main__ - INFO - ==================================================
2025-12-28 09:10:08,657 - __main__ - INFO - ==================================================
2025-12-28 09:10:08,657 - __main__ - INFO - Creating bot application...
2025-12-28 09:10:08,657 - __main__ - INFO - Creating bot application...
2025-12-28 09:10:08,788 - __main__ - INFO - Bot is running. Press Ctrl+C to stop.
2025-12-28 09:10:08,788 - __main__ - INFO - Bot is running. Press Ctrl+C to stop.
2025-12-28 09:10:09,772 - telegram.ext.Application - INFO - Application started
2025-12-28 09:10:09,772 - telegram.ext.Application - INFO - Application started
2025-12-28 09:11:26,899 - src.services.geolocation - INFO - Created location: Dia diem Ayuu at (21.015326, 105.839052) with radius 50.0m
2025-12-28 09:11:26,899 - src.services.geolocation - INFO - Created location: Dia diem Ayuu at (21.015326, 105.839052) with radius 50.0m
2025-12-28 09:11:27,449 - src.bot.handlers.admin - INFO - Meeting created: Ayuu by user 5934905697
2025-12-28 09:11:27,449 - src.bot.handlers.admin - INFO - Meeting created: Ayuu by user 5934905697
2025-12-28 09:24:38,873 - telegram.ext.Application - INFO - Application is stopping. This might take a moment.
2025-12-28 09:24:38,873 - telegram.ext.Application - INFO - Application is stopping. This might take a moment.
2025-12-28 09:24:38,874 - telegram.ext.Application - INFO - Application.stop() complete
2025-12-28 09:24:38,874 - telegram.ext.Application - INFO - Application.stop() complete
2025-12-28 09:24:38,875 - __main__ - INFO - Bot shutdown complete.
2025-12-28 09:24:38,875 - __main__ - INFO - Bot shutdown complete.
2025-12-28 09:24:47,212 - __main__ - INFO - ==================================================
2025-12-28 09:24:47,212 - __main__ - INFO - ==================================================
2025-12-28 09:24:47,212 - __main__ - INFO - Starting Telegram Attendance Bot...
2025-12-28 09:24:47,212 - __main__ - INFO - Starting Telegram Attendance Bot...
2025-12-28 09:24:47,212 - __main__ - INFO - Database: sqlite:///./attendance.db
2025-12-28 09:24:47,212 - __main__ - INFO - Database: sqlite:///./attendance.db
2025-12-28 09:24:47,212 - __main__ - INFO - Timezone: Asia/Ho_Chi_Minh
2025-12-28 09:24:47,212 - __main__ - INFO - Timezone: Asia/Ho_Chi_Minh
2025-12-28 09:24:47,212 - __main__ - INFO - Work start: 17:45
2025-12-28 09:24:47,212 - __main__ - INFO - Work start: 17:45
2025-12-28 09:24:47,212 - __main__ - INFO - Late threshold: 1440 minutes
2025-12-28 09:24:47,212 - __main__ - INFO - Late threshold: 1440 minutes
2025-12-28 09:24:47,212 - __main__ - INFO - Geofence radius: 50.0m
2025-12-28 09:24:47,212 - __main__ - INFO - Geofence radius: 50.0m
2025-12-28 09:24:47,212 - __main__ - INFO - Super admins: [5934905697]
2025-12-28 09:24:47,212 - __main__ - INFO - Super admins: [5934905697]
2025-12-28 09:24:47,213 - __main__ - INFO - ==================================================
2025-12-28 09:24:47,213 - __main__ - INFO - ==================================================
2025-12-28 09:24:47,213 - __main__ - INFO - Creating bot application...
2025-12-28 09:24:47,213 - __main__ - INFO - Creating bot application...
2025-12-28 09:24:47,230 - src.database.models - INFO - Applied meeting schema migrations: ALTER TABLE meetings ADD COLUMN end_time DATETIME
2025-12-28 09:24:47,230 - src.database.models - INFO - Applied meeting schema migrations: ALTER TABLE meetings ADD COLUMN end_time DATETIME
2025-12-28 09:24:47,437 - __main__ - INFO - Bot is running. Press Ctrl+C to stop.
2025-12-28 09:24:47,437 - __main__ - INFO - Bot is running. Press Ctrl+C to stop.
2025-12-28 09:24:48,480 - telegram.ext.Application - INFO - Application started
2025-12-28 09:24:48,480 - telegram.ext.Application - INFO - Application started
2025-12-28 09:26:32,653 - src.services.geolocation - INFO - Created location: Dia diem Auu at (21.015326, 105.839052) with radius 50.0m
2025-12-28 09:26:32,653 - src.services.geolocation - INFO - Created location: Dia diem Auu at (21.015326, 105.839052) with radius 50.0m
2025-12-28 09:26:33,088 - src.bot.handlers.admin - INFO - Meeting created: Auu by user 5934905697
2025-12-28 09:26:33,088 - src.bot.handlers.admin - INFO - Meeting created: Auu by user 5934905697
